===== Training file list =====
svm_traindata.txt.1a.0.5_0.5.joined_Z_KDP.HourlyAggr
svm_traindata.txt.1a.0.5_0.5.joined_Z_ZDR.HourlyAggr
svm_traindata.txt.1a.0.5_0.5.joined_Z_ZDR_KDP.HourlyAggr
svm_traindata.txt.1a.1.5_1.5.joined_Z_KDP.HourlyAggr
svm_traindata.txt.1a.1.5_1.5.joined_Z_ZDR.HourlyAggr
svm_traindata.txt.1a.1.5_1.5.joined_Z_ZDR_KDP.HourlyAggr
svm_traindata.txt.1a.2.4_2.4.joined_Z_KDP.HourlyAggr
svm_traindata.txt.1a.2.4_2.4.joined_Z_ZDR.HourlyAggr
svm_traindata.txt.1a.2.4_2.4.joined_Z_ZDR_KDP.HourlyAggr
svm_traindata.txt.1a.3.4_3.4.joined_Z_KDP.HourlyAggr
svm_traindata.txt.1a.3.4_3.4.joined_Z_ZDR.HourlyAggr
svm_traindata.txt.1a.3.4_3.4.joined_Z_ZDR_KDP.HourlyAggr
svm_traindata.txt.1a.4.3_4.3.joined_Z_KDP.HourlyAggr
svm_traindata.txt.1a.4.3_4.3.joined_Z_ZDR.HourlyAggr
svm_traindata.txt.1a.4.3_4.3.joined_Z_ZDR_KDP.HourlyAggr
svm_traindata.txt.1a.6.0_6.0.joined_Z_KDP.HourlyAggr
svm_traindata.txt.1a.6.0_6.0.joined_Z_ZDR.HourlyAggr
svm_traindata.txt.1a.6.0_6.0.joined_Z_ZDR_KDP.HourlyAggr
training_data_dir: D:\\svmdata.10minPrecipAsLabel.HourlyAggr\svm_case3.2_merged_all_joined_prod
rainfall_min_value: 0
rainfall_max_value: 100
n_rainfall_indexes(Number of neurons for output-layer): 100
size_hidden_layer(Number of neurons for hidden-layer): 30
kernel type: Sigmoid
epoches: 20
mini_batch_size: 10
training_rate: 2.0

===== svm_traindata.txt.1a.0.5_0.5.joined_Z_KDP.HourlyAggr =====
dimension(Number of neurons for input layer) : 50
number of training examples: 143  test examples: 36
Epoch 0: 0 / 36
Epoch 1: 0 / 36
Epoch 2: 0 / 36
Epoch 9: 2 / 36
Epoch 10: 3 / 36
Epoch 11: 5 / 36
Epoch 12: 5 / 36
Epoch 17: 2 / 36
Epoch 18: 2 / 36
Epoch 19: 5 / 36
Result after 20 epoches: 5 / 36  (13%)

===== svm_traindata.txt.1a.0.5_0.5.joined_Z_ZDR.HourlyAggr =====
dimension(Number of neurons for input layer) : 50
number of training examples: 143  test examples: 36
Epoch 0: 1 / 36
Epoch 1: 3 / 36
Epoch 2: 5 / 36
Epoch 9: 4 / 36
Epoch 10: 4 / 36
Epoch 11: 5 / 36
Epoch 12: 5 / 36
Epoch 17: 3 / 36
Epoch 18: 3 / 36
Epoch 19: 3 / 36
Result after 20 epoches: 3 / 36  (8%)

===== svm_traindata.txt.1a.0.5_0.5.joined_Z_ZDR_KDP.HourlyAggr =====
dimension(Number of neurons for input layer) : 75
number of training examples: 143  test examples: 36
Epoch 0: 0 / 36
Epoch 1: 0 / 36
Epoch 2: 0 / 36
Epoch 9: 0 / 36
Epoch 10: 0 / 36
Epoch 11: 0 / 36
Epoch 12: 0 / 36
Epoch 17: 0 / 36
Epoch 18: 0 / 36
Epoch 19: 0 / 36
Result after 20 epoches: 0 / 36  (0%)

===== svm_traindata.txt.1a.1.5_1.5.joined_Z_KDP.HourlyAggr =====
dimension(Number of neurons for input layer) : 50
number of training examples: 143  test examples: 36
Epoch 0: 0 / 36
Epoch 1: 0 / 36
Epoch 2: 0 / 36
Epoch 9: 4 / 36
Epoch 10: 5 / 36
Epoch 11: 4 / 36
Epoch 12: 4 / 36
Epoch 17: 4 / 36
Epoch 18: 4 / 36
Epoch 19: 4 / 36
Result after 20 epoches: 4 / 36  (11%)

===== svm_traindata.txt.1a.1.5_1.5.joined_Z_ZDR.HourlyAggr =====
dimension(Number of neurons for input layer) : 50
number of training examples: 143  test examples: 36
Epoch 0: 0 / 36
Epoch 1: 1 / 36
Epoch 2: 4 / 36
Epoch 9: 4 / 36
Epoch 10: 4 / 36
Epoch 11: 4 / 36
Epoch 12: 3 / 36
Epoch 17: 3 / 36
Epoch 18: 4 / 36
Epoch 19: 4 / 36
Result after 20 epoches: 4 / 36  (11%)

===== svm_traindata.txt.1a.1.5_1.5.joined_Z_ZDR_KDP.HourlyAggr =====
dimension(Number of neurons for input layer) : 75
number of training examples: 143  test examples: 36
Epoch 0: 1 / 36
Epoch 1: 5 / 36
Epoch 2: 5 / 36
Epoch 9: 5 / 36
Epoch 10: 5 / 36
Epoch 11: 3 / 36
Epoch 12: 5 / 36
Epoch 17: 5 / 36
Epoch 18: 5 / 36
Epoch 19: 5 / 36
Result after 20 epoches: 5 / 36  (13%)

===== svm_traindata.txt.1a.2.4_2.4.joined_Z_KDP.HourlyAggr =====
dimension(Number of neurons for input layer) : 50
number of training examples: 143  test examples: 36
Epoch 0: 0 / 36
Epoch 1: 0 / 36
Epoch 2: 0 / 36
Epoch 9: 4 / 36
Epoch 10: 4 / 36
Epoch 11: 5 / 36
Epoch 12: 5 / 36
Epoch 17: 5 / 36
Epoch 18: 5 / 36
Epoch 19: 4 / 36
Result after 20 epoches: 4 / 36  (11%)

===== svm_traindata.txt.1a.2.4_2.4.joined_Z_ZDR.HourlyAggr =====
dimension(Number of neurons for input layer) : 50
number of training examples: 143  test examples: 36
Epoch 0: 1 / 36
Epoch 1: 2 / 36
Epoch 2: 2 / 36
Epoch 9: 3 / 36
Epoch 10: 5 / 36
Epoch 11: 5 / 36
Epoch 12: 3 / 36
Epoch 17: 4 / 36
Epoch 18: 5 / 36
Epoch 19: 5 / 36
Result after 20 epoches: 5 / 36  (13%)

===== svm_traindata.txt.1a.2.4_2.4.joined_Z_ZDR_KDP.HourlyAggr =====
dimension(Number of neurons for input layer) : 75
number of training examples: 143  test examples: 36
Epoch 0: 2 / 36
Epoch 1: 5 / 36
Epoch 2: 5 / 36
Epoch 9: 4 / 36
Epoch 10: 4 / 36
Epoch 11: 5 / 36
Epoch 12: 5 / 36
Epoch 17: 5 / 36
Epoch 18: 5 / 36
Epoch 19: 3 / 36
Result after 20 epoches: 3 / 36  (8%)

===== svm_traindata.txt.1a.3.4_3.4.joined_Z_KDP.HourlyAggr =====
dimension(Number of neurons for input layer) : 50
number of training examples: 143  test examples: 36
Epoch 0: 0 / 36
Epoch 1: 2 / 36
Epoch 2: 4 / 36
Epoch 9: 3 / 36
Epoch 10: 4 / 36
Epoch 11: 3 / 36
Epoch 12: 3 / 36
Epoch 17: 5 / 36
Epoch 18: 3 / 36
Epoch 19: 3 / 36
Result after 20 epoches: 3 / 36  (8%)

===== svm_traindata.txt.1a.3.4_3.4.joined_Z_ZDR.HourlyAggr =====
dimension(Number of neurons for input layer) : 50
number of training examples: 143  test examples: 36
Epoch 0: 2 / 36
Epoch 1: 4 / 36
Epoch 2: 4 / 36
Epoch 9: 3 / 36
Epoch 10: 4 / 36
Epoch 11: 4 / 36
Epoch 12: 4 / 36
Epoch 17: 4 / 36
Epoch 18: 4 / 36
Epoch 19: 3 / 36
Result after 20 epoches: 3 / 36  (8%)

===== svm_traindata.txt.1a.3.4_3.4.joined_Z_ZDR_KDP.HourlyAggr =====
dimension(Number of neurons for input layer) : 75
number of training examples: 143  test examples: 36
Epoch 0: 0 / 36
Epoch 1: 0 / 36
Epoch 2: 0 / 36
Epoch 9: 0 / 36
Epoch 10: 0 / 36
Epoch 11: 0 / 36
Epoch 12: 0 / 36
Epoch 17: 0 / 36
Epoch 18: 0 / 36
Epoch 19: 0 / 36
Result after 20 epoches: 0 / 36  (0%)

===== svm_traindata.txt.1a.4.3_4.3.joined_Z_KDP.HourlyAggr =====
dimension(Number of neurons for input layer) : 50
number of training examples: 143  test examples: 36
Epoch 0: 0 / 36
Epoch 1: 0 / 36
Epoch 2: 4 / 36
Epoch 9: 4 / 36
Epoch 10: 2 / 36
Epoch 11: 4 / 36
Epoch 12: 5 / 36
Epoch 17: 2 / 36
Epoch 18: 4 / 36
Epoch 19: 3 / 36
Result after 20 epoches: 3 / 36  (8%)

===== svm_traindata.txt.1a.4.3_4.3.joined_Z_ZDR.HourlyAggr =====
dimension(Number of neurons for input layer) : 50
number of training examples: 143  test examples: 36
Epoch 0: 0 / 36
Epoch 1: 1 / 36
Epoch 2: 5 / 36
Epoch 9: 5 / 36
Epoch 10: 2 / 36
Epoch 11: 4 / 36
Epoch 12: 5 / 36
Epoch 17: 4 / 36
Epoch 18: 3 / 36
Epoch 19: 4 / 36
Result after 20 epoches: 4 / 36  (11%)

===== svm_traindata.txt.1a.4.3_4.3.joined_Z_ZDR_KDP.HourlyAggr =====
dimension(Number of neurons for input layer) : 75
number of training examples: 143  test examples: 36
Epoch 0: 0 / 36
Epoch 1: 0 / 36
Epoch 2: 0 / 36
Epoch 9: 0 / 36
Epoch 10: 0 / 36
Epoch 11: 0 / 36
Epoch 12: 0 / 36
Epoch 17: 5 / 36
Epoch 18: 5 / 36
Epoch 19: 2 / 36
Result after 20 epoches: 2 / 36  (5%)

===== svm_traindata.txt.1a.6.0_6.0.joined_Z_KDP.HourlyAggr =====
dimension(Number of neurons for input layer) : 50
number of training examples: 143  test examples: 36
Epoch 0: 0 / 36
Epoch 1: 0 / 36
Epoch 2: 2 / 36
Epoch 9: 2 / 36
Epoch 10: 3 / 36
Epoch 11: 4 / 36
Epoch 12: 3 / 36
Epoch 17: 2 / 36
Epoch 18: 5 / 36
Epoch 19: 5 / 36
Result after 20 epoches: 5 / 36  (13%)

===== svm_traindata.txt.1a.6.0_6.0.joined_Z_ZDR.HourlyAggr =====
dimension(Number of neurons for input layer) : 50
number of training examples: 143  test examples: 36
Epoch 0: 0 / 36
Epoch 1: 0 / 36
Epoch 2: 0 / 36
Epoch 9: 0 / 36
Epoch 10: 0 / 36
Epoch 11: 0 / 36
Epoch 12: 0 / 36
Epoch 17: 0 / 36
Epoch 18: 1 / 36
Epoch 19: 2 / 36
Result after 20 epoches: 2 / 36  (5%)

===== svm_traindata.txt.1a.6.0_6.0.joined_Z_ZDR_KDP.HourlyAggr =====
dimension(Number of neurons for input layer) : 75
number of training examples: 143  test examples: 36
Epoch 0: 4 / 36
Epoch 1: 5 / 36
Epoch 2: 5 / 36
Epoch 9: 5 / 36
Epoch 10: 5 / 36
Epoch 11: 5 / 36
Epoch 12: 4 / 36
Epoch 17: 4 / 36
Epoch 18: 4 / 36
Epoch 19: 4 / 36
Result after 20 epoches: 4 / 36  (11%)

