===== Training file list =====
svm_traindata.txt.1a.KDP_0.5_0.5.fuzzy
svm_traindata.txt.1a.KDP_1.5_1.5.fuzzy
svm_traindata.txt.1a.KDP_2.4_2.4.fuzzy
svm_traindata.txt.1a.KDP_3.4_3.4.fuzzy
svm_traindata.txt.1a.KDP_4.3_4.3.fuzzy
svm_traindata.txt.1a.KDP_6.0_6.0.fuzzy
svm_traindata.txt.1a.ZDR_0.5_0.5.fuzzy
svm_traindata.txt.1a.ZDR_1.5_1.5.fuzzy
svm_traindata.txt.1a.ZDR_2.4_2.4.fuzzy
svm_traindata.txt.1a.ZDR_3.4_3.4.fuzzy
svm_traindata.txt.1a.ZDR_4.3_4.3.fuzzy
svm_traindata.txt.1a.ZDR_6.0_6.0.fuzzy
svm_traindata.txt.1a.Z_0.5_0.5.fuzzy
svm_traindata.txt.1a.Z_1.5_1.5.fuzzy
svm_traindata.txt.1a.Z_2.4_2.4.fuzzy
svm_traindata.txt.1a.Z_3.4_3.4.fuzzy
svm_traindata.txt.1a.Z_4.3_4.3.fuzzy
svm_traindata.txt.1a.Z_6.0_6.0.fuzzy
feature_data_dir: D:\\svmdata.10min.Fuzzy\svm_case1_single
rainfall_min_value: 0
rainfall_max_value: 100
n_rainfall_indexes(Number of neurons for output-layer): 100
size_hidden_layer(Number of neurons for hidden-layer): 30
kernel type: Sigmoid
epoches: 50
mini_batch_size: 10
training_rate: 1.0

===== svm_traindata.txt.1a.KDP_0.5_0.5.fuzzy =====
dimension(Number of neurons for input layer) : 25
number of training examples: 1145  test examples: 287
Epoch 0: 0 / 287
Epoch 1: 0 / 287
Epoch 2: 127 / 287
Epoch 24: 142 / 287
Epoch 25: 162 / 287
Epoch 26: 127 / 287
Epoch 27: 146 / 287
Epoch 47: 143 / 287
Epoch 48: 140 / 287
Epoch 49: 129 / 287
Result after 50 epoches: 129 / 287  (44%)

===== svm_traindata.txt.1a.KDP_1.5_1.5.fuzzy =====
dimension(Number of neurons for input layer) : 25
number of training examples: 1140  test examples: 286
Epoch 0: 115 / 286
Epoch 1: 115 / 286
Epoch 2: 148 / 286
Epoch 24: 153 / 286
Epoch 25: 146 / 286
Epoch 26: 128 / 286
Epoch 27: 133 / 286
Epoch 47: 151 / 286
Epoch 48: 150 / 286
Epoch 49: 139 / 286
Result after 50 epoches: 139 / 286  (48%)

===== svm_traindata.txt.1a.KDP_2.4_2.4.fuzzy =====
dimension(Number of neurons for input layer) : 25
number of training examples: 1142  test examples: 286
Epoch 0: 113 / 286
Epoch 1: 110 / 286
Epoch 2: 110 / 286
Epoch 24: 113 / 286
Epoch 25: 114 / 286
Epoch 26: 115 / 286
Epoch 27: 115 / 286
Epoch 47: 116 / 286
Epoch 48: 117 / 286
Epoch 49: 116 / 286
Result after 50 epoches: 116 / 286  (40%)

===== svm_traindata.txt.1a.KDP_3.4_3.4.fuzzy =====
dimension(Number of neurons for input layer) : 25
number of training examples: 1142  test examples: 286
Epoch 0: 111 / 286
Epoch 1: 113 / 286
Epoch 2: 138 / 286
Epoch 24: 125 / 286
Epoch 25: 115 / 286
Epoch 26: 134 / 286
Epoch 27: 113 / 286
Epoch 47: 116 / 286
Epoch 48: 122 / 286
Epoch 49: 124 / 286
Result after 50 epoches: 124 / 286  (43%)

===== svm_traindata.txt.1a.KDP_4.3_4.3.fuzzy =====
dimension(Number of neurons for input layer) : 25
number of training examples: 1141  test examples: 286
Epoch 0: 110 / 286
Epoch 1: 122 / 286
Epoch 2: 123 / 286
Epoch 24: 123 / 286
Epoch 25: 115 / 286
Epoch 26: 114 / 286
Epoch 27: 114 / 286
Epoch 47: 118 / 286
Epoch 48: 126 / 286
Epoch 49: 120 / 286
Result after 50 epoches: 120 / 286  (41%)

===== svm_traindata.txt.1a.KDP_6.0_6.0.fuzzy =====
dimension(Number of neurons for input layer) : 25
number of training examples: 1140  test examples: 286
Epoch 0: 120 / 286
Epoch 1: 111 / 286
Epoch 2: 110 / 286
Epoch 24: 123 / 286
Epoch 25: 115 / 286
Epoch 26: 113 / 286
Epoch 27: 124 / 286
Epoch 47: 124 / 286
Epoch 48: 121 / 286
Epoch 49: 118 / 286
Result after 50 epoches: 118 / 286  (41%)

===== svm_traindata.txt.1a.ZDR_0.5_0.5.fuzzy =====
dimension(Number of neurons for input layer) : 25
number of training examples: 1145  test examples: 287
Epoch 0: 105 / 287
Epoch 1: 106 / 287
Epoch 2: 111 / 287
Epoch 24: 111 / 287
Epoch 25: 110 / 287
Epoch 26: 106 / 287
Epoch 27: 110 / 287
Epoch 47: 105 / 287
Epoch 48: 111 / 287
Epoch 49: 106 / 287
Result after 50 epoches: 106 / 287  (36%)

===== svm_traindata.txt.1a.ZDR_1.5_1.5.fuzzy =====
dimension(Number of neurons for input layer) : 25
number of training examples: 1140  test examples: 286
Epoch 0: 114 / 286
Epoch 1: 116 / 286
Epoch 2: 115 / 286
Epoch 24: 123 / 286
Epoch 25: 118 / 286
Epoch 26: 118 / 286
Epoch 27: 120 / 286
Epoch 47: 105 / 286
Epoch 48: 104 / 286
Epoch 49: 106 / 286
Result after 50 epoches: 106 / 286  (37%)

===== svm_traindata.txt.1a.ZDR_2.4_2.4.fuzzy =====
dimension(Number of neurons for input layer) : 25
number of training examples: 1142  test examples: 286
Epoch 0: 0 / 286
Epoch 1: 0 / 286
Epoch 2: 0 / 286
Epoch 24: 108 / 286
Epoch 25: 138 / 286
Epoch 26: 116 / 286
Epoch 27: 128 / 286
Epoch 47: 139 / 286
Epoch 48: 112 / 286
Epoch 49: 98 / 286
Result after 50 epoches: 98 / 286  (34%)

===== svm_traindata.txt.1a.ZDR_3.4_3.4.fuzzy =====
dimension(Number of neurons for input layer) : 25
number of training examples: 1142  test examples: 286
Epoch 0: 121 / 286
Epoch 1: 140 / 286
Epoch 2: 134 / 286
Epoch 24: 108 / 286
Epoch 25: 123 / 286
Epoch 26: 123 / 286
Epoch 27: 128 / 286
Epoch 47: 111 / 286
Epoch 48: 110 / 286
Epoch 49: 112 / 286
Result after 50 epoches: 112 / 286  (39%)

===== svm_traindata.txt.1a.ZDR_4.3_4.3.fuzzy =====
dimension(Number of neurons for input layer) : 25
number of training examples: 1141  test examples: 286
Epoch 0: 0 / 286
Epoch 1: 111 / 286
Epoch 2: 130 / 286
Epoch 24: 116 / 286
Epoch 25: 121 / 286
Epoch 26: 112 / 286
Epoch 27: 125 / 286
Epoch 47: 113 / 286
Epoch 48: 103 / 286
Epoch 49: 125 / 286
Result after 50 epoches: 125 / 286  (43%)

===== svm_traindata.txt.1a.ZDR_6.0_6.0.fuzzy =====
dimension(Number of neurons for input layer) : 25
number of training examples: 1140  test examples: 285
Epoch 0: 122 / 285
Epoch 1: 109 / 285
Epoch 2: 124 / 285
Epoch 24: 124 / 285
Epoch 25: 129 / 285
Epoch 26: 117 / 285
Epoch 27: 119 / 285
Epoch 47: 115 / 285
Epoch 48: 122 / 285
Epoch 49: 119 / 285
Result after 50 epoches: 119 / 285  (41%)

===== svm_traindata.txt.1a.Z_0.5_0.5.fuzzy =====
dimension(Number of neurons for input layer) : 25
number of training examples: 2200  test examples: 550
Epoch 0: 277 / 550
Epoch 1: 276 / 550
Epoch 2: 291 / 550
Epoch 24: 255 / 550
Epoch 25: 307 / 550
Epoch 26: 304 / 550
Epoch 27: 283 / 550
Epoch 47: 302 / 550
Epoch 48: 311 / 550
Epoch 49: 296 / 550
Result after 50 epoches: 296 / 550  (53%)

===== svm_traindata.txt.1a.Z_1.5_1.5.fuzzy =====
dimension(Number of neurons for input layer) : 25
number of training examples: 2196  test examples: 549
Epoch 0: 320 / 549
Epoch 1: 311 / 549
Epoch 2: 323 / 549
Epoch 24: 308 / 549
Epoch 25: 309 / 549
Epoch 26: 252 / 549
Epoch 27: 322 / 549
Epoch 47: 301 / 549
Epoch 48: 295 / 549
Epoch 49: 297 / 549
Result after 50 epoches: 297 / 549  (54%)

===== svm_traindata.txt.1a.Z_2.4_2.4.fuzzy =====
dimension(Number of neurons for input layer) : 25
number of training examples: 2194  test examples: 549
Epoch 0: 309 / 549
Epoch 1: 298 / 549
Epoch 2: 260 / 549
Epoch 24: 250 / 549
Epoch 25: 302 / 549
Epoch 26: 244 / 549
Epoch 27: 304 / 549
Epoch 47: 310 / 549
Epoch 48: 307 / 549
Epoch 49: 212 / 549
Result after 50 epoches: 212 / 549  (38%)

===== svm_traindata.txt.1a.Z_3.4_3.4.fuzzy =====
dimension(Number of neurons for input layer) : 25
number of training examples: 2194  test examples: 549
Epoch 0: 3 / 549
Epoch 1: 3 / 549
Epoch 2: 298 / 549
Epoch 24: 284 / 549
Epoch 25: 291 / 549
Epoch 26: 253 / 549
Epoch 27: 287 / 549
Epoch 47: 270 / 549
Epoch 48: 287 / 549
Epoch 49: 286 / 549
Result after 50 epoches: 286 / 549  (52%)

===== svm_traindata.txt.1a.Z_4.3_4.3.fuzzy =====
dimension(Number of neurons for input layer) : 25
number of training examples: 2193  test examples: 549
Epoch 0: 297 / 549
Epoch 1: 295 / 549
Epoch 2: 288 / 549
Epoch 24: 282 / 549
Epoch 25: 281 / 549
Epoch 26: 252 / 549
Epoch 27: 252 / 549
Epoch 47: 225 / 549
Epoch 48: 279 / 549
Epoch 49: 283 / 549
Result after 50 epoches: 283 / 549  (51%)

===== svm_traindata.txt.1a.Z_6.0_6.0.fuzzy =====
dimension(Number of neurons for input layer) : 25
number of training examples: 2189  test examples: 548
Epoch 0: 287 / 548
Epoch 1: 286 / 548
Epoch 2: 297 / 548
Epoch 24: 276 / 548
Epoch 25: 275 / 548
Epoch 26: 276 / 548
Epoch 27: 273 / 548
Epoch 47: 280 / 548
Epoch 48: 284 / 548
Epoch 49: 292 / 548
Result after 50 epoches: 292 / 548  (53%)

