===== Training file list =====
svm_traindata.txt.1a.KDP_0.5_0.5.joined_mid_mean_max50.fuzzy
svm_traindata.txt.1a.KDP_1.5_1.5.joined_mid_mean_max50.fuzzy
svm_traindata.txt.1a.KDP_2.4_2.4.joined_mid_mean_max50.fuzzy
svm_traindata.txt.1a.KDP_3.4_3.4.joined_mid_mean_max50.fuzzy
svm_traindata.txt.1a.KDP_4.3_4.3.joined_mid_mean_max50.fuzzy
svm_traindata.txt.1a.KDP_6.0_6.0.joined_mid_mean_max50.fuzzy
svm_traindata.txt.1a.ZDR_0.5_0.5.joined_mid_mean_max50.fuzzy
svm_traindata.txt.1a.ZDR_1.5_1.5.joined_mid_mean_max50.fuzzy
svm_traindata.txt.1a.ZDR_2.4_2.4.joined_mid_mean_max50.fuzzy
svm_traindata.txt.1a.ZDR_3.4_3.4.joined_mid_mean_max50.fuzzy
svm_traindata.txt.1a.ZDR_4.3_4.3.joined_mid_mean_max50.fuzzy
svm_traindata.txt.1a.ZDR_6.0_6.0.joined_mid_mean_max50.fuzzy
svm_traindata.txt.1a.Z_0.5_0.5.joined_mid_mean_max50.fuzzy
svm_traindata.txt.1a.Z_1.5_1.5.joined_mid_mean_max50.fuzzy
svm_traindata.txt.1a.Z_2.4_2.4.joined_mid_mean_max50.fuzzy
svm_traindata.txt.1a.Z_3.4_3.4.joined_mid_mean_max50.fuzzy
svm_traindata.txt.1a.Z_4.3_4.3.joined_mid_mean_max50.fuzzy
svm_traindata.txt.1a.Z_6.0_6.0.joined_mid_mean_max50.fuzzy
training_data_dir: D:\\svmdata.10minPrecipAsLabel.FuzzyLabel\svm_case2.5.1_merged_all_joined_mid_mean_max50
rainfall_min_value: 0
rainfall_max_value: 100
n_rainfall_indexes(Number of neurons for output-layer): 100
size_hidden_layer(Number of neurons for hidden-layer): 30
kernel type: Sigmoid
epoches: 20
mini_batch_size: 10
training_rate: 2.0

===== svm_traindata.txt.1a.KDP_0.5_0.5.joined_mid_mean_max50.fuzzy =====
dimension(Number of neurons for input layer) : 52
number of training examples: 1145  test examples: 287
Epoch 0: 114 / 287
Epoch 1: 120 / 287
Epoch 2: 108 / 287
Epoch 9: 117 / 287
Epoch 10: 123 / 287
Epoch 11: 117 / 287
Epoch 12: 117 / 287
Epoch 17: 133 / 287
Epoch 18: 122 / 287
Epoch 19: 128 / 287
Result after 20 epoches: 128 / 287  (44%)

===== svm_traindata.txt.1a.KDP_1.5_1.5.joined_mid_mean_max50.fuzzy =====
dimension(Number of neurons for input layer) : 52
number of training examples: 1140  test examples: 286
Epoch 0: 117 / 286
Epoch 1: 118 / 286
Epoch 2: 111 / 286
Epoch 9: 126 / 286
Epoch 10: 115 / 286
Epoch 11: 116 / 286
Epoch 12: 126 / 286
Epoch 17: 112 / 286
Epoch 18: 123 / 286
Epoch 19: 135 / 286
Result after 20 epoches: 135 / 286  (47%)

===== svm_traindata.txt.1a.KDP_2.4_2.4.joined_mid_mean_max50.fuzzy =====
dimension(Number of neurons for input layer) : 52
number of training examples: 1142  test examples: 286
Epoch 0: 123 / 286
Epoch 1: 125 / 286
Epoch 2: 120 / 286
Epoch 9: 128 / 286
Epoch 10: 129 / 286
Epoch 11: 130 / 286
Epoch 12: 134 / 286
Epoch 17: 122 / 286
Epoch 18: 125 / 286
Epoch 19: 116 / 286
Result after 20 epoches: 116 / 286  (40%)

===== svm_traindata.txt.1a.KDP_3.4_3.4.joined_mid_mean_max50.fuzzy =====
dimension(Number of neurons for input layer) : 52
number of training examples: 1142  test examples: 286
Epoch 0: 110 / 286
Epoch 1: 130 / 286
Epoch 2: 110 / 286
Epoch 9: 131 / 286
Epoch 10: 134 / 286
Epoch 11: 133 / 286
Epoch 12: 117 / 286
Epoch 17: 113 / 286
Epoch 18: 110 / 286
Epoch 19: 118 / 286
Result after 20 epoches: 118 / 286  (41%)

===== svm_traindata.txt.1a.KDP_4.3_4.3.joined_mid_mean_max50.fuzzy =====
dimension(Number of neurons for input layer) : 52
number of training examples: 1141  test examples: 286
Epoch 0: 0 / 286
Epoch 1: 0 / 286
Epoch 2: 0 / 286
Epoch 9: 0 / 286
Epoch 10: 0 / 286
Epoch 11: 0 / 286
Epoch 12: 0 / 286
Epoch 17: 110 / 286
Epoch 18: 110 / 286
Epoch 19: 113 / 286
Result after 20 epoches: 113 / 286  (39%)

===== svm_traindata.txt.1a.KDP_6.0_6.0.joined_mid_mean_max50.fuzzy =====
dimension(Number of neurons for input layer) : 52
number of training examples: 1140  test examples: 286
Epoch 0: 0 / 286
Epoch 1: 0 / 286
Epoch 2: 0 / 286
Epoch 9: 124 / 286
Epoch 10: 132 / 286
Epoch 11: 125 / 286
Epoch 12: 124 / 286
Epoch 17: 109 / 286
Epoch 18: 126 / 286
Epoch 19: 124 / 286
Result after 20 epoches: 124 / 286  (43%)

===== svm_traindata.txt.1a.ZDR_0.5_0.5.joined_mid_mean_max50.fuzzy =====
dimension(Number of neurons for input layer) : 52
number of training examples: 1145  test examples: 287
Epoch 0: 0 / 287
Epoch 1: 0 / 287
Epoch 2: 108 / 287
Epoch 9: 108 / 287
Epoch 10: 108 / 287
Epoch 11: 108 / 287
Epoch 12: 124 / 287
Epoch 17: 108 / 287
Epoch 18: 107 / 287
Epoch 19: 108 / 287
Result after 20 epoches: 108 / 287  (37%)

===== svm_traindata.txt.1a.ZDR_1.5_1.5.joined_mid_mean_max50.fuzzy =====
dimension(Number of neurons for input layer) : 52
number of training examples: 1140  test examples: 286
Epoch 0: 0 / 286
Epoch 1: 111 / 286
Epoch 2: 111 / 286
Epoch 9: 112 / 286
Epoch 10: 123 / 286
Epoch 11: 112 / 286
Epoch 12: 111 / 286
Epoch 17: 124 / 286
Epoch 18: 111 / 286
Epoch 19: 134 / 286
Result after 20 epoches: 134 / 286  (46%)

===== svm_traindata.txt.1a.ZDR_2.4_2.4.joined_mid_mean_max50.fuzzy =====
dimension(Number of neurons for input layer) : 52
number of training examples: 1142  test examples: 286
Epoch 0: 110 / 286
Epoch 1: 110 / 286
Epoch 2: 123 / 286
Epoch 9: 112 / 286
Epoch 10: 109 / 286
Epoch 11: 110 / 286
Epoch 12: 110 / 286
Epoch 17: 110 / 286
Epoch 18: 123 / 286
Epoch 19: 123 / 286
Result after 20 epoches: 123 / 286  (43%)

===== svm_traindata.txt.1a.ZDR_3.4_3.4.joined_mid_mean_max50.fuzzy =====
dimension(Number of neurons for input layer) : 52
number of training examples: 1142  test examples: 286
Epoch 0: 0 / 286
Epoch 1: 0 / 286
Epoch 2: 0 / 286
Epoch 9: 0 / 286
Epoch 10: 0 / 286
Epoch 11: 0 / 286
Epoch 12: 0 / 286
Epoch 17: 0 / 286
Epoch 18: 110 / 286
Epoch 19: 112 / 286
Result after 20 epoches: 112 / 286  (39%)

===== svm_traindata.txt.1a.ZDR_4.3_4.3.joined_mid_mean_max50.fuzzy =====
dimension(Number of neurons for input layer) : 52
number of training examples: 1141  test examples: 286
Epoch 0: 0 / 286
Epoch 1: 0 / 286
Epoch 2: 0 / 286
Epoch 9: 0 / 286
Epoch 10: 0 / 286
Epoch 11: 0 / 286
Epoch 12: 0 / 286
Epoch 17: 0 / 286
Epoch 18: 0 / 286
Epoch 19: 0 / 286
Result after 20 epoches: 0 / 286  (0%)

===== svm_traindata.txt.1a.ZDR_6.0_6.0.joined_mid_mean_max50.fuzzy =====
dimension(Number of neurons for input layer) : 52
number of training examples: 1140  test examples: 285
Epoch 0: 0 / 285
Epoch 1: 0 / 285
Epoch 2: 0 / 285
Epoch 9: 0 / 285
Epoch 10: 0 / 285
Epoch 11: 0 / 285
Epoch 12: 0 / 285
Epoch 17: 109 / 285
Epoch 18: 109 / 285
Epoch 19: 121 / 285
Result after 20 epoches: 121 / 285  (42%)

===== svm_traindata.txt.1a.Z_0.5_0.5.joined_mid_mean_max50.fuzzy =====
dimension(Number of neurons for input layer) : 52
number of training examples: 2200  test examples: 550
Epoch 0: 0 / 550
Epoch 1: 258 / 550
Epoch 2: 258 / 550
Epoch 9: 258 / 550
Epoch 10: 258 / 550
Epoch 11: 206 / 550
Epoch 12: 258 / 550
Epoch 17: 258 / 550
Epoch 18: 258 / 550
Epoch 19: 258 / 550
Result after 20 epoches: 258 / 550  (46%)

===== svm_traindata.txt.1a.Z_1.5_1.5.joined_mid_mean_max50.fuzzy =====
dimension(Number of neurons for input layer) : 52
number of training examples: 2196  test examples: 549
Epoch 0: 0 / 549
Epoch 1: 0 / 549
Epoch 2: 0 / 549
Epoch 9: 214 / 549
Epoch 10: 213 / 549
Epoch 11: 258 / 549
Epoch 12: 258 / 549
Epoch 17: 213 / 549
Epoch 18: 258 / 549
Epoch 19: 212 / 549
Result after 20 epoches: 212 / 549  (38%)

===== svm_traindata.txt.1a.Z_2.4_2.4.joined_mid_mean_max50.fuzzy =====
dimension(Number of neurons for input layer) : 52
number of training examples: 2194  test examples: 549
Epoch 0: 206 / 549
Epoch 1: 206 / 549
Epoch 2: 206 / 549
Epoch 9: 259 / 549
Epoch 10: 259 / 549
Epoch 11: 259 / 549
Epoch 12: 259 / 549
Epoch 17: 321 / 549
Epoch 18: 235 / 549
Epoch 19: 259 / 549
Result after 20 epoches: 259 / 549  (47%)

===== svm_traindata.txt.1a.Z_3.4_3.4.joined_mid_mean_max50.fuzzy =====
dimension(Number of neurons for input layer) : 52
number of training examples: 2194  test examples: 549
Epoch 0: 207 / 549
Epoch 1: 259 / 549
Epoch 2: 207 / 549
Epoch 9: 259 / 549
Epoch 10: 207 / 549
Epoch 11: 206 / 549
Epoch 12: 208 / 549
Epoch 17: 60 / 549
Epoch 18: 259 / 549
Epoch 19: 207 / 549
Result after 20 epoches: 207 / 549  (37%)

===== svm_traindata.txt.1a.Z_4.3_4.3.joined_mid_mean_max50.fuzzy =====
dimension(Number of neurons for input layer) : 52
number of training examples: 2193  test examples: 549
Epoch 0: 258 / 549
Epoch 1: 258 / 549
Epoch 2: 258 / 549
Epoch 9: 206 / 549
Epoch 10: 258 / 549
Epoch 11: 258 / 549
Epoch 12: 58 / 549
Epoch 17: 206 / 549
Epoch 18: 258 / 549
Epoch 19: 258 / 549
Result after 20 epoches: 258 / 549  (46%)

===== svm_traindata.txt.1a.Z_6.0_6.0.joined_mid_mean_max50.fuzzy =====
dimension(Number of neurons for input layer) : 52
number of training examples: 2189  test examples: 548
Epoch 0: 0 / 548
Epoch 1: 214 / 548
Epoch 2: 268 / 548
Epoch 9: 258 / 548
Epoch 10: 205 / 548
Epoch 11: 258 / 548
Epoch 12: 258 / 548
Epoch 17: 206 / 548
Epoch 18: 258 / 548
Epoch 19: 258 / 548
Result after 20 epoches: 258 / 548  (47%)

