===== Training file list =====
svm_traindata.txt.1a.KDP.joined_elev.fuzzy
svm_traindata.txt.1a.Z.joined_elev.fuzzy
svm_traindata.txt.1a.ZDR.joined_elev.fuzzy
training_data_dir: D:\\svmdata.10minPrecipAsLabel.FuzzyLabel\svm_case2.5.2_merged_all_joined_mid_mean_max50_elev
rainfall_min_value: 0
rainfall_max_value: 100
n_rainfall_indexes(Number of neurons for output-layer): 100
size_hidden_layer(Number of neurons for hidden-layer): 30
kernel type: Sigmoid
epoches: 20
mini_batch_size: 10
training_rate: 2.0

===== svm_traindata.txt.1a.KDP.joined_elev.fuzzy =====
dimension(Number of neurons for input layer) : 312
number of training examples: 1139  test examples: 285
Epoch 0: 123 / 285
Epoch 1: 132 / 285
Epoch 2: 122 / 285
Epoch 9: 125 / 285
Epoch 10: 126 / 285
Epoch 11: 122 / 285
Epoch 12: 128 / 285
Epoch 17: 129 / 285
Epoch 18: 116 / 285
Epoch 19: 129 / 285
Result after 20 epoches: 129 / 285  (45%)

===== svm_traindata.txt.1a.Z.joined_elev.fuzzy =====
dimension(Number of neurons for input layer) : 312
number of training examples: 2188  test examples: 547
Epoch 0: 0 / 547
Epoch 1: 0 / 547
Epoch 2: 0 / 547
Epoch 9: 0 / 547
Epoch 10: 0 / 547
Epoch 11: 0 / 547
Epoch 12: 0 / 547
Epoch 17: 0 / 547
Epoch 18: 0 / 547
Epoch 19: 0 / 547
Result after 20 epoches: 0 / 547  (0%)

===== svm_traindata.txt.1a.ZDR.joined_elev.fuzzy =====
dimension(Number of neurons for input layer) : 312
number of training examples: 1138  test examples: 285
Epoch 0: 0 / 285
Epoch 1: 110 / 285
Epoch 2: 122 / 285
Epoch 9: 110 / 285
Epoch 10: 110 / 285
Epoch 11: 110 / 285
Epoch 12: 110 / 285
Epoch 17: 110 / 285
Epoch 18: 110 / 285
Epoch 19: 110 / 285
Result after 20 epoches: 110 / 285  (38%)

