===== Training file list =====
svm_traindata.txt.1a.KDP_0.5_0.5.joined_mid_mean_min50.fuzzy
svm_traindata.txt.1a.KDP_1.5_1.5.joined_mid_mean_min50.fuzzy
svm_traindata.txt.1a.KDP_2.4_2.4.joined_mid_mean_min50.fuzzy
svm_traindata.txt.1a.KDP_3.4_3.4.joined_mid_mean_min50.fuzzy
svm_traindata.txt.1a.KDP_4.3_4.3.joined_mid_mean_min50.fuzzy
svm_traindata.txt.1a.KDP_6.0_6.0.joined_mid_mean_min50.fuzzy
svm_traindata.txt.1a.ZDR_0.5_0.5.joined_mid_mean_min50.fuzzy
svm_traindata.txt.1a.ZDR_1.5_1.5.joined_mid_mean_min50.fuzzy
svm_traindata.txt.1a.ZDR_2.4_2.4.joined_mid_mean_min50.fuzzy
svm_traindata.txt.1a.ZDR_3.4_3.4.joined_mid_mean_min50.fuzzy
svm_traindata.txt.1a.ZDR_4.3_4.3.joined_mid_mean_min50.fuzzy
svm_traindata.txt.1a.ZDR_6.0_6.0.joined_mid_mean_min50.fuzzy
svm_traindata.txt.1a.Z_0.5_0.5.joined_mid_mean_min50.fuzzy
svm_traindata.txt.1a.Z_1.5_1.5.joined_mid_mean_min50.fuzzy
svm_traindata.txt.1a.Z_2.4_2.4.joined_mid_mean_min50.fuzzy
svm_traindata.txt.1a.Z_3.4_3.4.joined_mid_mean_min50.fuzzy
svm_traindata.txt.1a.Z_4.3_4.3.joined_mid_mean_min50.fuzzy
svm_traindata.txt.1a.Z_6.0_6.0.joined_mid_mean_min50.fuzzy
training_data_dir: D:\\svmdata.10minPrecipAsLabel.FuzzyLabel\svm_case2.6.1_merged_all_joined_mid_mean_min50
rainfall_min_value: 0
rainfall_max_value: 100
n_rainfall_indexes(Number of neurons for output-layer): 100
size_hidden_layer(Number of neurons for hidden-layer): 30
kernel type: Sigmoid
epoches: 20
mini_batch_size: 10
training_rate: 2.0

===== svm_traindata.txt.1a.KDP_0.5_0.5.joined_mid_mean_min50.fuzzy =====
dimension(Number of neurons for input layer) : 52
number of training examples: 1145  test examples: 287
Epoch 0: 108 / 287
Epoch 1: 73 / 287
Epoch 2: 86 / 287
Epoch 9: 110 / 287
Epoch 10: 86 / 287
Epoch 11: 111 / 287
Epoch 12: 86 / 287
Epoch 17: 105 / 287
Epoch 18: 90 / 287
Epoch 19: 92 / 287
Result after 20 epoches: 92 / 287  (32%)

===== svm_traindata.txt.1a.KDP_1.5_1.5.joined_mid_mean_min50.fuzzy =====
dimension(Number of neurons for input layer) : 52
number of training examples: 1140  test examples: 286
Epoch 0: 0 / 286
Epoch 1: 113 / 286
Epoch 2: 110 / 286
Epoch 9: 118 / 286
Epoch 10: 117 / 286
Epoch 11: 115 / 286
Epoch 12: 108 / 286
Epoch 17: 124 / 286
Epoch 18: 118 / 286
Epoch 19: 116 / 286
Result after 20 epoches: 116 / 286  (40%)

===== svm_traindata.txt.1a.KDP_2.4_2.4.joined_mid_mean_min50.fuzzy =====
dimension(Number of neurons for input layer) : 52
number of training examples: 1142  test examples: 286
Epoch 0: 0 / 286
Epoch 1: 0 / 286
Epoch 2: 0 / 286
Epoch 9: 125 / 286
Epoch 10: 119 / 286
Epoch 11: 115 / 286
Epoch 12: 115 / 286
Epoch 17: 116 / 286
Epoch 18: 112 / 286
Epoch 19: 112 / 286
Result after 20 epoches: 112 / 286  (39%)

===== svm_traindata.txt.1a.KDP_3.4_3.4.joined_mid_mean_min50.fuzzy =====
dimension(Number of neurons for input layer) : 52
number of training examples: 1142  test examples: 286
Epoch 0: 119 / 286
Epoch 1: 101 / 286
Epoch 2: 110 / 286
Epoch 9: 110 / 286
Epoch 10: 123 / 286
Epoch 11: 120 / 286
Epoch 12: 110 / 286
Epoch 17: 110 / 286
Epoch 18: 123 / 286
Epoch 19: 113 / 286
Result after 20 epoches: 113 / 286  (39%)

===== svm_traindata.txt.1a.KDP_4.3_4.3.joined_mid_mean_min50.fuzzy =====
dimension(Number of neurons for input layer) : 52
number of training examples: 1141  test examples: 286
Epoch 0: 123 / 286
Epoch 1: 111 / 286
Epoch 2: 123 / 286
Epoch 9: 113 / 286
Epoch 10: 111 / 286
Epoch 11: 123 / 286
Epoch 12: 114 / 286
Epoch 17: 111 / 286
Epoch 18: 124 / 286
Epoch 19: 111 / 286
Result after 20 epoches: 111 / 286  (38%)

===== svm_traindata.txt.1a.KDP_6.0_6.0.joined_mid_mean_min50.fuzzy =====
dimension(Number of neurons for input layer) : 52
number of training examples: 1140  test examples: 286
Epoch 0: 0 / 286
Epoch 1: 122 / 286
Epoch 2: 111 / 286
Epoch 9: 129 / 286
Epoch 10: 121 / 286
Epoch 11: 115 / 286
Epoch 12: 113 / 286
Epoch 17: 127 / 286
Epoch 18: 123 / 286
Epoch 19: 112 / 286
Result after 20 epoches: 112 / 286  (39%)

===== svm_traindata.txt.1a.ZDR_0.5_0.5.joined_mid_mean_min50.fuzzy =====
dimension(Number of neurons for input layer) : 52
number of training examples: 1145  test examples: 287
Epoch 0: 125 / 287
Epoch 1: 142 / 287
Epoch 2: 139 / 287
Epoch 9: 110 / 287
Epoch 10: 112 / 287
Epoch 11: 117 / 287
Epoch 12: 108 / 287
Epoch 17: 118 / 287
Epoch 18: 138 / 287
Epoch 19: 121 / 287
Result after 20 epoches: 121 / 287  (42%)

===== svm_traindata.txt.1a.ZDR_1.5_1.5.joined_mid_mean_min50.fuzzy =====
dimension(Number of neurons for input layer) : 52
number of training examples: 1140  test examples: 286
Epoch 0: 0 / 286
Epoch 1: 0 / 286
Epoch 2: 0 / 286
Epoch 9: 0 / 286
Epoch 10: 0 / 286
Epoch 11: 0 / 286
Epoch 12: 0 / 286
Epoch 17: 119 / 286
Epoch 18: 114 / 286
Epoch 19: 126 / 286
Result after 20 epoches: 126 / 286  (44%)

===== svm_traindata.txt.1a.ZDR_2.4_2.4.joined_mid_mean_min50.fuzzy =====
dimension(Number of neurons for input layer) : 52
number of training examples: 1142  test examples: 286
Epoch 0: 121 / 286
Epoch 1: 123 / 286
Epoch 2: 123 / 286
Epoch 9: 123 / 286
Epoch 10: 110 / 286
Epoch 11: 140 / 286
Epoch 12: 110 / 286
Epoch 17: 134 / 286
Epoch 18: 137 / 286
Epoch 19: 132 / 286
Result after 20 epoches: 132 / 286  (46%)

===== svm_traindata.txt.1a.ZDR_3.4_3.4.joined_mid_mean_min50.fuzzy =====
dimension(Number of neurons for input layer) : 52
number of training examples: 1142  test examples: 286
Epoch 0: 110 / 286
Epoch 1: 110 / 286
Epoch 2: 110 / 286
Epoch 9: 110 / 286
Epoch 10: 110 / 286
Epoch 11: 110 / 286
Epoch 12: 110 / 286
Epoch 17: 110 / 286
Epoch 18: 110 / 286
Epoch 19: 110 / 286
Result after 20 epoches: 110 / 286  (38%)

===== svm_traindata.txt.1a.ZDR_4.3_4.3.joined_mid_mean_min50.fuzzy =====
dimension(Number of neurons for input layer) : 52
number of training examples: 1141  test examples: 286
Epoch 0: 0 / 286
Epoch 1: 96 / 286
Epoch 2: 120 / 286
Epoch 9: 99 / 286
Epoch 10: 89 / 286
Epoch 11: 96 / 286
Epoch 12: 99 / 286
Epoch 17: 109 / 286
Epoch 18: 123 / 286
Epoch 19: 105 / 286
Result after 20 epoches: 105 / 286  (36%)

===== svm_traindata.txt.1a.ZDR_6.0_6.0.joined_mid_mean_min50.fuzzy =====
dimension(Number of neurons for input layer) : 52
number of training examples: 1140  test examples: 285
Epoch 0: 0 / 285
Epoch 1: 0 / 285
Epoch 2: 106 / 285
Epoch 9: 104 / 285
Epoch 10: 96 / 285
Epoch 11: 108 / 285
Epoch 12: 98 / 285
Epoch 17: 105 / 285
Epoch 18: 97 / 285
Epoch 19: 99 / 285
Result after 20 epoches: 99 / 285  (34%)

===== svm_traindata.txt.1a.Z_0.5_0.5.joined_mid_mean_min50.fuzzy =====
dimension(Number of neurons for input layer) : 52
number of training examples: 2200  test examples: 550
Epoch 0: 328 / 550
Epoch 1: 338 / 550
Epoch 2: 251 / 550
Epoch 9: 327 / 550
Epoch 10: 219 / 550
Epoch 11: 342 / 550
Epoch 12: 334 / 550
Epoch 17: 208 / 550
Epoch 18: 333 / 550
Epoch 19: 339 / 550
Result after 20 epoches: 339 / 550  (61%)

===== svm_traindata.txt.1a.Z_1.5_1.5.joined_mid_mean_min50.fuzzy =====
dimension(Number of neurons for input layer) : 52
number of training examples: 2196  test examples: 549
Epoch 0: 335 / 549
Epoch 1: 331 / 549
Epoch 2: 257 / 549
Epoch 9: 258 / 549
Epoch 10: 218 / 549
Epoch 11: 255 / 549
Epoch 12: 333 / 549
Epoch 17: 326 / 549
Epoch 18: 319 / 549
Epoch 19: 316 / 549
Result after 20 epoches: 316 / 549  (57%)

===== svm_traindata.txt.1a.Z_2.4_2.4.joined_mid_mean_min50.fuzzy =====
dimension(Number of neurons for input layer) : 52
number of training examples: 2194  test examples: 549
Epoch 0: 320 / 549
Epoch 1: 233 / 549
Epoch 2: 209 / 549
Epoch 9: 325 / 549
Epoch 10: 325 / 549
Epoch 11: 241 / 549
Epoch 12: 326 / 549
Epoch 17: 323 / 549
Epoch 18: 328 / 549
Epoch 19: 321 / 549
Result after 20 epoches: 321 / 549  (58%)

===== svm_traindata.txt.1a.Z_3.4_3.4.joined_mid_mean_min50.fuzzy =====
dimension(Number of neurons for input layer) : 52
number of training examples: 2194  test examples: 549
Epoch 0: 206 / 549
Epoch 1: 317 / 549
Epoch 2: 256 / 549
Epoch 9: 319 / 549
Epoch 10: 317 / 549
Epoch 11: 208 / 549
Epoch 12: 316 / 549
Epoch 17: 319 / 549
Epoch 18: 317 / 549
Epoch 19: 315 / 549
Result after 20 epoches: 315 / 549  (57%)

===== svm_traindata.txt.1a.Z_4.3_4.3.joined_mid_mean_min50.fuzzy =====
dimension(Number of neurons for input layer) : 52
number of training examples: 2193  test examples: 549
Epoch 0: 0 / 549
Epoch 1: 0 / 549
Epoch 2: 146 / 549
Epoch 9: 320 / 549
Epoch 10: 209 / 549
Epoch 11: 209 / 549
Epoch 12: 259 / 549
Epoch 17: 259 / 549
Epoch 18: 322 / 549
Epoch 19: 318 / 549
Result after 20 epoches: 318 / 549  (57%)

===== svm_traindata.txt.1a.Z_6.0_6.0.joined_mid_mean_min50.fuzzy =====
dimension(Number of neurons for input layer) : 52
number of training examples: 2189  test examples: 548
Epoch 0: 223 / 548
Epoch 1: 205 / 548
Epoch 2: 302 / 548
Epoch 9: 223 / 548
Epoch 10: 303 / 548
Epoch 11: 305 / 548
Epoch 12: 302 / 548
Epoch 17: 256 / 548
Epoch 18: 302 / 548
Epoch 19: 201 / 548
Result after 20 epoches: 201 / 548  (36%)

