===== Training file list =====
svm_traindata.txt.1a.KDP_0.5_0.5.joined_mid_mean_min5
svm_traindata.txt.1a.KDP_1.5_1.5.joined_mid_mean_min5
svm_traindata.txt.1a.KDP_2.4_2.4.joined_mid_mean_min5
svm_traindata.txt.1a.KDP_3.4_3.4.joined_mid_mean_min5
svm_traindata.txt.1a.KDP_4.3_4.3.joined_mid_mean_min5
svm_traindata.txt.1a.KDP_6.0_6.0.joined_mid_mean_min5
svm_traindata.txt.1a.ZDR_0.5_0.5.joined_mid_mean_min5
svm_traindata.txt.1a.ZDR_1.5_1.5.joined_mid_mean_min5
svm_traindata.txt.1a.ZDR_2.4_2.4.joined_mid_mean_min5
svm_traindata.txt.1a.ZDR_3.4_3.4.joined_mid_mean_min5
svm_traindata.txt.1a.ZDR_4.3_4.3.joined_mid_mean_min5
svm_traindata.txt.1a.ZDR_6.0_6.0.joined_mid_mean_min5
svm_traindata.txt.1a.Z_0.5_0.5.joined_mid_mean_min5
svm_traindata.txt.1a.Z_1.5_1.5.joined_mid_mean_min5
svm_traindata.txt.1a.Z_2.4_2.4.joined_mid_mean_min5
svm_traindata.txt.1a.Z_3.4_3.4.joined_mid_mean_min5
svm_traindata.txt.1a.Z_4.3_4.3.joined_mid_mean_min5
svm_traindata.txt.1a.Z_6.0_6.0.joined_mid_mean_min5
training_data_dir: D:\\svmdata.10minPrecipAsLabel\svm_case2.4.1_merged_all_joined_mid_mean_min5
rainfall_min_value: 0
rainfall_max_value: 100
n_rainfall_indexes(Number of neurons for output-layer): 100
size_hidden_layer(Number of neurons for hidden-layer): 30
kernel type: Sigmoid
epoches: 20
mini_batch_size: 10
training_rate: 2.0

===== svm_traindata.txt.1a.KDP_0.5_0.5.joined_mid_mean_min5 =====
dimension(Number of neurons for input layer) : 7
number of training examples: 1145  test examples: 287
Epoch 0: 0 / 287
Epoch 1: 108 / 287
Epoch 2: 98 / 287
Epoch 9: 108 / 287
Epoch 10: 65 / 287
Epoch 11: 106 / 287
Epoch 12: 91 / 287
Epoch 17: 64 / 287
Epoch 18: 66 / 287
Epoch 19: 86 / 287
Result after 20 epoches: 86 / 287  (29%)

===== svm_traindata.txt.1a.KDP_1.5_1.5.joined_mid_mean_min5 =====
dimension(Number of neurons for input layer) : 7
number of training examples: 1140  test examples: 286
Epoch 0: 111 / 286
Epoch 1: 111 / 286
Epoch 2: 103 / 286
Epoch 9: 107 / 286
Epoch 10: 86 / 286
Epoch 11: 65 / 286
Epoch 12: 71 / 286
Epoch 17: 111 / 286
Epoch 18: 86 / 286
Epoch 19: 94 / 286
Result after 20 epoches: 94 / 286  (32%)

===== svm_traindata.txt.1a.KDP_2.4_2.4.joined_mid_mean_min5 =====
dimension(Number of neurons for input layer) : 7
number of training examples: 1142  test examples: 286
Epoch 0: 108 / 286
Epoch 1: 109 / 286
Epoch 2: 53 / 286
Epoch 9: 107 / 286
Epoch 10: 105 / 286
Epoch 11: 54 / 286
Epoch 12: 96 / 286
Epoch 17: 48 / 286
Epoch 18: 40 / 286
Epoch 19: 40 / 286
Result after 20 epoches: 40 / 286  (13%)

===== svm_traindata.txt.1a.KDP_3.4_3.4.joined_mid_mean_min5 =====
dimension(Number of neurons for input layer) : 7
number of training examples: 1142  test examples: 286
Epoch 0: 0 / 286
Epoch 1: 0 / 286
Epoch 2: 0 / 286
Epoch 9: 0 / 286
Epoch 10: 0 / 286
Epoch 11: 0 / 286
Epoch 12: 0 / 286
Epoch 17: 0 / 286
Epoch 18: 0 / 286
Epoch 19: 0 / 286
Result after 20 epoches: 0 / 286  (0%)

===== svm_traindata.txt.1a.KDP_4.3_4.3.joined_mid_mean_min5 =====
dimension(Number of neurons for input layer) : 7
number of training examples: 1141  test examples: 286
Epoch 0: 0 / 286
Epoch 1: 0 / 286
Epoch 2: 0 / 286
Epoch 9: 0 / 286
Epoch 10: 0 / 286
Epoch 11: 0 / 286
Epoch 12: 0 / 286
Epoch 17: 46 / 286
Epoch 18: 110 / 286
Epoch 19: 31 / 286
Result after 20 epoches: 31 / 286  (10%)

===== svm_traindata.txt.1a.KDP_6.0_6.0.joined_mid_mean_min5 =====
dimension(Number of neurons for input layer) : 7
number of training examples: 1140  test examples: 286
Epoch 0: 0 / 286
Epoch 1: 0 / 286
Epoch 2: 0 / 286
Epoch 9: 0 / 286
Epoch 10: 0 / 286
Epoch 11: 0 / 286
Epoch 12: 0 / 286
Epoch 17: 110 / 286
Epoch 18: 81 / 286
Epoch 19: 31 / 286
Result after 20 epoches: 31 / 286  (10%)

===== svm_traindata.txt.1a.ZDR_0.5_0.5.joined_mid_mean_min5 =====
dimension(Number of neurons for input layer) : 7
number of training examples: 1145  test examples: 287
Epoch 0: 55 / 287
Epoch 1: 107 / 287
Epoch 2: 58 / 287
Epoch 9: 42 / 287
Epoch 10: 47 / 287
Epoch 11: 56 / 287
Epoch 12: 56 / 287
Epoch 17: 88 / 287
Epoch 18: 60 / 287
Epoch 19: 42 / 287
Result after 20 epoches: 42 / 287  (14%)

===== svm_traindata.txt.1a.ZDR_1.5_1.5.joined_mid_mean_min5 =====
dimension(Number of neurons for input layer) : 7
number of training examples: 1140  test examples: 286
Epoch 0: 0 / 286
Epoch 1: 0 / 286
Epoch 2: 0 / 286
Epoch 9: 75 / 286
Epoch 10: 74 / 286
Epoch 11: 81 / 286
Epoch 12: 49 / 286
Epoch 17: 80 / 286
Epoch 18: 81 / 286
Epoch 19: 79 / 286
Result after 20 epoches: 79 / 286  (27%)

===== svm_traindata.txt.1a.ZDR_2.4_2.4.joined_mid_mean_min5 =====
dimension(Number of neurons for input layer) : 7
number of training examples: 1142  test examples: 286
Epoch 0: 0 / 286
Epoch 1: 0 / 286
Epoch 2: 0 / 286
Epoch 9: 62 / 286
Epoch 10: 103 / 286
Epoch 11: 110 / 286
Epoch 12: 40 / 286
Epoch 17: 49 / 286
Epoch 18: 75 / 286
Epoch 19: 108 / 286
Result after 20 epoches: 108 / 286  (37%)

===== svm_traindata.txt.1a.ZDR_3.4_3.4.joined_mid_mean_min5 =====
dimension(Number of neurons for input layer) : 7
number of training examples: 1142  test examples: 286
Epoch 0: 0 / 286
Epoch 1: 55 / 286
Epoch 2: 110 / 286
Epoch 9: 95 / 286
Epoch 10: 42 / 286
Epoch 11: 110 / 286
Epoch 12: 47 / 286
Epoch 17: 33 / 286
Epoch 18: 110 / 286
Epoch 19: 84 / 286
Result after 20 epoches: 84 / 286  (29%)

===== svm_traindata.txt.1a.ZDR_4.3_4.3.joined_mid_mean_min5 =====
dimension(Number of neurons for input layer) : 7
number of training examples: 1141  test examples: 286
Epoch 0: 0 / 286
Epoch 1: 0 / 286
Epoch 2: 0 / 286
Epoch 9: 31 / 286
Epoch 10: 32 / 286
Epoch 11: 107 / 286
Epoch 12: 111 / 286
Epoch 17: 73 / 286
Epoch 18: 92 / 286
Epoch 19: 93 / 286
Result after 20 epoches: 93 / 286  (32%)

===== svm_traindata.txt.1a.ZDR_6.0_6.0.joined_mid_mean_min5 =====
dimension(Number of neurons for input layer) : 7
number of training examples: 1140  test examples: 285
Epoch 0: 0 / 285
Epoch 1: 0 / 285
Epoch 2: 48 / 285
Epoch 9: 78 / 285
Epoch 10: 95 / 285
Epoch 11: 68 / 285
Epoch 12: 53 / 285
Epoch 17: 106 / 285
Epoch 18: 53 / 285
Epoch 19: 54 / 285
Result after 20 epoches: 54 / 285  (18%)

===== svm_traindata.txt.1a.Z_0.5_0.5.joined_mid_mean_min5 =====
dimension(Number of neurons for input layer) : 7
number of training examples: 2200  test examples: 550
Epoch 0: 180 / 550
Epoch 1: 258 / 550
Epoch 2: 180 / 550
Epoch 9: 204 / 550
Epoch 10: 269 / 550
Epoch 11: 179 / 550
Epoch 12: 223 / 550
Epoch 17: 183 / 550
Epoch 18: 196 / 550
Epoch 19: 179 / 550
Result after 20 epoches: 179 / 550  (32%)

===== svm_traindata.txt.1a.Z_1.5_1.5.joined_mid_mean_min5 =====
dimension(Number of neurons for input layer) : 7
number of training examples: 2196  test examples: 549
Epoch 0: 248 / 549
Epoch 1: 145 / 549
Epoch 2: 195 / 549
Epoch 9: 192 / 549
Epoch 10: 258 / 549
Epoch 11: 213 / 549
Epoch 12: 258 / 549
Epoch 17: 147 / 549
Epoch 18: 258 / 549
Epoch 19: 198 / 549
Result after 20 epoches: 198 / 549  (36%)

===== svm_traindata.txt.1a.Z_2.4_2.4.joined_mid_mean_min5 =====
dimension(Number of neurons for input layer) : 7
number of training examples: 2194  test examples: 549
Epoch 0: 242 / 549
Epoch 1: 253 / 549
Epoch 2: 178 / 549
Epoch 9: 180 / 549
Epoch 10: 166 / 549
Epoch 11: 184 / 549
Epoch 12: 259 / 549
Epoch 17: 259 / 549
Epoch 18: 191 / 549
Epoch 19: 196 / 549
Result after 20 epoches: 196 / 549  (35%)

===== svm_traindata.txt.1a.Z_3.4_3.4.joined_mid_mean_min5 =====
dimension(Number of neurons for input layer) : 7
number of training examples: 2194  test examples: 549
Epoch 0: 188 / 549
Epoch 1: 260 / 549
Epoch 2: 171 / 549
Epoch 9: 259 / 549
Epoch 10: 162 / 549
Epoch 11: 259 / 549
Epoch 12: 211 / 549
Epoch 17: 187 / 549
Epoch 18: 157 / 549
Epoch 19: 230 / 549
Result after 20 epoches: 230 / 549  (41%)

===== svm_traindata.txt.1a.Z_4.3_4.3.joined_mid_mean_min5 =====
dimension(Number of neurons for input layer) : 7
number of training examples: 2193  test examples: 549
Epoch 0: 258 / 549
Epoch 1: 179 / 549
Epoch 2: 176 / 549
Epoch 9: 186 / 549
Epoch 10: 249 / 549
Epoch 11: 254 / 549
Epoch 12: 171 / 549
Epoch 17: 200 / 549
Epoch 18: 259 / 549
Epoch 19: 244 / 549
Result after 20 epoches: 244 / 549  (44%)

===== svm_traindata.txt.1a.Z_6.0_6.0.joined_mid_mean_min5 =====
dimension(Number of neurons for input layer) : 7
number of training examples: 2189  test examples: 548
Epoch 0: 258 / 548
Epoch 1: 258 / 548
Epoch 2: 191 / 548
Epoch 9: 90 / 548
Epoch 10: 209 / 548
Epoch 11: 159 / 548
Epoch 12: 192 / 548
Epoch 17: 68 / 548
Epoch 18: 134 / 548
Epoch 19: 160 / 548
Result after 20 epoches: 160 / 548  (29%)

