===== Training file list =====
svm_traindata.txt.1a.KDP_0.5_0.5.joined_mid_mean
svm_traindata.txt.1a.KDP_1.5_1.5.joined_mid_mean
svm_traindata.txt.1a.KDP_2.4_2.4.joined_mid_mean
svm_traindata.txt.1a.KDP_3.4_3.4.joined_mid_mean
svm_traindata.txt.1a.KDP_4.3_4.3.joined_mid_mean
svm_traindata.txt.1a.KDP_6.0_6.0.joined_mid_mean
svm_traindata.txt.1a.ZDR_0.5_0.5.joined_mid_mean
svm_traindata.txt.1a.ZDR_1.5_1.5.joined_mid_mean
svm_traindata.txt.1a.ZDR_2.4_2.4.joined_mid_mean
svm_traindata.txt.1a.ZDR_3.4_3.4.joined_mid_mean
svm_traindata.txt.1a.ZDR_4.3_4.3.joined_mid_mean
svm_traindata.txt.1a.ZDR_6.0_6.0.joined_mid_mean
svm_traindata.txt.1a.Z_0.5_0.5.joined_mid_mean
svm_traindata.txt.1a.Z_1.5_1.5.joined_mid_mean
svm_traindata.txt.1a.Z_2.4_2.4.joined_mid_mean
svm_traindata.txt.1a.Z_3.4_3.4.joined_mid_mean
svm_traindata.txt.1a.Z_4.3_4.3.joined_mid_mean
svm_traindata.txt.1a.Z_6.0_6.0.joined_mid_mean
training_data_dir: D:\\svmdata.10minPrecipAsLabel\svm_case2.2.1_merged_all_joined_mid_mean
rainfall_min_value: 0
rainfall_max_value: 100
n_rainfall_indexes(Number of neurons for output-layer): 100
size_hidden_layer(Number of neurons for hidden-layer): 30
kernel type: Sigmoid
epoches: 20
mini_batch_size: 10
training_rate: 2.0

===== svm_traindata.txt.1a.KDP_0.5_0.5.joined_mid_mean =====
dimension(Number of neurons for input layer) : 2
number of training examples: 1145  test examples: 287
Epoch 0: 0 / 287
Epoch 1: 32 / 287
Epoch 2: 108 / 287
Epoch 9: 108 / 287
Epoch 10: 108 / 287
Epoch 11: 67 / 287
Epoch 12: 61 / 287
Epoch 17: 109 / 287
Epoch 18: 108 / 287
Epoch 19: 109 / 287
Result after 20 epoches: 109 / 287  (37%)

===== svm_traindata.txt.1a.KDP_1.5_1.5.joined_mid_mean =====
dimension(Number of neurons for input layer) : 2
number of training examples: 1140  test examples: 286
Epoch 0: 0 / 286
Epoch 1: 0 / 286
Epoch 2: 0 / 286
Epoch 9: 0 / 286
Epoch 10: 112 / 286
Epoch 11: 112 / 286
Epoch 12: 111 / 286
Epoch 17: 109 / 286
Epoch 18: 112 / 286
Epoch 19: 112 / 286
Result after 20 epoches: 112 / 286  (39%)

===== svm_traindata.txt.1a.KDP_2.4_2.4.joined_mid_mean =====
dimension(Number of neurons for input layer) : 2
number of training examples: 1142  test examples: 286
Epoch 0: 0 / 286
Epoch 1: 0 / 286
Epoch 2: 0 / 286
Epoch 9: 34 / 286
Epoch 10: 110 / 286
Epoch 11: 103 / 286
Epoch 12: 100 / 286
Epoch 17: 110 / 286
Epoch 18: 103 / 286
Epoch 19: 31 / 286
Result after 20 epoches: 31 / 286  (10%)

===== svm_traindata.txt.1a.KDP_3.4_3.4.joined_mid_mean =====
dimension(Number of neurons for input layer) : 2
number of training examples: 1142  test examples: 286
Epoch 0: 0 / 286
Epoch 1: 0 / 286
Epoch 2: 110 / 286
Epoch 9: 110 / 286
Epoch 10: 112 / 286
Epoch 11: 110 / 286
Epoch 12: 110 / 286
Epoch 17: 110 / 286
Epoch 18: 31 / 286
Epoch 19: 103 / 286
Result after 20 epoches: 103 / 286  (36%)

===== svm_traindata.txt.1a.KDP_4.3_4.3.joined_mid_mean =====
dimension(Number of neurons for input layer) : 2
number of training examples: 1141  test examples: 286
Epoch 0: 0 / 286
Epoch 1: 0 / 286
Epoch 2: 0 / 286
Epoch 9: 0 / 286
Epoch 10: 0 / 286
Epoch 11: 0 / 286
Epoch 12: 0 / 286
Epoch 17: 0 / 286
Epoch 18: 0 / 286
Epoch 19: 31 / 286
Result after 20 epoches: 31 / 286  (10%)

===== svm_traindata.txt.1a.KDP_6.0_6.0.joined_mid_mean =====
dimension(Number of neurons for input layer) : 2
number of training examples: 1140  test examples: 286
Epoch 0: 110 / 286
Epoch 1: 110 / 286
Epoch 2: 110 / 286
Epoch 9: 110 / 286
Epoch 10: 109 / 286
Epoch 11: 109 / 286
Epoch 12: 110 / 286
Epoch 17: 110 / 286
Epoch 18: 110 / 286
Epoch 19: 110 / 286
Result after 20 epoches: 110 / 286  (38%)

===== svm_traindata.txt.1a.ZDR_0.5_0.5.joined_mid_mean =====
dimension(Number of neurons for input layer) : 2
number of training examples: 1145  test examples: 287
Epoch 0: 37 / 287
Epoch 1: 37 / 287
Epoch 2: 108 / 287
Epoch 9: 40 / 287
Epoch 10: 108 / 287
Epoch 11: 108 / 287
Epoch 12: 40 / 287
Epoch 17: 50 / 287
Epoch 18: 48 / 287
Epoch 19: 108 / 287
Result after 20 epoches: 108 / 287  (37%)

===== svm_traindata.txt.1a.ZDR_1.5_1.5.joined_mid_mean =====
dimension(Number of neurons for input layer) : 2
number of training examples: 1140  test examples: 286
Epoch 0: 0 / 286
Epoch 1: 0 / 286
Epoch 2: 4 / 286
Epoch 9: 83 / 286
Epoch 10: 75 / 286
Epoch 11: 108 / 286
Epoch 12: 111 / 286
Epoch 17: 96 / 286
Epoch 18: 84 / 286
Epoch 19: 87 / 286
Result after 20 epoches: 87 / 286  (30%)

===== svm_traindata.txt.1a.ZDR_2.4_2.4.joined_mid_mean =====
dimension(Number of neurons for input layer) : 2
number of training examples: 1142  test examples: 286
Epoch 0: 110 / 286
Epoch 1: 32 / 286
Epoch 2: 86 / 286
Epoch 9: 31 / 286
Epoch 10: 52 / 286
Epoch 11: 110 / 286
Epoch 12: 64 / 286
Epoch 17: 110 / 286
Epoch 18: 110 / 286
Epoch 19: 110 / 286
Result after 20 epoches: 110 / 286  (38%)

===== svm_traindata.txt.1a.ZDR_3.4_3.4.joined_mid_mean =====
dimension(Number of neurons for input layer) : 2
number of training examples: 1142  test examples: 286
Epoch 0: 0 / 286
Epoch 1: 58 / 286
Epoch 2: 110 / 286
Epoch 9: 110 / 286
Epoch 10: 47 / 286
Epoch 11: 67 / 286
Epoch 12: 110 / 286
Epoch 17: 85 / 286
Epoch 18: 60 / 286
Epoch 19: 61 / 286
Result after 20 epoches: 61 / 286  (21%)

===== svm_traindata.txt.1a.ZDR_4.3_4.3.joined_mid_mean =====
dimension(Number of neurons for input layer) : 2
number of training examples: 1141  test examples: 286
Epoch 0: 110 / 286
Epoch 1: 31 / 286
Epoch 2: 32 / 286
Epoch 9: 31 / 286
Epoch 10: 32 / 286
Epoch 11: 110 / 286
Epoch 12: 34 / 286
Epoch 17: 48 / 286
Epoch 18: 110 / 286
Epoch 19: 32 / 286
Result after 20 epoches: 32 / 286  (11%)

===== svm_traindata.txt.1a.ZDR_6.0_6.0.joined_mid_mean =====
dimension(Number of neurons for input layer) : 2
number of training examples: 1140  test examples: 285
Epoch 0: 0 / 285
Epoch 1: 0 / 285
Epoch 2: 47 / 285
Epoch 9: 109 / 285
Epoch 10: 109 / 285
Epoch 11: 109 / 285
Epoch 12: 31 / 285
Epoch 17: 73 / 285
Epoch 18: 57 / 285
Epoch 19: 34 / 285
Result after 20 epoches: 34 / 285  (11%)

===== svm_traindata.txt.1a.Z_0.5_0.5.joined_mid_mean =====
dimension(Number of neurons for input layer) : 2
number of training examples: 2200  test examples: 550
Epoch 0: 257 / 550
Epoch 1: 176 / 550
Epoch 2: 257 / 550
Epoch 9: 258 / 550
Epoch 10: 232 / 550
Epoch 11: 158 / 550
Epoch 12: 258 / 550
Epoch 17: 258 / 550
Epoch 18: 253 / 550
Epoch 19: 258 / 550
Result after 20 epoches: 258 / 550  (46%)

===== svm_traindata.txt.1a.Z_1.5_1.5.joined_mid_mean =====
dimension(Number of neurons for input layer) : 2
number of training examples: 2196  test examples: 549
Epoch 0: 148 / 549
Epoch 1: 258 / 549
Epoch 2: 134 / 549
Epoch 9: 258 / 549
Epoch 10: 258 / 549
Epoch 11: 258 / 549
Epoch 12: 150 / 549
Epoch 17: 178 / 549
Epoch 18: 141 / 549
Epoch 19: 176 / 549
Result after 20 epoches: 176 / 549  (32%)

===== svm_traindata.txt.1a.Z_2.4_2.4.joined_mid_mean =====
dimension(Number of neurons for input layer) : 2
number of training examples: 2194  test examples: 549
Epoch 0: 164 / 549
Epoch 1: 165 / 549
Epoch 2: 165 / 549
Epoch 9: 165 / 549
Epoch 10: 164 / 549
Epoch 11: 142 / 549
Epoch 12: 154 / 549
Epoch 17: 171 / 549
Epoch 18: 161 / 549
Epoch 19: 164 / 549
Result after 20 epoches: 164 / 549  (29%)

===== svm_traindata.txt.1a.Z_3.4_3.4.joined_mid_mean =====
dimension(Number of neurons for input layer) : 2
number of training examples: 2194  test examples: 549
Epoch 0: 154 / 549
Epoch 1: 259 / 549
Epoch 2: 162 / 549
Epoch 9: 220 / 549
Epoch 10: 255 / 549
Epoch 11: 155 / 549
Epoch 12: 121 / 549
Epoch 17: 129 / 549
Epoch 18: 159 / 549
Epoch 19: 166 / 549
Result after 20 epoches: 166 / 549  (30%)

===== svm_traindata.txt.1a.Z_4.3_4.3.joined_mid_mean =====
dimension(Number of neurons for input layer) : 2
number of training examples: 2193  test examples: 549
Epoch 0: 165 / 549
Epoch 1: 259 / 549
Epoch 2: 258 / 549
Epoch 9: 97 / 549
Epoch 10: 258 / 549
Epoch 11: 259 / 549
Epoch 12: 259 / 549
Epoch 17: 213 / 549
Epoch 18: 156 / 549
Epoch 19: 167 / 549
Result after 20 epoches: 167 / 549  (30%)

===== svm_traindata.txt.1a.Z_6.0_6.0.joined_mid_mean =====
dimension(Number of neurons for input layer) : 2
number of training examples: 2189  test examples: 548
Epoch 0: 258 / 548
Epoch 1: 169 / 548
Epoch 2: 247 / 548
Epoch 9: 178 / 548
Epoch 10: 166 / 548
Epoch 11: 173 / 548
Epoch 12: 165 / 548
Epoch 17: 164 / 548
Epoch 18: 168 / 548
Epoch 19: 179 / 548
Result after 20 epoches: 179 / 548  (32%)

