===== Training file list =====
svm_traindata.txt.1a.KDP_0.5_0.5.HourlyAggr.fuzzy
svm_traindata.txt.1a.KDP_1.5_1.5.HourlyAggr.fuzzy
svm_traindata.txt.1a.KDP_2.4_2.4.HourlyAggr.fuzzy
svm_traindata.txt.1a.KDP_3.4_3.4.HourlyAggr.fuzzy
svm_traindata.txt.1a.KDP_4.3_4.3.HourlyAggr.fuzzy
svm_traindata.txt.1a.KDP_6.0_6.0.HourlyAggr.fuzzy
svm_traindata.txt.1a.ZDR_0.5_0.5.HourlyAggr.fuzzy
svm_traindata.txt.1a.ZDR_1.5_1.5.HourlyAggr.fuzzy
svm_traindata.txt.1a.ZDR_2.4_2.4.HourlyAggr.fuzzy
svm_traindata.txt.1a.ZDR_3.4_3.4.HourlyAggr.fuzzy
svm_traindata.txt.1a.ZDR_4.3_4.3.HourlyAggr.fuzzy
svm_traindata.txt.1a.ZDR_6.0_6.0.HourlyAggr.fuzzy
svm_traindata.txt.1a.Z_0.5_0.5.HourlyAggr.fuzzy
svm_traindata.txt.1a.Z_1.5_1.5.HourlyAggr.fuzzy
svm_traindata.txt.1a.Z_2.4_2.4.HourlyAggr.fuzzy
svm_traindata.txt.1a.Z_3.4_3.4.HourlyAggr.fuzzy
svm_traindata.txt.1a.Z_4.3_4.3.HourlyAggr.fuzzy
svm_traindata.txt.1a.Z_6.0_6.0.HourlyAggr.fuzzy
training_data_dir: D:\\svmdata.10minPrecipAsLabel.HourlyAggr.FuzzyLabel\svm_case1_merged_all_single
rainfall_min_value: 0
rainfall_max_value: 100
n_rainfall_indexes(Number of neurons for output-layer): 100
size_hidden_layer(Number of neurons for hidden-layer): 30
kernel type: Sigmoid
epoches: 20
mini_batch_size: 10
training_rate: 2.0

===== svm_traindata.txt.1a.KDP_0.5_0.5.HourlyAggr.fuzzy =====
dimension(Number of neurons for input layer) : 625
number of training examples: 143  test examples: 36
Epoch 0: 23 / 36
Epoch 1: 23 / 36
Epoch 2: 22 / 36
Epoch 9: 24 / 36
Epoch 10: 23 / 36
Epoch 11: 24 / 36
Epoch 12: 17 / 36
Epoch 17: 23 / 36
Epoch 18: 25 / 36
Epoch 19: 24 / 36
Result after 20 epoches: 24 / 36  (66%)

===== svm_traindata.txt.1a.KDP_1.5_1.5.HourlyAggr.fuzzy =====
dimension(Number of neurons for input layer) : 625
number of training examples: 143  test examples: 36
Epoch 0: 0 / 36
Epoch 1: 0 / 36
Epoch 2: 0 / 36
Epoch 9: 23 / 36
Epoch 10: 19 / 36
Epoch 11: 12 / 36
Epoch 12: 22 / 36
Epoch 17: 23 / 36
Epoch 18: 24 / 36
Epoch 19: 21 / 36
Result after 20 epoches: 21 / 36  (58%)

===== svm_traindata.txt.1a.KDP_2.4_2.4.HourlyAggr.fuzzy =====
dimension(Number of neurons for input layer) : 625
number of training examples: 143  test examples: 36
Epoch 0: 0 / 36
Epoch 1: 1 / 36
Epoch 2: 23 / 36
Epoch 9: 24 / 36
Epoch 10: 27 / 36
Epoch 11: 28 / 36
Epoch 12: 25 / 36
Epoch 17: 28 / 36
Epoch 18: 26 / 36
Epoch 19: 27 / 36
Result after 20 epoches: 27 / 36  (75%)

===== svm_traindata.txt.1a.KDP_3.4_3.4.HourlyAggr.fuzzy =====
dimension(Number of neurons for input layer) : 625
number of training examples: 143  test examples: 36
Epoch 0: 0 / 36
Epoch 1: 15 / 36
Epoch 2: 23 / 36
Epoch 9: 21 / 36
Epoch 10: 20 / 36
Epoch 11: 23 / 36
Epoch 12: 23 / 36
Epoch 17: 21 / 36
Epoch 18: 23 / 36
Epoch 19: 10 / 36
Result after 20 epoches: 10 / 36  (27%)

===== svm_traindata.txt.1a.KDP_4.3_4.3.HourlyAggr.fuzzy =====
dimension(Number of neurons for input layer) : 625
number of training examples: 143  test examples: 36
Epoch 0: 0 / 36
Epoch 1: 12 / 36
Epoch 2: 11 / 36
Epoch 9: 26 / 36
Epoch 10: 20 / 36
Epoch 11: 25 / 36
Epoch 12: 24 / 36
Epoch 17: 23 / 36
Epoch 18: 21 / 36
Epoch 19: 22 / 36
Result after 20 epoches: 22 / 36  (61%)

===== svm_traindata.txt.1a.KDP_6.0_6.0.HourlyAggr.fuzzy =====
dimension(Number of neurons for input layer) : 625
number of training examples: 143  test examples: 36
Epoch 0: 0 / 36
Epoch 1: 0 / 36
Epoch 2: 23 / 36
Epoch 9: 25 / 36
Epoch 10: 26 / 36
Epoch 11: 25 / 36
Epoch 12: 27 / 36
Epoch 17: 26 / 36
Epoch 18: 23 / 36
Epoch 19: 25 / 36
Result after 20 epoches: 25 / 36  (69%)

===== svm_traindata.txt.1a.ZDR_0.5_0.5.HourlyAggr.fuzzy =====
dimension(Number of neurons for input layer) : 625
number of training examples: 143  test examples: 36
Epoch 0: 0 / 36
Epoch 1: 22 / 36
Epoch 2: 22 / 36
Epoch 9: 22 / 36
Epoch 10: 22 / 36
Epoch 11: 22 / 36
Epoch 12: 22 / 36
Epoch 17: 23 / 36
Epoch 18: 15 / 36
Epoch 19: 22 / 36
Result after 20 epoches: 22 / 36  (61%)

===== svm_traindata.txt.1a.ZDR_1.5_1.5.HourlyAggr.fuzzy =====
dimension(Number of neurons for input layer) : 625
number of training examples: 143  test examples: 36
Epoch 0: 1 / 36
Epoch 1: 1 / 36
Epoch 2: 1 / 36
Epoch 9: 21 / 36
Epoch 10: 21 / 36
Epoch 11: 24 / 36
Epoch 12: 15 / 36
Epoch 17: 23 / 36
Epoch 18: 25 / 36
Epoch 19: 26 / 36
Result after 20 epoches: 26 / 36  (72%)

===== svm_traindata.txt.1a.ZDR_2.4_2.4.HourlyAggr.fuzzy =====
dimension(Number of neurons for input layer) : 625
number of training examples: 143  test examples: 36
Epoch 0: 0 / 36
Epoch 1: 0 / 36
Epoch 2: 0 / 36
Epoch 9: 0 / 36
Epoch 10: 0 / 36
Epoch 11: 0 / 36
Epoch 12: 0 / 36
Epoch 17: 0 / 36
Epoch 18: 0 / 36
Epoch 19: 0 / 36
Result after 20 epoches: 0 / 36  (0%)

===== svm_traindata.txt.1a.ZDR_3.4_3.4.HourlyAggr.fuzzy =====
dimension(Number of neurons for input layer) : 625
number of training examples: 143  test examples: 36
Epoch 0: 21 / 36
Epoch 1: 19 / 36
Epoch 2: 13 / 36
Epoch 9: 16 / 36
Epoch 10: 16 / 36
Epoch 11: 23 / 36
Epoch 12: 16 / 36
Epoch 17: 14 / 36
Epoch 18: 20 / 36
Epoch 19: 23 / 36
Result after 20 epoches: 23 / 36  (63%)

===== svm_traindata.txt.1a.ZDR_4.3_4.3.HourlyAggr.fuzzy =====
dimension(Number of neurons for input layer) : 625
number of training examples: 143  test examples: 36
Epoch 0: 0 / 36
Epoch 1: 0 / 36
Epoch 2: 0 / 36
Epoch 9: 0 / 36
Epoch 10: 0 / 36
Epoch 11: 0 / 36
Epoch 12: 0 / 36
Epoch 17: 0 / 36
Epoch 18: 0 / 36
Epoch 19: 0 / 36
Result after 20 epoches: 0 / 36  (0%)

===== svm_traindata.txt.1a.ZDR_6.0_6.0.HourlyAggr.fuzzy =====
dimension(Number of neurons for input layer) : 625
number of training examples: 143  test examples: 36
Epoch 0: 24 / 36
Epoch 1: 21 / 36
Epoch 2: 22 / 36
Epoch 9: 22 / 36
Epoch 10: 22 / 36
Epoch 11: 22 / 36
Epoch 12: 21 / 36
Epoch 17: 23 / 36
Epoch 18: 22 / 36
Epoch 19: 24 / 36
Result after 20 epoches: 24 / 36  (66%)

===== svm_traindata.txt.1a.Z_0.5_0.5.HourlyAggr.fuzzy =====
dimension(Number of neurons for input layer) : 625
number of training examples: 268  test examples: 68
Epoch 0: 3 / 68
Epoch 1: 36 / 68
Epoch 2: 36 / 68
Epoch 9: 39 / 68
Epoch 10: 39 / 68
Epoch 11: 38 / 68
Epoch 12: 39 / 68
Epoch 17: 37 / 68
Epoch 18: 37 / 68
Epoch 19: 40 / 68
Result after 20 epoches: 40 / 68  (58%)

===== svm_traindata.txt.1a.Z_1.5_1.5.HourlyAggr.fuzzy =====
dimension(Number of neurons for input layer) : 625
number of training examples: 268  test examples: 68
Epoch 0: 0 / 68
Epoch 1: 10 / 68
Epoch 2: 35 / 68
Epoch 9: 39 / 68
Epoch 10: 36 / 68
Epoch 11: 36 / 68
Epoch 12: 40 / 68
Epoch 17: 37 / 68
Epoch 18: 37 / 68
Epoch 19: 41 / 68
Result after 20 epoches: 41 / 68  (60%)

===== svm_traindata.txt.1a.Z_2.4_2.4.HourlyAggr.fuzzy =====
dimension(Number of neurons for input layer) : 625
number of training examples: 268  test examples: 68
Epoch 0: 2 / 68
Epoch 1: 32 / 68
Epoch 2: 32 / 68
Epoch 9: 35 / 68
Epoch 10: 41 / 68
Epoch 11: 42 / 68
Epoch 12: 42 / 68
Epoch 17: 42 / 68
Epoch 18: 42 / 68
Epoch 19: 37 / 68
Result after 20 epoches: 37 / 68  (54%)

===== svm_traindata.txt.1a.Z_3.4_3.4.HourlyAggr.fuzzy =====
dimension(Number of neurons for input layer) : 625
number of training examples: 268  test examples: 68
Epoch 0: 0 / 68
Epoch 1: 3 / 68
Epoch 2: 10 / 68
Epoch 9: 36 / 68
Epoch 10: 39 / 68
Epoch 11: 40 / 68
Epoch 12: 38 / 68
Epoch 17: 40 / 68
Epoch 18: 38 / 68
Epoch 19: 40 / 68
Result after 20 epoches: 40 / 68  (58%)

===== svm_traindata.txt.1a.Z_4.3_4.3.HourlyAggr.fuzzy =====
dimension(Number of neurons for input layer) : 625
number of training examples: 268  test examples: 68
Epoch 0: 0 / 68
Epoch 1: 40 / 68
Epoch 2: 36 / 68
Epoch 9: 36 / 68
Epoch 10: 36 / 68
Epoch 11: 40 / 68
Epoch 12: 37 / 68
Epoch 17: 36 / 68
Epoch 18: 37 / 68
Epoch 19: 40 / 68
Result after 20 epoches: 40 / 68  (58%)

===== svm_traindata.txt.1a.Z_6.0_6.0.HourlyAggr.fuzzy =====
dimension(Number of neurons for input layer) : 625
number of training examples: 268  test examples: 68
Epoch 0: 26 / 68
Epoch 1: 36 / 68
Epoch 2: 37 / 68
Epoch 9: 36 / 68
Epoch 10: 42 / 68
Epoch 11: 43 / 68
Epoch 12: 36 / 68
Epoch 17: 41 / 68
Epoch 18: 42 / 68
Epoch 19: 37 / 68
Result after 20 epoches: 37 / 68  (54%)

