===== Training file list =====
svm_traindata.txt.1a.0.5_0.5.joined_Z_KDP.HourlyAggr.fuzzy
svm_traindata.txt.1a.0.5_0.5.joined_Z_ZDR.HourlyAggr.fuzzy
svm_traindata.txt.1a.0.5_0.5.joined_Z_ZDR_KDP.HourlyAggr.fuzzy
svm_traindata.txt.1a.1.5_1.5.joined_Z_KDP.HourlyAggr.fuzzy
svm_traindata.txt.1a.1.5_1.5.joined_Z_ZDR.HourlyAggr.fuzzy
svm_traindata.txt.1a.1.5_1.5.joined_Z_ZDR_KDP.HourlyAggr.fuzzy
svm_traindata.txt.1a.2.4_2.4.joined_Z_KDP.HourlyAggr.fuzzy
svm_traindata.txt.1a.2.4_2.4.joined_Z_ZDR.HourlyAggr.fuzzy
svm_traindata.txt.1a.2.4_2.4.joined_Z_ZDR_KDP.HourlyAggr.fuzzy
svm_traindata.txt.1a.3.4_3.4.joined_Z_KDP.HourlyAggr.fuzzy
svm_traindata.txt.1a.3.4_3.4.joined_Z_ZDR.HourlyAggr.fuzzy
svm_traindata.txt.1a.3.4_3.4.joined_Z_ZDR_KDP.HourlyAggr.fuzzy
svm_traindata.txt.1a.4.3_4.3.joined_Z_KDP.HourlyAggr.fuzzy
svm_traindata.txt.1a.4.3_4.3.joined_Z_ZDR.HourlyAggr.fuzzy
svm_traindata.txt.1a.4.3_4.3.joined_Z_ZDR_KDP.HourlyAggr.fuzzy
svm_traindata.txt.1a.6.0_6.0.joined_Z_KDP.HourlyAggr.fuzzy
svm_traindata.txt.1a.6.0_6.0.joined_Z_ZDR.HourlyAggr.fuzzy
svm_traindata.txt.1a.6.0_6.0.joined_Z_ZDR_KDP.HourlyAggr.fuzzy
training_data_dir: D:\\svmdata.10minPrecipAsLabel.HourlyAggr.FuzzyLabel\svm_case3.2_merged_all_joined_prod
rainfall_min_value: 0
rainfall_max_value: 100
n_rainfall_indexes(Number of neurons for output-layer): 100
size_hidden_layer(Number of neurons for hidden-layer): 30
kernel type: Sigmoid
epoches: 20
mini_batch_size: 10
training_rate: 2.0

===== svm_traindata.txt.1a.0.5_0.5.joined_Z_KDP.HourlyAggr.fuzzy =====
dimension(Number of neurons for input layer) : 1250
number of training examples: 143  test examples: 36
Epoch 0: 4 / 36
Epoch 1: 21 / 36
Epoch 2: 21 / 36
Epoch 9: 23 / 36
Epoch 10: 23 / 36
Epoch 11: 23 / 36
Epoch 12: 23 / 36
Epoch 17: 23 / 36
Epoch 18: 23 / 36
Epoch 19: 23 / 36
Result after 20 epoches: 23 / 36  (63%)

===== svm_traindata.txt.1a.0.5_0.5.joined_Z_ZDR.HourlyAggr.fuzzy =====
dimension(Number of neurons for input layer) : 1250
number of training examples: 143  test examples: 36
Epoch 0: 22 / 36
Epoch 1: 23 / 36
Epoch 2: 23 / 36
Epoch 9: 23 / 36
Epoch 10: 23 / 36
Epoch 11: 23 / 36
Epoch 12: 23 / 36
Epoch 17: 23 / 36
Epoch 18: 23 / 36
Epoch 19: 23 / 36
Result after 20 epoches: 23 / 36  (63%)

===== svm_traindata.txt.1a.0.5_0.5.joined_Z_ZDR_KDP.HourlyAggr.fuzzy =====
dimension(Number of neurons for input layer) : 1875
number of training examples: 143  test examples: 36
Epoch 0: 0 / 36
Epoch 1: 0 / 36
Epoch 2: 0 / 36
Epoch 9: 21 / 36
Epoch 10: 23 / 36
Epoch 11: 22 / 36
Epoch 12: 23 / 36
Epoch 17: 23 / 36
Epoch 18: 23 / 36
Epoch 19: 23 / 36
Result after 20 epoches: 23 / 36  (63%)

===== svm_traindata.txt.1a.1.5_1.5.joined_Z_KDP.HourlyAggr.fuzzy =====
dimension(Number of neurons for input layer) : 1250
number of training examples: 143  test examples: 36
Epoch 0: 0 / 36
Epoch 1: 0 / 36
Epoch 2: 0 / 36
Epoch 9: 0 / 36
Epoch 10: 0 / 36
Epoch 11: 0 / 36
Epoch 12: 0 / 36
Epoch 17: 0 / 36
Epoch 18: 0 / 36
Epoch 19: 0 / 36
Result after 20 epoches: 0 / 36  (0%)

===== svm_traindata.txt.1a.1.5_1.5.joined_Z_ZDR.HourlyAggr.fuzzy =====
dimension(Number of neurons for input layer) : 1250
number of training examples: 143  test examples: 36
Epoch 0: 19 / 36
Epoch 1: 19 / 36
Epoch 2: 15 / 36
Epoch 9: 20 / 36
Epoch 10: 20 / 36
Epoch 11: 18 / 36
Epoch 12: 23 / 36
Epoch 17: 24 / 36
Epoch 18: 24 / 36
Epoch 19: 21 / 36
Result after 20 epoches: 21 / 36  (58%)

===== svm_traindata.txt.1a.1.5_1.5.joined_Z_ZDR_KDP.HourlyAggr.fuzzy =====
dimension(Number of neurons for input layer) : 1875
number of training examples: 143  test examples: 36
Epoch 0: 0 / 36
Epoch 1: 0 / 36
Epoch 2: 0 / 36
Epoch 9: 23 / 36
Epoch 10: 23 / 36
Epoch 11: 23 / 36
Epoch 12: 19 / 36
Epoch 17: 20 / 36
Epoch 18: 20 / 36
Epoch 19: 20 / 36
Result after 20 epoches: 20 / 36  (55%)

===== svm_traindata.txt.1a.2.4_2.4.joined_Z_KDP.HourlyAggr.fuzzy =====
dimension(Number of neurons for input layer) : 1250
number of training examples: 143  test examples: 36
Epoch 0: 0 / 36
Epoch 1: 2 / 36
Epoch 2: 2 / 36
Epoch 9: 19 / 36
Epoch 10: 21 / 36
Epoch 11: 19 / 36
Epoch 12: 19 / 36
Epoch 17: 22 / 36
Epoch 18: 22 / 36
Epoch 19: 20 / 36
Result after 20 epoches: 20 / 36  (55%)

===== svm_traindata.txt.1a.2.4_2.4.joined_Z_ZDR.HourlyAggr.fuzzy =====
dimension(Number of neurons for input layer) : 1250
number of training examples: 143  test examples: 36
Epoch 0: 0 / 36
Epoch 1: 0 / 36
Epoch 2: 0 / 36
Epoch 9: 9 / 36
Epoch 10: 13 / 36
Epoch 11: 19 / 36
Epoch 12: 21 / 36
Epoch 17: 23 / 36
Epoch 18: 20 / 36
Epoch 19: 23 / 36
Result after 20 epoches: 23 / 36  (63%)

===== svm_traindata.txt.1a.2.4_2.4.joined_Z_ZDR_KDP.HourlyAggr.fuzzy =====
dimension(Number of neurons for input layer) : 1875
number of training examples: 143  test examples: 36
Epoch 0: 0 / 36
Epoch 1: 3 / 36
Epoch 2: 11 / 36
Epoch 9: 23 / 36
Epoch 10: 24 / 36
Epoch 11: 23 / 36
Epoch 12: 25 / 36
Epoch 17: 23 / 36
Epoch 18: 23 / 36
Epoch 19: 24 / 36
Result after 20 epoches: 24 / 36  (66%)

===== svm_traindata.txt.1a.3.4_3.4.joined_Z_KDP.HourlyAggr.fuzzy =====
dimension(Number of neurons for input layer) : 1250
number of training examples: 143  test examples: 36
Epoch 0: 1 / 36
Epoch 1: 13 / 36
Epoch 2: 23 / 36
Epoch 9: 23 / 36
Epoch 10: 23 / 36
Epoch 11: 23 / 36
Epoch 12: 23 / 36
Epoch 17: 22 / 36
Epoch 18: 23 / 36
Epoch 19: 23 / 36
Result after 20 epoches: 23 / 36  (63%)

===== svm_traindata.txt.1a.3.4_3.4.joined_Z_ZDR.HourlyAggr.fuzzy =====
dimension(Number of neurons for input layer) : 1250
number of training examples: 143  test examples: 36
Epoch 0: 6 / 36
Epoch 1: 21 / 36
Epoch 2: 24 / 36
Epoch 9: 23 / 36
Epoch 10: 23 / 36
Epoch 11: 23 / 36
Epoch 12: 23 / 36
Epoch 17: 23 / 36
Epoch 18: 23 / 36
Epoch 19: 24 / 36
Result after 20 epoches: 24 / 36  (66%)

===== svm_traindata.txt.1a.3.4_3.4.joined_Z_ZDR_KDP.HourlyAggr.fuzzy =====
dimension(Number of neurons for input layer) : 1875
number of training examples: 143  test examples: 36
Epoch 0: 0 / 36
Epoch 1: 15 / 36
Epoch 2: 23 / 36
Epoch 9: 22 / 36
Epoch 10: 23 / 36
Epoch 11: 23 / 36
Epoch 12: 21 / 36
Epoch 17: 22 / 36
Epoch 18: 23 / 36
Epoch 19: 23 / 36
Result after 20 epoches: 23 / 36  (63%)

===== svm_traindata.txt.1a.4.3_4.3.joined_Z_KDP.HourlyAggr.fuzzy =====
dimension(Number of neurons for input layer) : 1250
number of training examples: 143  test examples: 36
Epoch 0: 5 / 36
Epoch 1: 20 / 36
Epoch 2: 20 / 36
Epoch 9: 23 / 36
Epoch 10: 23 / 36
Epoch 11: 22 / 36
Epoch 12: 23 / 36
Epoch 17: 23 / 36
Epoch 18: 24 / 36
Epoch 19: 23 / 36
Result after 20 epoches: 23 / 36  (63%)

===== svm_traindata.txt.1a.4.3_4.3.joined_Z_ZDR.HourlyAggr.fuzzy =====
dimension(Number of neurons for input layer) : 1250
number of training examples: 143  test examples: 36
Epoch 0: 1 / 36
Epoch 1: 14 / 36
Epoch 2: 20 / 36
Epoch 9: 24 / 36
Epoch 10: 23 / 36
Epoch 11: 24 / 36
Epoch 12: 23 / 36
Epoch 17: 23 / 36
Epoch 18: 23 / 36
Epoch 19: 23 / 36
Result after 20 epoches: 23 / 36  (63%)

===== svm_traindata.txt.1a.4.3_4.3.joined_Z_ZDR_KDP.HourlyAggr.fuzzy =====
dimension(Number of neurons for input layer) : 1875
number of training examples: 143  test examples: 36
Epoch 0: 0 / 36
Epoch 1: 0 / 36
Epoch 2: 0 / 36
Epoch 9: 0 / 36
Epoch 10: 0 / 36
Epoch 11: 0 / 36
Epoch 12: 0 / 36
Epoch 17: 0 / 36
Epoch 18: 0 / 36
Epoch 19: 0 / 36
Result after 20 epoches: 0 / 36  (0%)

===== svm_traindata.txt.1a.6.0_6.0.joined_Z_KDP.HourlyAggr.fuzzy =====
dimension(Number of neurons for input layer) : 1250
number of training examples: 143  test examples: 36
Epoch 0: 7 / 36
Epoch 1: 22 / 36
Epoch 2: 22 / 36
Epoch 9: 23 / 36
Epoch 10: 23 / 36
Epoch 11: 23 / 36
Epoch 12: 23 / 36
Epoch 17: 24 / 36
Epoch 18: 23 / 36
Epoch 19: 22 / 36
Result after 20 epoches: 22 / 36  (61%)

===== svm_traindata.txt.1a.6.0_6.0.joined_Z_ZDR.HourlyAggr.fuzzy =====
dimension(Number of neurons for input layer) : 1250
number of training examples: 143  test examples: 36
Epoch 0: 0 / 36
Epoch 1: 0 / 36
Epoch 2: 0 / 36
Epoch 9: 0 / 36
Epoch 10: 0 / 36
Epoch 11: 0 / 36
Epoch 12: 0 / 36
Epoch 17: 0 / 36
Epoch 18: 0 / 36
Epoch 19: 0 / 36
Result after 20 epoches: 0 / 36  (0%)

===== svm_traindata.txt.1a.6.0_6.0.joined_Z_ZDR_KDP.HourlyAggr.fuzzy =====
dimension(Number of neurons for input layer) : 1875
number of training examples: 143  test examples: 36
Epoch 0: 9 / 36
Epoch 1: 21 / 36
Epoch 2: 21 / 36
Epoch 9: 23 / 36
Epoch 10: 23 / 36
Epoch 11: 21 / 36
Epoch 12: 23 / 36
Epoch 17: 23 / 36
Epoch 18: 22 / 36
Epoch 19: 23 / 36
Result after 20 epoches: 23 / 36  (63%)

