===== Training file list =====
svm_traindata.txt.1a.KDP.joined_elev.HourlyAggr
svm_traindata.txt.1a.Z.joined_elev.HourlyAggr
svm_traindata.txt.1a.ZDR.joined_elev.HourlyAggr
training_data_dir: D:\\svmdata.10minPrecipAsLabel.HourlyAggr\svm_case2.4.2_merged_all_joined_mid_mean_min5_elev
rainfall_min_value: 0
rainfall_max_value: 100
n_rainfall_indexes(Number of neurons for output-layer): 100
size_hidden_layer(Number of neurons for hidden-layer): 30
kernel type: Sigmoid
epoches: 20
mini_batch_size: 10
training_rate: 2.0

===== svm_traindata.txt.1a.KDP.joined_elev.HourlyAggr =====
dimension(Number of neurons for input layer) : 42
number of training examples: 143  test examples: 36
Epoch 0: 0 / 36
Epoch 1: 0 / 36
Epoch 2: 0 / 36
Epoch 9: 5 / 36
Epoch 10: 5 / 36
Epoch 11: 5 / 36
Epoch 12: 5 / 36
Epoch 17: 5 / 36
Epoch 18: 5 / 36
Epoch 19: 2 / 36
Result after 20 epoches: 2 / 36  (5%)

===== svm_traindata.txt.1a.Z.joined_elev.HourlyAggr =====
dimension(Number of neurons for input layer) : 42
number of training examples: 268  test examples: 68
Epoch 0: 0 / 68
Epoch 1: 7 / 68
Epoch 2: 4 / 68
Epoch 9: 4 / 68
Epoch 10: 6 / 68
Epoch 11: 8 / 68
Epoch 12: 8 / 68
Epoch 17: 8 / 68
Epoch 18: 8 / 68
Epoch 19: 8 / 68
Result after 20 epoches: 8 / 68  (11%)

===== svm_traindata.txt.1a.ZDR.joined_elev.HourlyAggr =====
dimension(Number of neurons for input layer) : 42
number of training examples: 143  test examples: 36
Epoch 0: 0 / 36
Epoch 1: 4 / 36
Epoch 2: 4 / 36
Epoch 9: 2 / 36
Epoch 10: 4 / 36
Epoch 11: 4 / 36
Epoch 12: 4 / 36
Epoch 17: 4 / 36
Epoch 18: 4 / 36
Epoch 19: 4 / 36
Result after 20 epoches: 4 / 36  (11%)

