===== Training file list =====
svm_traindata.txt.1a.KDP_0.5_0.5.joined_mid_mean.HourlyAggr
svm_traindata.txt.1a.KDP_1.5_1.5.joined_mid_mean.HourlyAggr
svm_traindata.txt.1a.KDP_2.4_2.4.joined_mid_mean.HourlyAggr
svm_traindata.txt.1a.KDP_3.4_3.4.joined_mid_mean.HourlyAggr
svm_traindata.txt.1a.KDP_4.3_4.3.joined_mid_mean.HourlyAggr
svm_traindata.txt.1a.KDP_6.0_6.0.joined_mid_mean.HourlyAggr
svm_traindata.txt.1a.ZDR_0.5_0.5.joined_mid_mean.HourlyAggr
svm_traindata.txt.1a.ZDR_1.5_1.5.joined_mid_mean.HourlyAggr
svm_traindata.txt.1a.ZDR_2.4_2.4.joined_mid_mean.HourlyAggr
svm_traindata.txt.1a.ZDR_3.4_3.4.joined_mid_mean.HourlyAggr
svm_traindata.txt.1a.ZDR_4.3_4.3.joined_mid_mean.HourlyAggr
svm_traindata.txt.1a.ZDR_6.0_6.0.joined_mid_mean.HourlyAggr
svm_traindata.txt.1a.Z_0.5_0.5.joined_mid_mean.HourlyAggr
svm_traindata.txt.1a.Z_1.5_1.5.joined_mid_mean.HourlyAggr
svm_traindata.txt.1a.Z_2.4_2.4.joined_mid_mean.HourlyAggr
svm_traindata.txt.1a.Z_3.4_3.4.joined_mid_mean.HourlyAggr
svm_traindata.txt.1a.Z_4.3_4.3.joined_mid_mean.HourlyAggr
svm_traindata.txt.1a.Z_6.0_6.0.joined_mid_mean.HourlyAggr
training_data_dir: D:\\svmdata.10minPrecipAsLabel.HourlyAggr\svm_case2.2.1_merged_all_joined_mid_mean
rainfall_min_value: 0
rainfall_max_value: 100
n_rainfall_indexes(Number of neurons for output-layer): 100
size_hidden_layer(Number of neurons for hidden-layer): 30
kernel type: Sigmoid
epoches: 20
mini_batch_size: 10
training_rate: 2.0

===== svm_traindata.txt.1a.KDP_0.5_0.5.joined_mid_mean.HourlyAggr =====
dimension(Number of neurons for input layer) : 2
number of training examples: 143  test examples: 36
Epoch 0: 0 / 36
Epoch 1: 0 / 36
Epoch 2: 0 / 36
Epoch 9: 0 / 36
Epoch 10: 0 / 36
Epoch 11: 0 / 36
Epoch 12: 0 / 36
Epoch 17: 0 / 36
Epoch 18: 0 / 36
Epoch 19: 0 / 36
Result after 20 epoches: 0 / 36  (0%)

===== svm_traindata.txt.1a.KDP_1.5_1.5.joined_mid_mean.HourlyAggr =====
dimension(Number of neurons for input layer) : 2
number of training examples: 143  test examples: 36
Epoch 0: 0 / 36
Epoch 1: 0 / 36
Epoch 2: 0 / 36
Epoch 9: 0 / 36
Epoch 10: 0 / 36
Epoch 11: 5 / 36
Epoch 12: 5 / 36
Epoch 17: 5 / 36
Epoch 18: 5 / 36
Epoch 19: 5 / 36
Result after 20 epoches: 5 / 36  (13%)

===== svm_traindata.txt.1a.KDP_2.4_2.4.joined_mid_mean.HourlyAggr =====
dimension(Number of neurons for input layer) : 2
number of training examples: 143  test examples: 36
Epoch 0: 0 / 36
Epoch 1: 0 / 36
Epoch 2: 0 / 36
Epoch 9: 5 / 36
Epoch 10: 0 / 36
Epoch 11: 5 / 36
Epoch 12: 5 / 36
Epoch 17: 0 / 36
Epoch 18: 5 / 36
Epoch 19: 5 / 36
Result after 20 epoches: 5 / 36  (13%)

===== svm_traindata.txt.1a.KDP_3.4_3.4.joined_mid_mean.HourlyAggr =====
dimension(Number of neurons for input layer) : 2
number of training examples: 143  test examples: 36
Epoch 0: 0 / 36
Epoch 1: 0 / 36
Epoch 2: 0 / 36
Epoch 9: 5 / 36
Epoch 10: 0 / 36
Epoch 11: 5 / 36
Epoch 12: 5 / 36
Epoch 17: 5 / 36
Epoch 18: 0 / 36
Epoch 19: 5 / 36
Result after 20 epoches: 5 / 36  (13%)

===== svm_traindata.txt.1a.KDP_4.3_4.3.joined_mid_mean.HourlyAggr =====
dimension(Number of neurons for input layer) : 2
number of training examples: 143  test examples: 36
Epoch 0: 0 / 36
Epoch 1: 5 / 36
Epoch 2: 5 / 36
Epoch 9: 5 / 36
Epoch 10: 0 / 36
Epoch 11: 5 / 36
Epoch 12: 5 / 36
Epoch 17: 0 / 36
Epoch 18: 0 / 36
Epoch 19: 5 / 36
Result after 20 epoches: 5 / 36  (13%)

===== svm_traindata.txt.1a.KDP_6.0_6.0.joined_mid_mean.HourlyAggr =====
dimension(Number of neurons for input layer) : 2
number of training examples: 143  test examples: 36
Epoch 0: 0 / 36
Epoch 1: 0 / 36
Epoch 2: 0 / 36
Epoch 9: 0 / 36
Epoch 10: 0 / 36
Epoch 11: 0 / 36
Epoch 12: 0 / 36
Epoch 17: 0 / 36
Epoch 18: 0 / 36
Epoch 19: 0 / 36
Result after 20 epoches: 0 / 36  (0%)

===== svm_traindata.txt.1a.ZDR_0.5_0.5.joined_mid_mean.HourlyAggr =====
dimension(Number of neurons for input layer) : 2
number of training examples: 143  test examples: 36
Epoch 0: 0 / 36
Epoch 1: 1 / 36
Epoch 2: 2 / 36
Epoch 9: 5 / 36
Epoch 10: 5 / 36
Epoch 11: 5 / 36
Epoch 12: 5 / 36
Epoch 17: 5 / 36
Epoch 18: 5 / 36
Epoch 19: 5 / 36
Result after 20 epoches: 5 / 36  (13%)

===== svm_traindata.txt.1a.ZDR_1.5_1.5.joined_mid_mean.HourlyAggr =====
dimension(Number of neurons for input layer) : 2
number of training examples: 143  test examples: 36
Epoch 0: 0 / 36
Epoch 1: 0 / 36
Epoch 2: 0 / 36
Epoch 9: 0 / 36
Epoch 10: 0 / 36
Epoch 11: 0 / 36
Epoch 12: 0 / 36
Epoch 17: 0 / 36
Epoch 18: 0 / 36
Epoch 19: 0 / 36
Result after 20 epoches: 0 / 36  (0%)

===== svm_traindata.txt.1a.ZDR_2.4_2.4.joined_mid_mean.HourlyAggr =====
dimension(Number of neurons for input layer) : 2
number of training examples: 143  test examples: 36
Epoch 0: 0 / 36
Epoch 1: 0 / 36
Epoch 2: 0 / 36
Epoch 9: 0 / 36
Epoch 10: 0 / 36
Epoch 11: 0 / 36
Epoch 12: 0 / 36
Epoch 17: 0 / 36
Epoch 18: 0 / 36
Epoch 19: 0 / 36
Result after 20 epoches: 0 / 36  (0%)

===== svm_traindata.txt.1a.ZDR_3.4_3.4.joined_mid_mean.HourlyAggr =====
dimension(Number of neurons for input layer) : 2
number of training examples: 143  test examples: 36
Epoch 0: 0 / 36
Epoch 1: 0 / 36
Epoch 2: 0 / 36
Epoch 9: 0 / 36
Epoch 10: 0 / 36
Epoch 11: 0 / 36
Epoch 12: 0 / 36
Epoch 17: 0 / 36
Epoch 18: 0 / 36
Epoch 19: 0 / 36
Result after 20 epoches: 0 / 36  (0%)

===== svm_traindata.txt.1a.ZDR_4.3_4.3.joined_mid_mean.HourlyAggr =====
dimension(Number of neurons for input layer) : 2
number of training examples: 143  test examples: 36
Epoch 0: 0 / 36
Epoch 1: 0 / 36
Epoch 2: 0 / 36
Epoch 9: 5 / 36
Epoch 10: 4 / 36
Epoch 11: 0 / 36
Epoch 12: 5 / 36
Epoch 17: 5 / 36
Epoch 18: 5 / 36
Epoch 19: 2 / 36
Result after 20 epoches: 2 / 36  (5%)

===== svm_traindata.txt.1a.ZDR_6.0_6.0.joined_mid_mean.HourlyAggr =====
dimension(Number of neurons for input layer) : 2
number of training examples: 143  test examples: 36
Epoch 0: 0 / 36
Epoch 1: 0 / 36
Epoch 2: 0 / 36
Epoch 9: 0 / 36
Epoch 10: 0 / 36
Epoch 11: 0 / 36
Epoch 12: 0 / 36
Epoch 17: 0 / 36
Epoch 18: 0 / 36
Epoch 19: 0 / 36
Result after 20 epoches: 0 / 36  (0%)

===== svm_traindata.txt.1a.Z_0.5_0.5.joined_mid_mean.HourlyAggr =====
dimension(Number of neurons for input layer) : 2
number of training examples: 268  test examples: 68
Epoch 0: 1 / 68
Epoch 1: 6 / 68
Epoch 2: 6 / 68
Epoch 9: 4 / 68
Epoch 10: 4 / 68
Epoch 11: 4 / 68
Epoch 12: 6 / 68
Epoch 17: 4 / 68
Epoch 18: 7 / 68
Epoch 19: 4 / 68
Result after 20 epoches: 4 / 68  (5%)

===== svm_traindata.txt.1a.Z_1.5_1.5.joined_mid_mean.HourlyAggr =====
dimension(Number of neurons for input layer) : 2
number of training examples: 268  test examples: 68
Epoch 0: 4 / 68
Epoch 1: 4 / 68
Epoch 2: 4 / 68
Epoch 9: 4 / 68
Epoch 10: 4 / 68
Epoch 11: 4 / 68
Epoch 12: 4 / 68
Epoch 17: 4 / 68
Epoch 18: 4 / 68
Epoch 19: 4 / 68
Result after 20 epoches: 4 / 68  (5%)

===== svm_traindata.txt.1a.Z_2.4_2.4.joined_mid_mean.HourlyAggr =====
dimension(Number of neurons for input layer) : 2
number of training examples: 268  test examples: 68
Epoch 0: 0 / 68
Epoch 1: 2 / 68
Epoch 2: 4 / 68
Epoch 9: 7 / 68
Epoch 10: 7 / 68
Epoch 11: 4 / 68
Epoch 12: 4 / 68
Epoch 17: 4 / 68
Epoch 18: 8 / 68
Epoch 19: 4 / 68
Result after 20 epoches: 4 / 68  (5%)

===== svm_traindata.txt.1a.Z_3.4_3.4.joined_mid_mean.HourlyAggr =====
dimension(Number of neurons for input layer) : 2
number of training examples: 268  test examples: 68
Epoch 0: 0 / 68
Epoch 1: 0 / 68
Epoch 2: 5 / 68
Epoch 9: 4 / 68
Epoch 10: 4 / 68
Epoch 11: 7 / 68
Epoch 12: 6 / 68
Epoch 17: 5 / 68
Epoch 18: 6 / 68
Epoch 19: 6 / 68
Result after 20 epoches: 6 / 68  (8%)

===== svm_traindata.txt.1a.Z_4.3_4.3.joined_mid_mean.HourlyAggr =====
dimension(Number of neurons for input layer) : 2
number of training examples: 268  test examples: 68
Epoch 0: 0 / 68
Epoch 1: 7 / 68
Epoch 2: 4 / 68
Epoch 9: 7 / 68
Epoch 10: 4 / 68
Epoch 11: 4 / 68
Epoch 12: 6 / 68
Epoch 17: 4 / 68
Epoch 18: 4 / 68
Epoch 19: 4 / 68
Result after 20 epoches: 4 / 68  (5%)

===== svm_traindata.txt.1a.Z_6.0_6.0.joined_mid_mean.HourlyAggr =====
dimension(Number of neurons for input layer) : 2
number of training examples: 268  test examples: 68
Epoch 0: 0 / 68
Epoch 1: 3 / 68
Epoch 2: 6 / 68
Epoch 9: 6 / 68
Epoch 10: 7 / 68
Epoch 11: 4 / 68
Epoch 12: 7 / 68
Epoch 17: 7 / 68
Epoch 18: 6 / 68
Epoch 19: 4 / 68
Result after 20 epoches: 4 / 68  (5%)

