===== Training file list =====
svm_traindata.txt.1a.KDP_0.5_0.5.Hourly.fuzzy
svm_traindata.txt.1a.KDP_1.5_1.5.Hourly.fuzzy
svm_traindata.txt.1a.KDP_2.4_2.4.Hourly.fuzzy
svm_traindata.txt.1a.KDP_3.4_3.4.Hourly.fuzzy
svm_traindata.txt.1a.KDP_4.3_4.3.Hourly.fuzzy
svm_traindata.txt.1a.KDP_6.0_6.0.Hourly.fuzzy
svm_traindata.txt.1a.ZDR_0.5_0.5.Hourly.fuzzy
svm_traindata.txt.1a.ZDR_1.5_1.5.Hourly.fuzzy
svm_traindata.txt.1a.ZDR_2.4_2.4.Hourly.fuzzy
svm_traindata.txt.1a.ZDR_3.4_3.4.Hourly.fuzzy
svm_traindata.txt.1a.ZDR_4.3_4.3.Hourly.fuzzy
svm_traindata.txt.1a.ZDR_6.0_6.0.Hourly.fuzzy
svm_traindata.txt.1a.Z_0.5_0.5.Hourly.fuzzy
svm_traindata.txt.1a.Z_1.5_1.5.Hourly.fuzzy
svm_traindata.txt.1a.Z_2.4_2.4.Hourly.fuzzy
svm_traindata.txt.1a.Z_3.4_3.4.Hourly.fuzzy
svm_traindata.txt.1a.Z_4.3_4.3.Hourly.fuzzy
svm_traindata.txt.1a.Z_6.0_6.0.Hourly.fuzzy
feature_data_dir: D:\\svmdata.10min.Hourly.Fuzzy\svm_case1_single
rainfall_min_value: 0
rainfall_max_value: 100
n_rainfall_indexes(Number of neurons for output-layer): 100
size_hidden_layer(Number of neurons for hidden-layer): 30
kernel type: Sigmoid
epoches: 50
mini_batch_size: 10
training_rate: 1.0

===== svm_traindata.txt.1a.KDP_0.5_0.5.Hourly.fuzzy =====
dimension(Number of neurons for input layer) : 25
number of training examples: 143  test examples: 36
Epoch 0: 23 / 36
Epoch 1: 23 / 36
Epoch 2: 23 / 36
Epoch 24: 23 / 36
Epoch 25: 23 / 36
Epoch 26: 24 / 36
Epoch 27: 23 / 36
Epoch 47: 24 / 36
Epoch 48: 26 / 36
Epoch 49: 24 / 36
Result after 50 epoches: 24 / 36  (66%)

===== svm_traindata.txt.1a.KDP_1.5_1.5.Hourly.fuzzy =====
dimension(Number of neurons for input layer) : 25
number of training examples: 143  test examples: 36
Epoch 0: 23 / 36
Epoch 1: 23 / 36
Epoch 2: 23 / 36
Epoch 24: 23 / 36
Epoch 25: 23 / 36
Epoch 26: 23 / 36
Epoch 27: 23 / 36
Epoch 47: 23 / 36
Epoch 48: 23 / 36
Epoch 49: 23 / 36
Result after 50 epoches: 23 / 36  (63%)

===== svm_traindata.txt.1a.KDP_2.4_2.4.Hourly.fuzzy =====
dimension(Number of neurons for input layer) : 25
number of training examples: 143  test examples: 36
Epoch 0: 0 / 36
Epoch 1: 0 / 36
Epoch 2: 0 / 36
Epoch 24: 24 / 36
Epoch 25: 28 / 36
Epoch 26: 28 / 36
Epoch 27: 27 / 36
Epoch 47: 23 / 36
Epoch 48: 24 / 36
Epoch 49: 29 / 36
Result after 50 epoches: 29 / 36  (80%)

===== svm_traindata.txt.1a.KDP_3.4_3.4.Hourly.fuzzy =====
dimension(Number of neurons for input layer) : 25
number of training examples: 143  test examples: 36
Epoch 0: 0 / 36
Epoch 1: 0 / 36
Epoch 2: 0 / 36
Epoch 24: 22 / 36
Epoch 25: 23 / 36
Epoch 26: 24 / 36
Epoch 27: 23 / 36
Epoch 47: 24 / 36
Epoch 48: 27 / 36
Epoch 49: 24 / 36
Result after 50 epoches: 24 / 36  (66%)

===== svm_traindata.txt.1a.KDP_4.3_4.3.Hourly.fuzzy =====
dimension(Number of neurons for input layer) : 25
number of training examples: 143  test examples: 36
Epoch 0: 0 / 36
Epoch 1: 0 / 36
Epoch 2: 0 / 36
Epoch 24: 22 / 36
Epoch 25: 25 / 36
Epoch 26: 26 / 36
Epoch 27: 25 / 36
Epoch 47: 24 / 36
Epoch 48: 27 / 36
Epoch 49: 25 / 36
Result after 50 epoches: 25 / 36  (69%)

===== svm_traindata.txt.1a.KDP_6.0_6.0.Hourly.fuzzy =====
dimension(Number of neurons for input layer) : 25
number of training examples: 143  test examples: 36
Epoch 0: 0 / 36
Epoch 1: 0 / 36
Epoch 2: 0 / 36
Epoch 24: 0 / 36
Epoch 25: 0 / 36
Epoch 26: 0 / 36
Epoch 27: 0 / 36
Epoch 47: 0 / 36
Epoch 48: 0 / 36
Epoch 49: 0 / 36
Result after 50 epoches: 0 / 36  (0%)

===== svm_traindata.txt.1a.ZDR_0.5_0.5.Hourly.fuzzy =====
dimension(Number of neurons for input layer) : 25
number of training examples: 143  test examples: 36
Epoch 0: 0 / 36
Epoch 1: 0 / 36
Epoch 2: 0 / 36
Epoch 24: 0 / 36
Epoch 25: 0 / 36
Epoch 26: 0 / 36
Epoch 27: 0 / 36
Epoch 47: 20 / 36
Epoch 48: 24 / 36
Epoch 49: 23 / 36
Result after 50 epoches: 23 / 36  (63%)

===== svm_traindata.txt.1a.ZDR_1.5_1.5.Hourly.fuzzy =====
dimension(Number of neurons for input layer) : 25
number of training examples: 143  test examples: 36
Epoch 0: 0 / 36
Epoch 1: 0 / 36
Epoch 2: 0 / 36
Epoch 24: 23 / 36
Epoch 25: 23 / 36
Epoch 26: 24 / 36
Epoch 27: 23 / 36
Epoch 47: 23 / 36
Epoch 48: 23 / 36
Epoch 49: 22 / 36
Result after 50 epoches: 22 / 36  (61%)

===== svm_traindata.txt.1a.ZDR_2.4_2.4.Hourly.fuzzy =====
dimension(Number of neurons for input layer) : 25
number of training examples: 143  test examples: 36
Epoch 0: 0 / 36
Epoch 1: 0 / 36
Epoch 2: 0 / 36
Epoch 24: 0 / 36
Epoch 25: 0 / 36
Epoch 26: 0 / 36
Epoch 27: 0 / 36
Epoch 47: 0 / 36
Epoch 48: 0 / 36
Epoch 49: 0 / 36
Result after 50 epoches: 0 / 36  (0%)

===== svm_traindata.txt.1a.ZDR_3.4_3.4.Hourly.fuzzy =====
dimension(Number of neurons for input layer) : 25
number of training examples: 143  test examples: 36
Epoch 0: 0 / 36
Epoch 1: 0 / 36
Epoch 2: 0 / 36
Epoch 24: 22 / 36
Epoch 25: 23 / 36
Epoch 26: 23 / 36
Epoch 27: 22 / 36
Epoch 47: 22 / 36
Epoch 48: 21 / 36
Epoch 49: 21 / 36
Result after 50 epoches: 21 / 36  (58%)

===== svm_traindata.txt.1a.ZDR_4.3_4.3.Hourly.fuzzy =====
dimension(Number of neurons for input layer) : 25
number of training examples: 143  test examples: 36
Epoch 0: 0 / 36
Epoch 1: 0 / 36
Epoch 2: 0 / 36
Epoch 24: 0 / 36
Epoch 25: 0 / 36
Epoch 26: 0 / 36
Epoch 27: 0 / 36
Epoch 47: 20 / 36
Epoch 48: 20 / 36
Epoch 49: 25 / 36
Result after 50 epoches: 25 / 36  (69%)

===== svm_traindata.txt.1a.ZDR_6.0_6.0.Hourly.fuzzy =====
dimension(Number of neurons for input layer) : 25
number of training examples: 143  test examples: 36
Epoch 0: 0 / 36
Epoch 1: 0 / 36
Epoch 2: 0 / 36
Epoch 24: 21 / 36
Epoch 25: 21 / 36
Epoch 26: 20 / 36
Epoch 27: 22 / 36
Epoch 47: 22 / 36
Epoch 48: 22 / 36
Epoch 49: 24 / 36
Result after 50 epoches: 24 / 36  (66%)

===== svm_traindata.txt.1a.Z_0.5_0.5.Hourly.fuzzy =====
dimension(Number of neurons for input layer) : 25
number of training examples: 268  test examples: 68
Epoch 0: 0 / 68
Epoch 1: 0 / 68
Epoch 2: 0 / 68
Epoch 24: 40 / 68
Epoch 25: 36 / 68
Epoch 26: 36 / 68
Epoch 27: 36 / 68
Epoch 47: 43 / 68
Epoch 48: 39 / 68
Epoch 49: 36 / 68
Result after 50 epoches: 36 / 68  (52%)

===== svm_traindata.txt.1a.Z_1.5_1.5.Hourly.fuzzy =====
dimension(Number of neurons for input layer) : 25
number of training examples: 268  test examples: 68
Epoch 0: 1 / 68
Epoch 1: 5 / 68
Epoch 2: 37 / 68
Epoch 24: 40 / 68
Epoch 25: 37 / 68
Epoch 26: 41 / 68
Epoch 27: 36 / 68
Epoch 47: 42 / 68
Epoch 48: 35 / 68
Epoch 49: 41 / 68
Result after 50 epoches: 41 / 68  (60%)

===== svm_traindata.txt.1a.Z_2.4_2.4.Hourly.fuzzy =====
dimension(Number of neurons for input layer) : 25
number of training examples: 268  test examples: 68
Epoch 0: 0 / 68
Epoch 1: 0 / 68
Epoch 2: 0 / 68
Epoch 24: 40 / 68
Epoch 25: 36 / 68
Epoch 26: 36 / 68
Epoch 27: 40 / 68
Epoch 47: 36 / 68
Epoch 48: 41 / 68
Epoch 49: 36 / 68
Result after 50 epoches: 36 / 68  (52%)

===== svm_traindata.txt.1a.Z_3.4_3.4.Hourly.fuzzy =====
dimension(Number of neurons for input layer) : 25
number of training examples: 268  test examples: 68
Epoch 0: 0 / 68
Epoch 1: 0 / 68
Epoch 2: 0 / 68
Epoch 24: 41 / 68
Epoch 25: 37 / 68
Epoch 26: 37 / 68
Epoch 27: 41 / 68
Epoch 47: 41 / 68
Epoch 48: 41 / 68
Epoch 49: 37 / 68
Result after 50 epoches: 37 / 68  (54%)

===== svm_traindata.txt.1a.Z_4.3_4.3.Hourly.fuzzy =====
dimension(Number of neurons for input layer) : 25
number of training examples: 268  test examples: 68
Epoch 0: 25 / 68
Epoch 1: 28 / 68
Epoch 2: 37 / 68
Epoch 24: 37 / 68
Epoch 25: 38 / 68
Epoch 26: 38 / 68
Epoch 27: 40 / 68
Epoch 47: 40 / 68
Epoch 48: 37 / 68
Epoch 49: 42 / 68
Result after 50 epoches: 42 / 68  (61%)

===== svm_traindata.txt.1a.Z_6.0_6.0.Hourly.fuzzy =====
dimension(Number of neurons for input layer) : 25
number of training examples: 268  test examples: 68
Epoch 0: 0 / 68
Epoch 1: 2 / 68
Epoch 2: 12 / 68
Epoch 24: 44 / 68
Epoch 25: 39 / 68
Epoch 26: 44 / 68
Epoch 27: 44 / 68
Epoch 47: 39 / 68
Epoch 48: 39 / 68
Epoch 49: 44 / 68
Result after 50 epoches: 44 / 68  (64%)

