===== Training file list =====
svm_traindata.txt.1a.KDP.joined_elev.HourlyAggr
svm_traindata.txt.1a.Z.joined_elev.HourlyAggr
svm_traindata.txt.1a.ZDR.joined_elev.HourlyAggr
training_data_dir: D:\\svmdata.10minPrecipAsLabel.HourlyAggr\svm_case3.1_merged_all_joined_elev
rainfall_min_value: 0
rainfall_max_value: 100
n_rainfall_indexes(Number of neurons for output-layer): 100
size_hidden_layer(Number of neurons for hidden-layer): 30
kernel type: Sigmoid
epoches: 20
mini_batch_size: 10
training_rate: 2.0

===== svm_traindata.txt.1a.KDP.joined_elev.HourlyAggr =====
dimension(Number of neurons for input layer) : 150
number of training examples: 143  test examples: 36
Epoch 0: 0 / 36
Epoch 1: 0 / 36
Epoch 2: 5 / 36
Epoch 9: 4 / 36
Epoch 10: 5 / 36
Epoch 11: 5 / 36
Epoch 12: 5 / 36
Epoch 17: 3 / 36
Epoch 18: 5 / 36
Epoch 19: 5 / 36
Result after 20 epoches: 5 / 36  (13%)

===== svm_traindata.txt.1a.Z.joined_elev.HourlyAggr =====
dimension(Number of neurons for input layer) : 150
number of training examples: 268  test examples: 68
Epoch 0: 2 / 68
Epoch 1: 3 / 68
Epoch 2: 4 / 68
Epoch 9: 7 / 68
Epoch 10: 7 / 68
Epoch 11: 4 / 68
Epoch 12: 7 / 68
Epoch 17: 4 / 68
Epoch 18: 7 / 68
Epoch 19: 7 / 68
Result after 20 epoches: 7 / 68  (10%)

===== svm_traindata.txt.1a.ZDR.joined_elev.HourlyAggr =====
dimension(Number of neurons for input layer) : 150
number of training examples: 143  test examples: 36
Epoch 0: 0 / 36
Epoch 1: 0 / 36
Epoch 2: 0 / 36
Epoch 9: 0 / 36
Epoch 10: 0 / 36
Epoch 11: 0 / 36
Epoch 12: 0 / 36
Epoch 17: 4 / 36
Epoch 18: 3 / 36
Epoch 19: 5 / 36
Result after 20 epoches: 5 / 36  (13%)

