===== Training file list =====
svm_traindata.txt.1a.KDP_0.5_0.5.joined_mid_mean.HourlyAggr.fuzzy
svm_traindata.txt.1a.KDP_1.5_1.5.joined_mid_mean.HourlyAggr.fuzzy
svm_traindata.txt.1a.KDP_2.4_2.4.joined_mid_mean.HourlyAggr.fuzzy
svm_traindata.txt.1a.KDP_3.4_3.4.joined_mid_mean.HourlyAggr.fuzzy
svm_traindata.txt.1a.KDP_4.3_4.3.joined_mid_mean.HourlyAggr.fuzzy
svm_traindata.txt.1a.KDP_6.0_6.0.joined_mid_mean.HourlyAggr.fuzzy
svm_traindata.txt.1a.ZDR_0.5_0.5.joined_mid_mean.HourlyAggr.fuzzy
svm_traindata.txt.1a.ZDR_1.5_1.5.joined_mid_mean.HourlyAggr.fuzzy
svm_traindata.txt.1a.ZDR_2.4_2.4.joined_mid_mean.HourlyAggr.fuzzy
svm_traindata.txt.1a.ZDR_3.4_3.4.joined_mid_mean.HourlyAggr.fuzzy
svm_traindata.txt.1a.ZDR_4.3_4.3.joined_mid_mean.HourlyAggr.fuzzy
svm_traindata.txt.1a.ZDR_6.0_6.0.joined_mid_mean.HourlyAggr.fuzzy
svm_traindata.txt.1a.Z_0.5_0.5.joined_mid_mean.HourlyAggr.fuzzy
svm_traindata.txt.1a.Z_1.5_1.5.joined_mid_mean.HourlyAggr.fuzzy
svm_traindata.txt.1a.Z_2.4_2.4.joined_mid_mean.HourlyAggr.fuzzy
svm_traindata.txt.1a.Z_3.4_3.4.joined_mid_mean.HourlyAggr.fuzzy
svm_traindata.txt.1a.Z_4.3_4.3.joined_mid_mean.HourlyAggr.fuzzy
svm_traindata.txt.1a.Z_6.0_6.0.joined_mid_mean.HourlyAggr.fuzzy
training_data_dir: D:\\svmdata.10minPrecipAsLabel.HourlyAggr.FuzzyLabel\svm_case2.2.1_merged_all_joined_mid_mean
rainfall_min_value: 0
rainfall_max_value: 100
n_rainfall_indexes(Number of neurons for output-layer): 100
size_hidden_layer(Number of neurons for hidden-layer): 30
kernel type: Sigmoid
epoches: 20
mini_batch_size: 10
training_rate: 2.0

===== svm_traindata.txt.1a.KDP_0.5_0.5.joined_mid_mean.HourlyAggr.fuzzy =====
dimension(Number of neurons for input layer) : 2
number of training examples: 143  test examples: 36
Epoch 0: 0 / 36
Epoch 1: 23 / 36
Epoch 2: 23 / 36
Epoch 9: 24 / 36
Epoch 10: 23 / 36
Epoch 11: 24 / 36
Epoch 12: 23 / 36
Epoch 17: 12 / 36
Epoch 18: 25 / 36
Epoch 19: 25 / 36
Result after 20 epoches: 25 / 36  (69%)

===== svm_traindata.txt.1a.KDP_1.5_1.5.joined_mid_mean.HourlyAggr.fuzzy =====
dimension(Number of neurons for input layer) : 2
number of training examples: 143  test examples: 36
Epoch 0: 0 / 36
Epoch 1: 11 / 36
Epoch 2: 11 / 36
Epoch 9: 11 / 36
Epoch 10: 11 / 36
Epoch 11: 23 / 36
Epoch 12: 23 / 36
Epoch 17: 24 / 36
Epoch 18: 23 / 36
Epoch 19: 23 / 36
Result after 20 epoches: 23 / 36  (63%)

===== svm_traindata.txt.1a.KDP_2.4_2.4.joined_mid_mean.HourlyAggr.fuzzy =====
dimension(Number of neurons for input layer) : 2
number of training examples: 143  test examples: 36
Epoch 0: 0 / 36
Epoch 1: 0 / 36
Epoch 2: 0 / 36
Epoch 9: 0 / 36
Epoch 10: 23 / 36
Epoch 11: 23 / 36
Epoch 12: 23 / 36
Epoch 17: 24 / 36
Epoch 18: 24 / 36
Epoch 19: 24 / 36
Result after 20 epoches: 24 / 36  (66%)

===== svm_traindata.txt.1a.KDP_3.4_3.4.joined_mid_mean.HourlyAggr.fuzzy =====
dimension(Number of neurons for input layer) : 2
number of training examples: 143  test examples: 36
Epoch 0: 0 / 36
Epoch 1: 0 / 36
Epoch 2: 0 / 36
Epoch 9: 0 / 36
Epoch 10: 0 / 36
Epoch 11: 0 / 36
Epoch 12: 0 / 36
Epoch 17: 23 / 36
Epoch 18: 23 / 36
Epoch 19: 23 / 36
Result after 20 epoches: 23 / 36  (63%)

===== svm_traindata.txt.1a.KDP_4.3_4.3.joined_mid_mean.HourlyAggr.fuzzy =====
dimension(Number of neurons for input layer) : 2
number of training examples: 143  test examples: 36
Epoch 0: 11 / 36
Epoch 1: 23 / 36
Epoch 2: 23 / 36
Epoch 9: 24 / 36
Epoch 10: 23 / 36
Epoch 11: 23 / 36
Epoch 12: 11 / 36
Epoch 17: 24 / 36
Epoch 18: 23 / 36
Epoch 19: 24 / 36
Result after 20 epoches: 24 / 36  (66%)

===== svm_traindata.txt.1a.KDP_6.0_6.0.joined_mid_mean.HourlyAggr.fuzzy =====
dimension(Number of neurons for input layer) : 2
number of training examples: 143  test examples: 36
Epoch 0: 0 / 36
Epoch 1: 0 / 36
Epoch 2: 0 / 36
Epoch 9: 23 / 36
Epoch 10: 23 / 36
Epoch 11: 23 / 36
Epoch 12: 11 / 36
Epoch 17: 23 / 36
Epoch 18: 23 / 36
Epoch 19: 23 / 36
Result after 20 epoches: 23 / 36  (63%)

===== svm_traindata.txt.1a.ZDR_0.5_0.5.joined_mid_mean.HourlyAggr.fuzzy =====
dimension(Number of neurons for input layer) : 2
number of training examples: 143  test examples: 36
Epoch 0: 0 / 36
Epoch 1: 0 / 36
Epoch 2: 11 / 36
Epoch 9: 23 / 36
Epoch 10: 20 / 36
Epoch 11: 23 / 36
Epoch 12: 11 / 36
Epoch 17: 22 / 36
Epoch 18: 23 / 36
Epoch 19: 22 / 36
Result after 20 epoches: 22 / 36  (61%)

===== svm_traindata.txt.1a.ZDR_1.5_1.5.joined_mid_mean.HourlyAggr.fuzzy =====
dimension(Number of neurons for input layer) : 2
number of training examples: 143  test examples: 36
Epoch 0: 0 / 36
Epoch 1: 0 / 36
Epoch 2: 0 / 36
Epoch 9: 23 / 36
Epoch 10: 16 / 36
Epoch 11: 12 / 36
Epoch 12: 23 / 36
Epoch 17: 19 / 36
Epoch 18: 23 / 36
Epoch 19: 21 / 36
Result after 20 epoches: 21 / 36  (58%)

===== svm_traindata.txt.1a.ZDR_2.4_2.4.joined_mid_mean.HourlyAggr.fuzzy =====
dimension(Number of neurons for input layer) : 2
number of training examples: 143  test examples: 36
Epoch 0: 0 / 36
Epoch 1: 0 / 36
Epoch 2: 0 / 36
Epoch 9: 23 / 36
Epoch 10: 14 / 36
Epoch 11: 23 / 36
Epoch 12: 23 / 36
Epoch 17: 13 / 36
Epoch 18: 25 / 36
Epoch 19: 12 / 36
Result after 20 epoches: 12 / 36  (33%)

===== svm_traindata.txt.1a.ZDR_3.4_3.4.joined_mid_mean.HourlyAggr.fuzzy =====
dimension(Number of neurons for input layer) : 2
number of training examples: 143  test examples: 36
Epoch 0: 17 / 36
Epoch 1: 23 / 36
Epoch 2: 23 / 36
Epoch 9: 23 / 36
Epoch 10: 11 / 36
Epoch 11: 24 / 36
Epoch 12: 14 / 36
Epoch 17: 23 / 36
Epoch 18: 25 / 36
Epoch 19: 23 / 36
Result after 20 epoches: 23 / 36  (63%)

===== svm_traindata.txt.1a.ZDR_4.3_4.3.joined_mid_mean.HourlyAggr.fuzzy =====
dimension(Number of neurons for input layer) : 2
number of training examples: 143  test examples: 36
Epoch 0: 0 / 36
Epoch 1: 0 / 36
Epoch 2: 0 / 36
Epoch 9: 23 / 36
Epoch 10: 12 / 36
Epoch 11: 23 / 36
Epoch 12: 23 / 36
Epoch 17: 20 / 36
Epoch 18: 23 / 36
Epoch 19: 23 / 36
Result after 20 epoches: 23 / 36  (63%)

===== svm_traindata.txt.1a.ZDR_6.0_6.0.joined_mid_mean.HourlyAggr.fuzzy =====
dimension(Number of neurons for input layer) : 2
number of training examples: 143  test examples: 36
Epoch 0: 0 / 36
Epoch 1: 0 / 36
Epoch 2: 0 / 36
Epoch 9: 0 / 36
Epoch 10: 0 / 36
Epoch 11: 0 / 36
Epoch 12: 0 / 36
Epoch 17: 0 / 36
Epoch 18: 0 / 36
Epoch 19: 0 / 36
Result after 20 epoches: 0 / 36  (0%)

===== svm_traindata.txt.1a.Z_0.5_0.5.joined_mid_mean.HourlyAggr.fuzzy =====
dimension(Number of neurons for input layer) : 2
number of training examples: 268  test examples: 68
Epoch 0: 0 / 68
Epoch 1: 1 / 68
Epoch 2: 37 / 68
Epoch 9: 43 / 68
Epoch 10: 38 / 68
Epoch 11: 35 / 68
Epoch 12: 35 / 68
Epoch 17: 37 / 68
Epoch 18: 37 / 68
Epoch 19: 35 / 68
Result after 20 epoches: 35 / 68  (51%)

===== svm_traindata.txt.1a.Z_1.5_1.5.joined_mid_mean.HourlyAggr.fuzzy =====
dimension(Number of neurons for input layer) : 2
number of training examples: 268  test examples: 68
Epoch 0: 0 / 68
Epoch 1: 31 / 68
Epoch 2: 34 / 68
Epoch 9: 37 / 68
Epoch 10: 37 / 68
Epoch 11: 37 / 68
Epoch 12: 37 / 68
Epoch 17: 42 / 68
Epoch 18: 37 / 68
Epoch 19: 37 / 68
Result after 20 epoches: 37 / 68  (54%)

===== svm_traindata.txt.1a.Z_2.4_2.4.joined_mid_mean.HourlyAggr.fuzzy =====
dimension(Number of neurons for input layer) : 2
number of training examples: 268  test examples: 68
Epoch 0: 15 / 68
Epoch 1: 37 / 68
Epoch 2: 40 / 68
Epoch 9: 40 / 68
Epoch 10: 40 / 68
Epoch 11: 37 / 68
Epoch 12: 37 / 68
Epoch 17: 40 / 68
Epoch 18: 40 / 68
Epoch 19: 36 / 68
Result after 20 epoches: 36 / 68  (52%)

===== svm_traindata.txt.1a.Z_3.4_3.4.joined_mid_mean.HourlyAggr.fuzzy =====
dimension(Number of neurons for input layer) : 2
number of training examples: 268  test examples: 68
Epoch 0: 13 / 68
Epoch 1: 16 / 68
Epoch 2: 37 / 68
Epoch 9: 37 / 68
Epoch 10: 37 / 68
Epoch 11: 37 / 68
Epoch 12: 22 / 68
Epoch 17: 37 / 68
Epoch 18: 37 / 68
Epoch 19: 37 / 68
Result after 20 epoches: 37 / 68  (54%)

===== svm_traindata.txt.1a.Z_4.3_4.3.joined_mid_mean.HourlyAggr.fuzzy =====
dimension(Number of neurons for input layer) : 2
number of training examples: 268  test examples: 68
Epoch 0: 0 / 68
Epoch 1: 0 / 68
Epoch 2: 0 / 68
Epoch 9: 0 / 68
Epoch 10: 0 / 68
Epoch 11: 0 / 68
Epoch 12: 26 / 68
Epoch 17: 26 / 68
Epoch 18: 26 / 68
Epoch 19: 26 / 68
Result after 20 epoches: 26 / 68  (38%)

===== svm_traindata.txt.1a.Z_6.0_6.0.joined_mid_mean.HourlyAggr.fuzzy =====
dimension(Number of neurons for input layer) : 2
number of training examples: 268  test examples: 68
Epoch 0: 19 / 68
Epoch 1: 25 / 68
Epoch 2: 20 / 68
Epoch 9: 41 / 68
Epoch 10: 41 / 68
Epoch 11: 39 / 68
Epoch 12: 37 / 68
Epoch 17: 39 / 68
Epoch 18: 43 / 68
Epoch 19: 43 / 68
Result after 20 epoches: 43 / 68  (63%)

