===== Training file list =====
svm_traindata.txt.1a.KDP.joined_elev.fuzzy
svm_traindata.txt.1a.Z.joined_elev.fuzzy
svm_traindata.txt.1a.ZDR.joined_elev.fuzzy
training_data_dir: D:\\svmdata.10minPrecipAsLabel.FuzzyLabel\svm_case2.2.2_merged_all_joined_mid_mean_elev
rainfall_min_value: 0
rainfall_max_value: 100
n_rainfall_indexes(Number of neurons for output-layer): 100
size_hidden_layer(Number of neurons for hidden-layer): 30
kernel type: Sigmoid
epoches: 20
mini_batch_size: 10
training_rate: 2.0

===== svm_traindata.txt.1a.KDP.joined_elev.fuzzy =====
dimension(Number of neurons for input layer) : 12
number of training examples: 1139  test examples: 285
Epoch 0: 0 / 285
Epoch 1: 0 / 285
Epoch 2: 0 / 285
Epoch 9: 0 / 285
Epoch 10: 0 / 285
Epoch 11: 0 / 285
Epoch 12: 0 / 285
Epoch 17: 125 / 285
Epoch 18: 131 / 285
Epoch 19: 136 / 285
Result after 20 epoches: 136 / 285  (47%)

===== svm_traindata.txt.1a.Z.joined_elev.fuzzy =====
dimension(Number of neurons for input layer) : 12
number of training examples: 2188  test examples: 547
Epoch 0: 295 / 547
Epoch 1: 256 / 547
Epoch 2: 316 / 547
Epoch 9: 267 / 547
Epoch 10: 283 / 547
Epoch 11: 304 / 547
Epoch 12: 285 / 547
Epoch 17: 296 / 547
Epoch 18: 259 / 547
Epoch 19: 284 / 547
Result after 20 epoches: 284 / 547  (51%)

===== svm_traindata.txt.1a.ZDR.joined_elev.fuzzy =====
dimension(Number of neurons for input layer) : 12
number of training examples: 1138  test examples: 285
Epoch 0: 116 / 285
Epoch 1: 106 / 285
Epoch 2: 110 / 285
Epoch 9: 103 / 285
Epoch 10: 112 / 285
Epoch 11: 113 / 285
Epoch 12: 108 / 285
Epoch 17: 119 / 285
Epoch 18: 119 / 285
Epoch 19: 119 / 285
Result after 20 epoches: 119 / 285  (41%)

