===== Training file list =====
svm_traindata.txt.1a.KDP_0.5_0.5.joined_mid_mean_min5.fuzzy
svm_traindata.txt.1a.KDP_1.5_1.5.joined_mid_mean_min5.fuzzy
svm_traindata.txt.1a.KDP_2.4_2.4.joined_mid_mean_min5.fuzzy
svm_traindata.txt.1a.KDP_3.4_3.4.joined_mid_mean_min5.fuzzy
svm_traindata.txt.1a.KDP_4.3_4.3.joined_mid_mean_min5.fuzzy
svm_traindata.txt.1a.KDP_6.0_6.0.joined_mid_mean_min5.fuzzy
svm_traindata.txt.1a.ZDR_0.5_0.5.joined_mid_mean_min5.fuzzy
svm_traindata.txt.1a.ZDR_1.5_1.5.joined_mid_mean_min5.fuzzy
svm_traindata.txt.1a.ZDR_2.4_2.4.joined_mid_mean_min5.fuzzy
svm_traindata.txt.1a.ZDR_3.4_3.4.joined_mid_mean_min5.fuzzy
svm_traindata.txt.1a.ZDR_4.3_4.3.joined_mid_mean_min5.fuzzy
svm_traindata.txt.1a.ZDR_6.0_6.0.joined_mid_mean_min5.fuzzy
svm_traindata.txt.1a.Z_0.5_0.5.joined_mid_mean_min5.fuzzy
svm_traindata.txt.1a.Z_1.5_1.5.joined_mid_mean_min5.fuzzy
svm_traindata.txt.1a.Z_2.4_2.4.joined_mid_mean_min5.fuzzy
svm_traindata.txt.1a.Z_3.4_3.4.joined_mid_mean_min5.fuzzy
svm_traindata.txt.1a.Z_4.3_4.3.joined_mid_mean_min5.fuzzy
svm_traindata.txt.1a.Z_6.0_6.0.joined_mid_mean_min5.fuzzy
training_data_dir: D:\\svmdata.10minPrecipAsLabel.FuzzyLabel\svm_case2.4.1_merged_all_joined_mid_mean_min5
rainfall_min_value: 0
rainfall_max_value: 100
n_rainfall_indexes(Number of neurons for output-layer): 100
size_hidden_layer(Number of neurons for hidden-layer): 30
kernel type: Sigmoid
epoches: 20
mini_batch_size: 10
training_rate: 2.0

===== svm_traindata.txt.1a.KDP_0.5_0.5.joined_mid_mean_min5.fuzzy =====
dimension(Number of neurons for input layer) : 7
number of training examples: 1145  test examples: 287
Epoch 0: 107 / 287
Epoch 1: 108 / 287
Epoch 2: 124 / 287
Epoch 9: 88 / 287
Epoch 10: 86 / 287
Epoch 11: 124 / 287
Epoch 12: 89 / 287
Epoch 17: 97 / 287
Epoch 18: 92 / 287
Epoch 19: 124 / 287
Result after 20 epoches: 124 / 287  (43%)

===== svm_traindata.txt.1a.KDP_1.5_1.5.joined_mid_mean_min5.fuzzy =====
dimension(Number of neurons for input layer) : 7
number of training examples: 1140  test examples: 286
Epoch 0: 111 / 286
Epoch 1: 112 / 286
Epoch 2: 114 / 286
Epoch 9: 113 / 286
Epoch 10: 120 / 286
Epoch 11: 118 / 286
Epoch 12: 116 / 286
Epoch 17: 117 / 286
Epoch 18: 120 / 286
Epoch 19: 116 / 286
Result after 20 epoches: 116 / 286  (40%)

===== svm_traindata.txt.1a.KDP_2.4_2.4.joined_mid_mean_min5.fuzzy =====
dimension(Number of neurons for input layer) : 7
number of training examples: 1142  test examples: 286
Epoch 0: 125 / 286
Epoch 1: 109 / 286
Epoch 2: 101 / 286
Epoch 9: 112 / 286
Epoch 10: 113 / 286
Epoch 11: 125 / 286
Epoch 12: 110 / 286
Epoch 17: 109 / 286
Epoch 18: 114 / 286
Epoch 19: 125 / 286
Result after 20 epoches: 125 / 286  (43%)

===== svm_traindata.txt.1a.KDP_3.4_3.4.joined_mid_mean_min5.fuzzy =====
dimension(Number of neurons for input layer) : 7
number of training examples: 1142  test examples: 286
Epoch 0: 0 / 286
Epoch 1: 0 / 286
Epoch 2: 0 / 286
Epoch 9: 123 / 286
Epoch 10: 109 / 286
Epoch 11: 116 / 286
Epoch 12: 111 / 286
Epoch 17: 123 / 286
Epoch 18: 112 / 286
Epoch 19: 111 / 286
Result after 20 epoches: 111 / 286  (38%)

===== svm_traindata.txt.1a.KDP_4.3_4.3.joined_mid_mean_min5.fuzzy =====
dimension(Number of neurons for input layer) : 7
number of training examples: 1141  test examples: 286
Epoch 0: 33 / 286
Epoch 1: 33 / 286
Epoch 2: 33 / 286
Epoch 9: 123 / 286
Epoch 10: 114 / 286
Epoch 11: 111 / 286
Epoch 12: 110 / 286
Epoch 17: 123 / 286
Epoch 18: 85 / 286
Epoch 19: 111 / 286
Result after 20 epoches: 111 / 286  (38%)

===== svm_traindata.txt.1a.KDP_6.0_6.0.joined_mid_mean_min5.fuzzy =====
dimension(Number of neurons for input layer) : 7
number of training examples: 1140  test examples: 286
Epoch 0: 0 / 286
Epoch 1: 0 / 286
Epoch 2: 0 / 286
Epoch 9: 111 / 286
Epoch 10: 111 / 286
Epoch 11: 124 / 286
Epoch 12: 110 / 286
Epoch 17: 126 / 286
Epoch 18: 123 / 286
Epoch 19: 109 / 286
Result after 20 epoches: 109 / 286  (38%)

===== svm_traindata.txt.1a.ZDR_0.5_0.5.joined_mid_mean_min5.fuzzy =====
dimension(Number of neurons for input layer) : 7
number of training examples: 1145  test examples: 287
Epoch 0: 129 / 287
Epoch 1: 134 / 287
Epoch 2: 131 / 287
Epoch 9: 104 / 287
Epoch 10: 125 / 287
Epoch 11: 110 / 287
Epoch 12: 110 / 287
Epoch 17: 115 / 287
Epoch 18: 128 / 287
Epoch 19: 124 / 287
Result after 20 epoches: 124 / 287  (43%)

===== svm_traindata.txt.1a.ZDR_1.5_1.5.joined_mid_mean_min5.fuzzy =====
dimension(Number of neurons for input layer) : 7
number of training examples: 1140  test examples: 286
Epoch 0: 126 / 286
Epoch 1: 130 / 286
Epoch 2: 125 / 286
Epoch 9: 106 / 286
Epoch 10: 129 / 286
Epoch 11: 118 / 286
Epoch 12: 132 / 286
Epoch 17: 122 / 286
Epoch 18: 128 / 286
Epoch 19: 125 / 286
Result after 20 epoches: 125 / 286  (43%)

===== svm_traindata.txt.1a.ZDR_2.4_2.4.joined_mid_mean_min5.fuzzy =====
dimension(Number of neurons for input layer) : 7
number of training examples: 1142  test examples: 286
Epoch 0: 133 / 286
Epoch 1: 114 / 286
Epoch 2: 104 / 286
Epoch 9: 96 / 286
Epoch 10: 126 / 286
Epoch 11: 100 / 286
Epoch 12: 110 / 286
Epoch 17: 138 / 286
Epoch 18: 103 / 286
Epoch 19: 108 / 286
Result after 20 epoches: 108 / 286  (37%)

===== svm_traindata.txt.1a.ZDR_3.4_3.4.joined_mid_mean_min5.fuzzy =====
dimension(Number of neurons for input layer) : 7
number of training examples: 1142  test examples: 286
Epoch 0: 119 / 286
Epoch 1: 125 / 286
Epoch 2: 123 / 286
Epoch 9: 105 / 286
Epoch 10: 110 / 286
Epoch 11: 81 / 286
Epoch 12: 125 / 286
Epoch 17: 110 / 286
Epoch 18: 116 / 286
Epoch 19: 107 / 286
Result after 20 epoches: 107 / 286  (37%)

===== svm_traindata.txt.1a.ZDR_4.3_4.3.joined_mid_mean_min5.fuzzy =====
dimension(Number of neurons for input layer) : 7
number of training examples: 1141  test examples: 286
Epoch 0: 0 / 286
Epoch 1: 110 / 286
Epoch 2: 123 / 286
Epoch 9: 115 / 286
Epoch 10: 124 / 286
Epoch 11: 110 / 286
Epoch 12: 123 / 286
Epoch 17: 109 / 286
Epoch 18: 124 / 286
Epoch 19: 110 / 286
Result after 20 epoches: 110 / 286  (38%)

===== svm_traindata.txt.1a.ZDR_6.0_6.0.joined_mid_mean_min5.fuzzy =====
dimension(Number of neurons for input layer) : 7
number of training examples: 1140  test examples: 285
Epoch 0: 126 / 285
Epoch 1: 110 / 285
Epoch 2: 115 / 285
Epoch 9: 124 / 285
Epoch 10: 125 / 285
Epoch 11: 108 / 285
Epoch 12: 122 / 285
Epoch 17: 112 / 285
Epoch 18: 106 / 285
Epoch 19: 107 / 285
Result after 20 epoches: 107 / 285  (37%)

===== svm_traindata.txt.1a.Z_0.5_0.5.joined_mid_mean_min5.fuzzy =====
dimension(Number of neurons for input layer) : 7
number of training examples: 2200  test examples: 550
Epoch 0: 314 / 550
Epoch 1: 208 / 550
Epoch 2: 206 / 550
Epoch 9: 325 / 550
Epoch 10: 245 / 550
Epoch 11: 316 / 550
Epoch 12: 258 / 550
Epoch 17: 309 / 550
Epoch 18: 223 / 550
Epoch 19: 299 / 550
Result after 20 epoches: 299 / 550  (54%)

===== svm_traindata.txt.1a.Z_1.5_1.5.joined_mid_mean_min5.fuzzy =====
dimension(Number of neurons for input layer) : 7
number of training examples: 2196  test examples: 549
Epoch 0: 310 / 549
Epoch 1: 298 / 549
Epoch 2: 297 / 549
Epoch 9: 285 / 549
Epoch 10: 318 / 549
Epoch 11: 200 / 549
Epoch 12: 326 / 549
Epoch 17: 258 / 549
Epoch 18: 329 / 549
Epoch 19: 258 / 549
Result after 20 epoches: 258 / 549  (46%)

===== svm_traindata.txt.1a.Z_2.4_2.4.joined_mid_mean_min5.fuzzy =====
dimension(Number of neurons for input layer) : 7
number of training examples: 2194  test examples: 549
Epoch 0: 311 / 549
Epoch 1: 317 / 549
Epoch 2: 306 / 549
Epoch 9: 322 / 549
Epoch 10: 302 / 549
Epoch 11: 240 / 549
Epoch 12: 248 / 549
Epoch 17: 298 / 549
Epoch 18: 209 / 549
Epoch 19: 299 / 549
Result after 20 epoches: 299 / 549  (54%)

===== svm_traindata.txt.1a.Z_3.4_3.4.joined_mid_mean_min5.fuzzy =====
dimension(Number of neurons for input layer) : 7
number of training examples: 2194  test examples: 549
Epoch 0: 306 / 549
Epoch 1: 256 / 549
Epoch 2: 258 / 549
Epoch 9: 245 / 549
Epoch 10: 256 / 549
Epoch 11: 259 / 549
Epoch 12: 287 / 549
Epoch 17: 314 / 549
Epoch 18: 259 / 549
Epoch 19: 250 / 549
Result after 20 epoches: 250 / 549  (45%)

===== svm_traindata.txt.1a.Z_4.3_4.3.joined_mid_mean_min5.fuzzy =====
dimension(Number of neurons for input layer) : 7
number of training examples: 2193  test examples: 549
Epoch 0: 301 / 549
Epoch 1: 299 / 549
Epoch 2: 302 / 549
Epoch 9: 298 / 549
Epoch 10: 206 / 549
Epoch 11: 207 / 549
Epoch 12: 299 / 549
Epoch 17: 259 / 549
Epoch 18: 300 / 549
Epoch 19: 257 / 549
Result after 20 epoches: 257 / 549  (46%)

===== svm_traindata.txt.1a.Z_6.0_6.0.joined_mid_mean_min5.fuzzy =====
dimension(Number of neurons for input layer) : 7
number of training examples: 2189  test examples: 548
Epoch 0: 0 / 548
Epoch 1: 0 / 548
Epoch 2: 0 / 548
Epoch 9: 215 / 548
Epoch 10: 258 / 548
Epoch 11: 304 / 548
Epoch 12: 260 / 548
Epoch 17: 296 / 548
Epoch 18: 303 / 548
Epoch 19: 265 / 548
Result after 20 epoches: 265 / 548  (48%)

