===== Training file list =====
svm_traindata.txt.1a.KDP_0.5_0.5.max.fuzzy
svm_traindata.txt.1a.KDP_0.5_0.5.max5.fuzzy
svm_traindata.txt.1a.KDP_0.5_0.5.mean.fuzzy
svm_traindata.txt.1a.KDP_0.5_0.5.mid.fuzzy
svm_traindata.txt.1a.KDP_0.5_0.5.min.fuzzy
svm_traindata.txt.1a.KDP_0.5_0.5.min5.fuzzy
svm_traindata.txt.1a.KDP_0.5_0.5.sd.fuzzy
svm_traindata.txt.1a.KDP_1.5_1.5.max.fuzzy
svm_traindata.txt.1a.KDP_1.5_1.5.max5.fuzzy
svm_traindata.txt.1a.KDP_1.5_1.5.mean.fuzzy
svm_traindata.txt.1a.KDP_1.5_1.5.mid.fuzzy
svm_traindata.txt.1a.KDP_1.5_1.5.min.fuzzy
svm_traindata.txt.1a.KDP_1.5_1.5.min5.fuzzy
svm_traindata.txt.1a.KDP_1.5_1.5.sd.fuzzy
svm_traindata.txt.1a.KDP_2.4_2.4.max.fuzzy
svm_traindata.txt.1a.KDP_2.4_2.4.max5.fuzzy
svm_traindata.txt.1a.KDP_2.4_2.4.mean.fuzzy
svm_traindata.txt.1a.KDP_2.4_2.4.mid.fuzzy
svm_traindata.txt.1a.KDP_2.4_2.4.min.fuzzy
svm_traindata.txt.1a.KDP_2.4_2.4.min5.fuzzy
svm_traindata.txt.1a.KDP_2.4_2.4.sd.fuzzy
svm_traindata.txt.1a.KDP_3.4_3.4.max.fuzzy
svm_traindata.txt.1a.KDP_3.4_3.4.max5.fuzzy
svm_traindata.txt.1a.KDP_3.4_3.4.mean.fuzzy
svm_traindata.txt.1a.KDP_3.4_3.4.mid.fuzzy
svm_traindata.txt.1a.KDP_3.4_3.4.min.fuzzy
svm_traindata.txt.1a.KDP_3.4_3.4.min5.fuzzy
svm_traindata.txt.1a.KDP_3.4_3.4.sd.fuzzy
svm_traindata.txt.1a.KDP_4.3_4.3.max.fuzzy
svm_traindata.txt.1a.KDP_4.3_4.3.max5.fuzzy
svm_traindata.txt.1a.KDP_4.3_4.3.mean.fuzzy
svm_traindata.txt.1a.KDP_4.3_4.3.mid.fuzzy
svm_traindata.txt.1a.KDP_4.3_4.3.min.fuzzy
svm_traindata.txt.1a.KDP_4.3_4.3.min5.fuzzy
svm_traindata.txt.1a.KDP_4.3_4.3.sd.fuzzy
svm_traindata.txt.1a.KDP_6.0_6.0.max.fuzzy
svm_traindata.txt.1a.KDP_6.0_6.0.max5.fuzzy
svm_traindata.txt.1a.KDP_6.0_6.0.mean.fuzzy
svm_traindata.txt.1a.KDP_6.0_6.0.mid.fuzzy
svm_traindata.txt.1a.KDP_6.0_6.0.min.fuzzy
svm_traindata.txt.1a.KDP_6.0_6.0.min5.fuzzy
svm_traindata.txt.1a.KDP_6.0_6.0.sd.fuzzy
svm_traindata.txt.1a.ZDR_0.5_0.5.max.fuzzy
svm_traindata.txt.1a.ZDR_0.5_0.5.max5.fuzzy
svm_traindata.txt.1a.ZDR_0.5_0.5.mean.fuzzy
svm_traindata.txt.1a.ZDR_0.5_0.5.mid.fuzzy
svm_traindata.txt.1a.ZDR_0.5_0.5.min.fuzzy
svm_traindata.txt.1a.ZDR_0.5_0.5.min5.fuzzy
svm_traindata.txt.1a.ZDR_0.5_0.5.sd.fuzzy
svm_traindata.txt.1a.ZDR_1.5_1.5.max.fuzzy
svm_traindata.txt.1a.ZDR_1.5_1.5.max5.fuzzy
svm_traindata.txt.1a.ZDR_1.5_1.5.mean.fuzzy
svm_traindata.txt.1a.ZDR_1.5_1.5.mid.fuzzy
svm_traindata.txt.1a.ZDR_1.5_1.5.min.fuzzy
svm_traindata.txt.1a.ZDR_1.5_1.5.min5.fuzzy
svm_traindata.txt.1a.ZDR_1.5_1.5.sd.fuzzy
svm_traindata.txt.1a.ZDR_2.4_2.4.max.fuzzy
svm_traindata.txt.1a.ZDR_2.4_2.4.max5.fuzzy
svm_traindata.txt.1a.ZDR_2.4_2.4.mean.fuzzy
svm_traindata.txt.1a.ZDR_2.4_2.4.mid.fuzzy
svm_traindata.txt.1a.ZDR_2.4_2.4.min.fuzzy
svm_traindata.txt.1a.ZDR_2.4_2.4.min5.fuzzy
svm_traindata.txt.1a.ZDR_2.4_2.4.sd.fuzzy
svm_traindata.txt.1a.ZDR_3.4_3.4.max.fuzzy
svm_traindata.txt.1a.ZDR_3.4_3.4.max5.fuzzy
svm_traindata.txt.1a.ZDR_3.4_3.4.mean.fuzzy
svm_traindata.txt.1a.ZDR_3.4_3.4.mid.fuzzy
svm_traindata.txt.1a.ZDR_3.4_3.4.min.fuzzy
svm_traindata.txt.1a.ZDR_3.4_3.4.min5.fuzzy
svm_traindata.txt.1a.ZDR_3.4_3.4.sd.fuzzy
svm_traindata.txt.1a.ZDR_4.3_4.3.max.fuzzy
svm_traindata.txt.1a.ZDR_4.3_4.3.max5.fuzzy
svm_traindata.txt.1a.ZDR_4.3_4.3.mean.fuzzy
svm_traindata.txt.1a.ZDR_4.3_4.3.mid.fuzzy
svm_traindata.txt.1a.ZDR_4.3_4.3.min.fuzzy
svm_traindata.txt.1a.ZDR_4.3_4.3.min5.fuzzy
svm_traindata.txt.1a.ZDR_4.3_4.3.sd.fuzzy
svm_traindata.txt.1a.ZDR_6.0_6.0.max.fuzzy
svm_traindata.txt.1a.ZDR_6.0_6.0.max5.fuzzy
svm_traindata.txt.1a.ZDR_6.0_6.0.mean.fuzzy
svm_traindata.txt.1a.ZDR_6.0_6.0.mid.fuzzy
svm_traindata.txt.1a.ZDR_6.0_6.0.min.fuzzy
svm_traindata.txt.1a.ZDR_6.0_6.0.min5.fuzzy
svm_traindata.txt.1a.ZDR_6.0_6.0.sd.fuzzy
svm_traindata.txt.1a.Z_0.5_0.5.max.fuzzy
svm_traindata.txt.1a.Z_0.5_0.5.max5.fuzzy
svm_traindata.txt.1a.Z_0.5_0.5.mean.fuzzy
svm_traindata.txt.1a.Z_0.5_0.5.mid.fuzzy
svm_traindata.txt.1a.Z_0.5_0.5.min.fuzzy
svm_traindata.txt.1a.Z_0.5_0.5.min5.fuzzy
svm_traindata.txt.1a.Z_0.5_0.5.sd.fuzzy
svm_traindata.txt.1a.Z_1.5_1.5.max.fuzzy
svm_traindata.txt.1a.Z_1.5_1.5.max5.fuzzy
svm_traindata.txt.1a.Z_1.5_1.5.mean.fuzzy
svm_traindata.txt.1a.Z_1.5_1.5.mid.fuzzy
svm_traindata.txt.1a.Z_1.5_1.5.min.fuzzy
svm_traindata.txt.1a.Z_1.5_1.5.min5.fuzzy
svm_traindata.txt.1a.Z_1.5_1.5.sd.fuzzy
svm_traindata.txt.1a.Z_2.4_2.4.max.fuzzy
svm_traindata.txt.1a.Z_2.4_2.4.max5.fuzzy
svm_traindata.txt.1a.Z_2.4_2.4.mean.fuzzy
svm_traindata.txt.1a.Z_2.4_2.4.mid.fuzzy
svm_traindata.txt.1a.Z_2.4_2.4.min.fuzzy
svm_traindata.txt.1a.Z_2.4_2.4.min5.fuzzy
svm_traindata.txt.1a.Z_2.4_2.4.sd.fuzzy
svm_traindata.txt.1a.Z_3.4_3.4.max.fuzzy
svm_traindata.txt.1a.Z_3.4_3.4.max5.fuzzy
svm_traindata.txt.1a.Z_3.4_3.4.mean.fuzzy
svm_traindata.txt.1a.Z_3.4_3.4.mid.fuzzy
svm_traindata.txt.1a.Z_3.4_3.4.min.fuzzy
svm_traindata.txt.1a.Z_3.4_3.4.min5.fuzzy
svm_traindata.txt.1a.Z_3.4_3.4.sd.fuzzy
svm_traindata.txt.1a.Z_4.3_4.3.max.fuzzy
svm_traindata.txt.1a.Z_4.3_4.3.max5.fuzzy
svm_traindata.txt.1a.Z_4.3_4.3.mean.fuzzy
svm_traindata.txt.1a.Z_4.3_4.3.mid.fuzzy
svm_traindata.txt.1a.Z_4.3_4.3.min.fuzzy
svm_traindata.txt.1a.Z_4.3_4.3.min5.fuzzy
svm_traindata.txt.1a.Z_4.3_4.3.sd.fuzzy
svm_traindata.txt.1a.Z_6.0_6.0.max.fuzzy
svm_traindata.txt.1a.Z_6.0_6.0.max5.fuzzy
svm_traindata.txt.1a.Z_6.0_6.0.mean.fuzzy
svm_traindata.txt.1a.Z_6.0_6.0.mid.fuzzy
svm_traindata.txt.1a.Z_6.0_6.0.min.fuzzy
svm_traindata.txt.1a.Z_6.0_6.0.min5.fuzzy
svm_traindata.txt.1a.Z_6.0_6.0.sd.fuzzy
training_data_dir: D:\\svmdata.10minPrecipAsLabel.FuzzyLabel\svm_case2.1_merged_all_stat
rainfall_min_value: 0
rainfall_max_value: 100
n_rainfall_indexes(Number of neurons for output-layer): 100
size_hidden_layer(Number of neurons for hidden-layer): 30
kernel type: Sigmoid
epoches: 20
mini_batch_size: 10
training_rate: 2.0

===== svm_traindata.txt.1a.KDP_0.5_0.5.max.fuzzy =====
dimension(Number of neurons for input layer) : 1
number of training examples: 1145  test examples: 287
Epoch 0: 124 / 287
Epoch 1: 109 / 287
Epoch 2: 112 / 287
Epoch 9: 116 / 287
Epoch 10: 117 / 287
Epoch 11: 115 / 287
Epoch 12: 115 / 287
Epoch 17: 128 / 287
Epoch 18: 120 / 287
Epoch 19: 129 / 287
Result after 20 epoches: 129 / 287  (44%)

===== svm_traindata.txt.1a.KDP_0.5_0.5.max5.fuzzy =====
dimension(Number of neurons for input layer) : 5
number of training examples: 1145  test examples: 287
Epoch 0: 0 / 287
Epoch 1: 0 / 287
Epoch 2: 123 / 287
Epoch 9: 121 / 287
Epoch 10: 124 / 287
Epoch 11: 130 / 287
Epoch 12: 132 / 287
Epoch 17: 130 / 287
Epoch 18: 136 / 287
Epoch 19: 133 / 287
Result after 20 epoches: 133 / 287  (46%)

===== svm_traindata.txt.1a.KDP_0.5_0.5.mean.fuzzy =====
dimension(Number of neurons for input layer) : 1
number of training examples: 1145  test examples: 287
Epoch 0: 124 / 287
Epoch 1: 108 / 287
Epoch 2: 124 / 287
Epoch 9: 124 / 287
Epoch 10: 122 / 287
Epoch 11: 110 / 287
Epoch 12: 111 / 287
Epoch 17: 110 / 287
Epoch 18: 120 / 287
Epoch 19: 117 / 287
Result after 20 epoches: 117 / 287  (40%)

===== svm_traindata.txt.1a.KDP_0.5_0.5.mid.fuzzy =====
dimension(Number of neurons for input layer) : 1
number of training examples: 1145  test examples: 287
Epoch 0: 108 / 287
Epoch 1: 108 / 287
Epoch 2: 124 / 287
Epoch 9: 113 / 287
Epoch 10: 112 / 287
Epoch 11: 112 / 287
Epoch 12: 112 / 287
Epoch 17: 135 / 287
Epoch 18: 112 / 287
Epoch 19: 112 / 287
Result after 20 epoches: 112 / 287  (39%)

===== svm_traindata.txt.1a.KDP_0.5_0.5.min.fuzzy =====
dimension(Number of neurons for input layer) : 1
number of training examples: 1145  test examples: 287
Epoch 0: 109 / 287
Epoch 1: 109 / 287
Epoch 2: 124 / 287
Epoch 9: 124 / 287
Epoch 10: 69 / 287
Epoch 11: 124 / 287
Epoch 12: 124 / 287
Epoch 17: 96 / 287
Epoch 18: 124 / 287
Epoch 19: 96 / 287
Result after 20 epoches: 96 / 287  (33%)

===== svm_traindata.txt.1a.KDP_0.5_0.5.min5.fuzzy =====
dimension(Number of neurons for input layer) : 5
number of training examples: 1145  test examples: 287
Epoch 0: 108 / 287
Epoch 1: 124 / 287
Epoch 2: 124 / 287
Epoch 9: 126 / 287
Epoch 10: 108 / 287
Epoch 11: 84 / 287
Epoch 12: 107 / 287
Epoch 17: 107 / 287
Epoch 18: 109 / 287
Epoch 19: 127 / 287
Result after 20 epoches: 127 / 287  (44%)

===== svm_traindata.txt.1a.KDP_0.5_0.5.sd.fuzzy =====
dimension(Number of neurons for input layer) : 1
number of training examples: 1145  test examples: 287
Epoch 0: 0 / 287
Epoch 1: 0 / 287
Epoch 2: 124 / 287
Epoch 9: 109 / 287
Epoch 10: 102 / 287
Epoch 11: 124 / 287
Epoch 12: 124 / 287
Epoch 17: 108 / 287
Epoch 18: 113 / 287
Epoch 19: 109 / 287
Result after 20 epoches: 109 / 287  (37%)

===== svm_traindata.txt.1a.KDP_1.5_1.5.max.fuzzy =====
dimension(Number of neurons for input layer) : 1
number of training examples: 1140  test examples: 286
Epoch 0: 0 / 286
Epoch 1: 109 / 286
Epoch 2: 111 / 286
Epoch 9: 120 / 286
Epoch 10: 116 / 286
Epoch 11: 116 / 286
Epoch 12: 112 / 286
Epoch 17: 119 / 286
Epoch 18: 120 / 286
Epoch 19: 125 / 286
Result after 20 epoches: 125 / 286  (43%)

===== svm_traindata.txt.1a.KDP_1.5_1.5.max5.fuzzy =====
dimension(Number of neurons for input layer) : 5
number of training examples: 1140  test examples: 286
Epoch 0: 116 / 286
Epoch 1: 119 / 286
Epoch 2: 118 / 286
Epoch 9: 128 / 286
Epoch 10: 119 / 286
Epoch 11: 120 / 286
Epoch 12: 134 / 286
Epoch 17: 133 / 286
Epoch 18: 126 / 286
Epoch 19: 130 / 286
Result after 20 epoches: 130 / 286  (45%)

===== svm_traindata.txt.1a.KDP_1.5_1.5.mean.fuzzy =====
dimension(Number of neurons for input layer) : 1
number of training examples: 1140  test examples: 286
Epoch 0: 0 / 286
Epoch 1: 0 / 286
Epoch 2: 0 / 286
Epoch 9: 120 / 286
Epoch 10: 148 / 286
Epoch 11: 142 / 286
Epoch 12: 119 / 286
Epoch 17: 129 / 286
Epoch 18: 118 / 286
Epoch 19: 117 / 286
Result after 20 epoches: 117 / 286  (40%)

===== svm_traindata.txt.1a.KDP_1.5_1.5.mid.fuzzy =====
dimension(Number of neurons for input layer) : 1
number of training examples: 1140  test examples: 286
Epoch 0: 122 / 286
Epoch 1: 113 / 286
Epoch 2: 114 / 286
Epoch 9: 114 / 286
Epoch 10: 126 / 286
Epoch 11: 115 / 286
Epoch 12: 114 / 286
Epoch 17: 119 / 286
Epoch 18: 114 / 286
Epoch 19: 114 / 286
Result after 20 epoches: 114 / 286  (39%)

===== svm_traindata.txt.1a.KDP_1.5_1.5.min.fuzzy =====
dimension(Number of neurons for input layer) : 1
number of training examples: 1140  test examples: 286
Epoch 0: 0 / 286
Epoch 1: 111 / 286
Epoch 2: 111 / 286
Epoch 9: 111 / 286
Epoch 10: 98 / 286
Epoch 11: 111 / 286
Epoch 12: 111 / 286
Epoch 17: 111 / 286
Epoch 18: 112 / 286
Epoch 19: 122 / 286
Result after 20 epoches: 122 / 286  (42%)

===== svm_traindata.txt.1a.KDP_1.5_1.5.min5.fuzzy =====
dimension(Number of neurons for input layer) : 5
number of training examples: 1140  test examples: 286
Epoch 0: 111 / 286
Epoch 1: 122 / 286
Epoch 2: 123 / 286
Epoch 9: 115 / 286
Epoch 10: 115 / 286
Epoch 11: 115 / 286
Epoch 12: 117 / 286
Epoch 17: 127 / 286
Epoch 18: 115 / 286
Epoch 19: 126 / 286
Result after 20 epoches: 126 / 286  (44%)

===== svm_traindata.txt.1a.KDP_1.5_1.5.sd.fuzzy =====
dimension(Number of neurons for input layer) : 1
number of training examples: 1140  test examples: 286
Epoch 0: 112 / 286
Epoch 1: 122 / 286
Epoch 2: 111 / 286
Epoch 9: 112 / 286
Epoch 10: 114 / 286
Epoch 11: 110 / 286
Epoch 12: 111 / 286
Epoch 17: 113 / 286
Epoch 18: 114 / 286
Epoch 19: 113 / 286
Result after 20 epoches: 113 / 286  (39%)

===== svm_traindata.txt.1a.KDP_2.4_2.4.max.fuzzy =====
dimension(Number of neurons for input layer) : 1
number of training examples: 1142  test examples: 286
Epoch 0: 123 / 286
Epoch 1: 123 / 286
Epoch 2: 114 / 286
Epoch 9: 106 / 286
Epoch 10: 115 / 286
Epoch 11: 116 / 286
Epoch 12: 115 / 286
Epoch 17: 105 / 286
Epoch 18: 123 / 286
Epoch 19: 123 / 286
Result after 20 epoches: 123 / 286  (43%)

===== svm_traindata.txt.1a.KDP_2.4_2.4.max5.fuzzy =====
dimension(Number of neurons for input layer) : 5
number of training examples: 1142  test examples: 286
Epoch 0: 0 / 286
Epoch 1: 0 / 286
Epoch 2: 0 / 286
Epoch 9: 0 / 286
Epoch 10: 0 / 286
Epoch 11: 0 / 286
Epoch 12: 0 / 286
Epoch 17: 0 / 286
Epoch 18: 0 / 286
Epoch 19: 0 / 286
Result after 20 epoches: 0 / 286  (0%)

===== svm_traindata.txt.1a.KDP_2.4_2.4.mean.fuzzy =====
dimension(Number of neurons for input layer) : 1
number of training examples: 1142  test examples: 286
Epoch 0: 0 / 286
Epoch 1: 0 / 286
Epoch 2: 0 / 286
Epoch 9: 123 / 286
Epoch 10: 112 / 286
Epoch 11: 113 / 286
Epoch 12: 125 / 286
Epoch 17: 111 / 286
Epoch 18: 117 / 286
Epoch 19: 123 / 286
Result after 20 epoches: 123 / 286  (43%)

===== svm_traindata.txt.1a.KDP_2.4_2.4.mid.fuzzy =====
dimension(Number of neurons for input layer) : 1
number of training examples: 1142  test examples: 286
Epoch 0: 0 / 286
Epoch 1: 108 / 286
Epoch 2: 111 / 286
Epoch 9: 112 / 286
Epoch 10: 114 / 286
Epoch 11: 119 / 286
Epoch 12: 112 / 286
Epoch 17: 111 / 286
Epoch 18: 111 / 286
Epoch 19: 119 / 286
Result after 20 epoches: 119 / 286  (41%)

===== svm_traindata.txt.1a.KDP_2.4_2.4.min.fuzzy =====
dimension(Number of neurons for input layer) : 1
number of training examples: 1142  test examples: 286
Epoch 0: 121 / 286
Epoch 1: 110 / 286
Epoch 2: 110 / 286
Epoch 9: 109 / 286
Epoch 10: 106 / 286
Epoch 11: 109 / 286
Epoch 12: 107 / 286
Epoch 17: 107 / 286
Epoch 18: 107 / 286
Epoch 19: 107 / 286
Result after 20 epoches: 107 / 286  (37%)

===== svm_traindata.txt.1a.KDP_2.4_2.4.min5.fuzzy =====
dimension(Number of neurons for input layer) : 5
number of training examples: 1142  test examples: 286
Epoch 0: 0 / 286
Epoch 1: 0 / 286
Epoch 2: 0 / 286
Epoch 9: 112 / 286
Epoch 10: 110 / 286
Epoch 11: 107 / 286
Epoch 12: 110 / 286
Epoch 17: 125 / 286
Epoch 18: 108 / 286
Epoch 19: 106 / 286
Result after 20 epoches: 106 / 286  (37%)

===== svm_traindata.txt.1a.KDP_2.4_2.4.sd.fuzzy =====
dimension(Number of neurons for input layer) : 1
number of training examples: 1142  test examples: 286
Epoch 0: 0 / 286
Epoch 1: 123 / 286
Epoch 2: 110 / 286
Epoch 9: 123 / 286
Epoch 10: 102 / 286
Epoch 11: 115 / 286
Epoch 12: 123 / 286
Epoch 17: 123 / 286
Epoch 18: 112 / 286
Epoch 19: 123 / 286
Result after 20 epoches: 123 / 286  (43%)

===== svm_traindata.txt.1a.KDP_3.4_3.4.max.fuzzy =====
dimension(Number of neurons for input layer) : 1
number of training examples: 1142  test examples: 286
Epoch 0: 131 / 286
Epoch 1: 110 / 286
Epoch 2: 123 / 286
Epoch 9: 113 / 286
Epoch 10: 124 / 286
Epoch 11: 123 / 286
Epoch 12: 121 / 286
Epoch 17: 123 / 286
Epoch 18: 117 / 286
Epoch 19: 123 / 286
Result after 20 epoches: 123 / 286  (43%)

===== svm_traindata.txt.1a.KDP_3.4_3.4.max5.fuzzy =====
dimension(Number of neurons for input layer) : 5
number of training examples: 1142  test examples: 286
Epoch 0: 0 / 286
Epoch 1: 0 / 286
Epoch 2: 123 / 286
Epoch 9: 106 / 286
Epoch 10: 113 / 286
Epoch 11: 113 / 286
Epoch 12: 110 / 286
Epoch 17: 113 / 286
Epoch 18: 114 / 286
Epoch 19: 113 / 286
Result after 20 epoches: 113 / 286  (39%)

===== svm_traindata.txt.1a.KDP_3.4_3.4.mean.fuzzy =====
dimension(Number of neurons for input layer) : 1
number of training examples: 1142  test examples: 286
Epoch 0: 115 / 286
Epoch 1: 110 / 286
Epoch 2: 120 / 286
Epoch 9: 113 / 286
Epoch 10: 130 / 286
Epoch 11: 113 / 286
Epoch 12: 139 / 286
Epoch 17: 140 / 286
Epoch 18: 117 / 286
Epoch 19: 115 / 286
Result after 20 epoches: 115 / 286  (40%)

===== svm_traindata.txt.1a.KDP_3.4_3.4.mid.fuzzy =====
dimension(Number of neurons for input layer) : 1
number of training examples: 1142  test examples: 286
Epoch 0: 0 / 286
Epoch 1: 0 / 286
Epoch 2: 0 / 286
Epoch 9: 114 / 286
Epoch 10: 108 / 286
Epoch 11: 123 / 286
Epoch 12: 110 / 286
Epoch 17: 108 / 286
Epoch 18: 109 / 286
Epoch 19: 123 / 286
Result after 20 epoches: 123 / 286  (43%)

===== svm_traindata.txt.1a.KDP_3.4_3.4.min.fuzzy =====
dimension(Number of neurons for input layer) : 1
number of training examples: 1142  test examples: 286
Epoch 0: 0 / 286
Epoch 1: 0 / 286
Epoch 2: 99 / 286
Epoch 9: 102 / 286
Epoch 10: 109 / 286
Epoch 11: 110 / 286
Epoch 12: 108 / 286
Epoch 17: 107 / 286
Epoch 18: 123 / 286
Epoch 19: 109 / 286
Result after 20 epoches: 109 / 286  (38%)

===== svm_traindata.txt.1a.KDP_3.4_3.4.min5.fuzzy =====
dimension(Number of neurons for input layer) : 5
number of training examples: 1142  test examples: 286
Epoch 0: 0 / 286
Epoch 1: 123 / 286
Epoch 2: 109 / 286
Epoch 9: 123 / 286
Epoch 10: 109 / 286
Epoch 11: 105 / 286
Epoch 12: 109 / 286
Epoch 17: 110 / 286
Epoch 18: 110 / 286
Epoch 19: 123 / 286
Result after 20 epoches: 123 / 286  (43%)

===== svm_traindata.txt.1a.KDP_3.4_3.4.sd.fuzzy =====
dimension(Number of neurons for input layer) : 1
number of training examples: 1142  test examples: 286
Epoch 0: 0 / 286
Epoch 1: 0 / 286
Epoch 2: 0 / 286
Epoch 9: 0 / 286
Epoch 10: 0 / 286
Epoch 11: 0 / 286
Epoch 12: 0 / 286
Epoch 17: 0 / 286
Epoch 18: 0 / 286
Epoch 19: 112 / 286
Result after 20 epoches: 112 / 286  (39%)

===== svm_traindata.txt.1a.KDP_4.3_4.3.max.fuzzy =====
dimension(Number of neurons for input layer) : 1
number of training examples: 1141  test examples: 286
Epoch 0: 119 / 286
Epoch 1: 109 / 286
Epoch 2: 112 / 286
Epoch 9: 123 / 286
Epoch 10: 123 / 286
Epoch 11: 118 / 286
Epoch 12: 88 / 286
Epoch 17: 121 / 286
Epoch 18: 123 / 286
Epoch 19: 123 / 286
Result after 20 epoches: 123 / 286  (43%)

===== svm_traindata.txt.1a.KDP_4.3_4.3.max5.fuzzy =====
dimension(Number of neurons for input layer) : 5
number of training examples: 1141  test examples: 286
Epoch 0: 123 / 286
Epoch 1: 123 / 286
Epoch 2: 125 / 286
Epoch 9: 116 / 286
Epoch 10: 123 / 286
Epoch 11: 114 / 286
Epoch 12: 123 / 286
Epoch 17: 116 / 286
Epoch 18: 121 / 286
Epoch 19: 123 / 286
Result after 20 epoches: 123 / 286  (43%)

===== svm_traindata.txt.1a.KDP_4.3_4.3.mean.fuzzy =====
dimension(Number of neurons for input layer) : 1
number of training examples: 1141  test examples: 286
Epoch 0: 0 / 286
Epoch 1: 110 / 286
Epoch 2: 110 / 286
Epoch 9: 111 / 286
Epoch 10: 123 / 286
Epoch 11: 111 / 286
Epoch 12: 123 / 286
Epoch 17: 124 / 286
Epoch 18: 112 / 286
Epoch 19: 124 / 286
Result after 20 epoches: 124 / 286  (43%)

===== svm_traindata.txt.1a.KDP_4.3_4.3.mid.fuzzy =====
dimension(Number of neurons for input layer) : 1
number of training examples: 1141  test examples: 286
Epoch 0: 124 / 286
Epoch 1: 110 / 286
Epoch 2: 104 / 286
Epoch 9: 123 / 286
Epoch 10: 110 / 286
Epoch 11: 110 / 286
Epoch 12: 110 / 286
Epoch 17: 123 / 286
Epoch 18: 110 / 286
Epoch 19: 123 / 286
Result after 20 epoches: 123 / 286  (43%)

===== svm_traindata.txt.1a.KDP_4.3_4.3.min.fuzzy =====
dimension(Number of neurons for input layer) : 1
number of training examples: 1141  test examples: 286
Epoch 0: 110 / 286
Epoch 1: 123 / 286
Epoch 2: 110 / 286
Epoch 9: 109 / 286
Epoch 10: 110 / 286
Epoch 11: 123 / 286
Epoch 12: 109 / 286
Epoch 17: 110 / 286
Epoch 18: 123 / 286
Epoch 19: 109 / 286
Result after 20 epoches: 109 / 286  (38%)

===== svm_traindata.txt.1a.KDP_4.3_4.3.min5.fuzzy =====
dimension(Number of neurons for input layer) : 5
number of training examples: 1141  test examples: 286
Epoch 0: 0 / 286
Epoch 1: 0 / 286
Epoch 2: 0 / 286
Epoch 9: 41 / 286
Epoch 10: 123 / 286
Epoch 11: 123 / 286
Epoch 12: 109 / 286
Epoch 17: 42 / 286
Epoch 18: 110 / 286
Epoch 19: 123 / 286
Result after 20 epoches: 123 / 286  (43%)

===== svm_traindata.txt.1a.KDP_4.3_4.3.sd.fuzzy =====
dimension(Number of neurons for input layer) : 1
number of training examples: 1141  test examples: 286
Epoch 0: 33 / 286
Epoch 1: 83 / 286
Epoch 2: 123 / 286
Epoch 9: 109 / 286
Epoch 10: 123 / 286
Epoch 11: 123 / 286
Epoch 12: 43 / 286
Epoch 17: 123 / 286
Epoch 18: 109 / 286
Epoch 19: 111 / 286
Result after 20 epoches: 111 / 286  (38%)

===== svm_traindata.txt.1a.KDP_6.0_6.0.max.fuzzy =====
dimension(Number of neurons for input layer) : 1
number of training examples: 1140  test examples: 286
Epoch 0: 0 / 286
Epoch 1: 112 / 286
Epoch 2: 115 / 286
Epoch 9: 114 / 286
Epoch 10: 111 / 286
Epoch 11: 129 / 286
Epoch 12: 110 / 286
Epoch 17: 133 / 286
Epoch 18: 126 / 286
Epoch 19: 123 / 286
Result after 20 epoches: 123 / 286  (43%)

===== svm_traindata.txt.1a.KDP_6.0_6.0.max5.fuzzy =====
dimension(Number of neurons for input layer) : 5
number of training examples: 1140  test examples: 286
Epoch 0: 128 / 286
Epoch 1: 108 / 286
Epoch 2: 128 / 286
Epoch 9: 127 / 286
Epoch 10: 113 / 286
Epoch 11: 124 / 286
Epoch 12: 126 / 286
Epoch 17: 120 / 286
Epoch 18: 115 / 286
Epoch 19: 113 / 286
Result after 20 epoches: 113 / 286  (39%)

===== svm_traindata.txt.1a.KDP_6.0_6.0.mean.fuzzy =====
dimension(Number of neurons for input layer) : 1
number of training examples: 1140  test examples: 286
Epoch 0: 110 / 286
Epoch 1: 120 / 286
Epoch 2: 123 / 286
Epoch 9: 111 / 286
Epoch 10: 131 / 286
Epoch 11: 110 / 286
Epoch 12: 115 / 286
Epoch 17: 111 / 286
Epoch 18: 116 / 286
Epoch 19: 110 / 286
Result after 20 epoches: 110 / 286  (38%)

===== svm_traindata.txt.1a.KDP_6.0_6.0.mid.fuzzy =====
dimension(Number of neurons for input layer) : 1
number of training examples: 1140  test examples: 286
Epoch 0: 110 / 286
Epoch 1: 110 / 286
Epoch 2: 110 / 286
Epoch 9: 111 / 286
Epoch 10: 111 / 286
Epoch 11: 111 / 286
Epoch 12: 111 / 286
Epoch 17: 111 / 286
Epoch 18: 109 / 286
Epoch 19: 124 / 286
Result after 20 epoches: 124 / 286  (43%)

===== svm_traindata.txt.1a.KDP_6.0_6.0.min.fuzzy =====
dimension(Number of neurons for input layer) : 1
number of training examples: 1140  test examples: 286
Epoch 0: 0 / 286
Epoch 1: 109 / 286
Epoch 2: 107 / 286
Epoch 9: 111 / 286
Epoch 10: 109 / 286
Epoch 11: 111 / 286
Epoch 12: 110 / 286
Epoch 17: 112 / 286
Epoch 18: 108 / 286
Epoch 19: 111 / 286
Result after 20 epoches: 111 / 286  (38%)

===== svm_traindata.txt.1a.KDP_6.0_6.0.min5.fuzzy =====
dimension(Number of neurons for input layer) : 5
number of training examples: 1140  test examples: 286
Epoch 0: 0 / 286
Epoch 1: 0 / 286
Epoch 2: 0 / 286
Epoch 9: 113 / 286
Epoch 10: 110 / 286
Epoch 11: 114 / 286
Epoch 12: 115 / 286
Epoch 17: 123 / 286
Epoch 18: 114 / 286
Epoch 19: 114 / 286
Result after 20 epoches: 114 / 286  (39%)

===== svm_traindata.txt.1a.KDP_6.0_6.0.sd.fuzzy =====
dimension(Number of neurons for input layer) : 1
number of training examples: 1140  test examples: 286
Epoch 0: 110 / 286
Epoch 1: 109 / 286
Epoch 2: 109 / 286
Epoch 9: 123 / 286
Epoch 10: 115 / 286
Epoch 11: 120 / 286
Epoch 12: 123 / 286
Epoch 17: 108 / 286
Epoch 18: 114 / 286
Epoch 19: 107 / 286
Result after 20 epoches: 107 / 286  (37%)

===== svm_traindata.txt.1a.ZDR_0.5_0.5.max.fuzzy =====
dimension(Number of neurons for input layer) : 1
number of training examples: 1145  test examples: 287
Epoch 0: 0 / 287
Epoch 1: 0 / 287
Epoch 2: 105 / 287
Epoch 9: 104 / 287
Epoch 10: 123 / 287
Epoch 11: 108 / 287
Epoch 12: 96 / 287
Epoch 17: 133 / 287
Epoch 18: 124 / 287
Epoch 19: 119 / 287
Result after 20 epoches: 119 / 287  (41%)

===== svm_traindata.txt.1a.ZDR_0.5_0.5.max5.fuzzy =====
dimension(Number of neurons for input layer) : 5
number of training examples: 1145  test examples: 287
Epoch 0: 108 / 287
Epoch 1: 110 / 287
Epoch 2: 108 / 287
Epoch 9: 106 / 287
Epoch 10: 118 / 287
Epoch 11: 108 / 287
Epoch 12: 106 / 287
Epoch 17: 108 / 287
Epoch 18: 111 / 287
Epoch 19: 113 / 287
Result after 20 epoches: 113 / 287  (39%)

===== svm_traindata.txt.1a.ZDR_0.5_0.5.mean.fuzzy =====
dimension(Number of neurons for input layer) : 1
number of training examples: 1145  test examples: 287
Epoch 0: 129 / 287
Epoch 1: 108 / 287
Epoch 2: 108 / 287
Epoch 9: 111 / 287
Epoch 10: 129 / 287
Epoch 11: 99 / 287
Epoch 12: 101 / 287
Epoch 17: 95 / 287
Epoch 18: 131 / 287
Epoch 19: 108 / 287
Result after 20 epoches: 108 / 287  (37%)

===== svm_traindata.txt.1a.ZDR_0.5_0.5.mid.fuzzy =====
dimension(Number of neurons for input layer) : 1
number of training examples: 1145  test examples: 287
Epoch 0: 0 / 287
Epoch 1: 0 / 287
Epoch 2: 0 / 287
Epoch 9: 108 / 287
Epoch 10: 108 / 287
Epoch 11: 109 / 287
Epoch 12: 108 / 287
Epoch 17: 109 / 287
Epoch 18: 108 / 287
Epoch 19: 108 / 287
Result after 20 epoches: 108 / 287  (37%)

===== svm_traindata.txt.1a.ZDR_0.5_0.5.min.fuzzy =====
dimension(Number of neurons for input layer) : 1
number of training examples: 1145  test examples: 287
Epoch 0: 0 / 287
Epoch 1: 0 / 287
Epoch 2: 0 / 287
Epoch 9: 108 / 287
Epoch 10: 106 / 287
Epoch 11: 124 / 287
Epoch 12: 109 / 287
Epoch 17: 121 / 287
Epoch 18: 128 / 287
Epoch 19: 126 / 287
Result after 20 epoches: 126 / 287  (43%)

===== svm_traindata.txt.1a.ZDR_0.5_0.5.min5.fuzzy =====
dimension(Number of neurons for input layer) : 5
number of training examples: 1145  test examples: 287
Epoch 0: 126 / 287
Epoch 1: 129 / 287
Epoch 2: 133 / 287
Epoch 9: 118 / 287
Epoch 10: 134 / 287
Epoch 11: 133 / 287
Epoch 12: 124 / 287
Epoch 17: 128 / 287
Epoch 18: 130 / 287
Epoch 19: 114 / 287
Result after 20 epoches: 114 / 287  (39%)

===== svm_traindata.txt.1a.ZDR_0.5_0.5.sd.fuzzy =====
dimension(Number of neurons for input layer) : 1
number of training examples: 1145  test examples: 287
Epoch 0: 0 / 287
Epoch 1: 0 / 287
Epoch 2: 108 / 287
Epoch 9: 116 / 287
Epoch 10: 133 / 287
Epoch 11: 138 / 287
Epoch 12: 110 / 287
Epoch 17: 108 / 287
Epoch 18: 108 / 287
Epoch 19: 119 / 287
Result after 20 epoches: 119 / 287  (41%)

===== svm_traindata.txt.1a.ZDR_1.5_1.5.max.fuzzy =====
dimension(Number of neurons for input layer) : 1
number of training examples: 1140  test examples: 286
Epoch 0: 0 / 286
Epoch 1: 0 / 286
Epoch 2: 0 / 286
Epoch 9: 111 / 286
Epoch 10: 142 / 286
Epoch 11: 111 / 286
Epoch 12: 111 / 286
Epoch 17: 111 / 286
Epoch 18: 111 / 286
Epoch 19: 111 / 286
Result after 20 epoches: 111 / 286  (38%)

===== svm_traindata.txt.1a.ZDR_1.5_1.5.max5.fuzzy =====
dimension(Number of neurons for input layer) : 5
number of training examples: 1140  test examples: 286
Epoch 0: 119 / 286
Epoch 1: 111 / 286
Epoch 2: 113 / 286
Epoch 9: 137 / 286
Epoch 10: 131 / 286
Epoch 11: 139 / 286
Epoch 12: 123 / 286
Epoch 17: 126 / 286
Epoch 18: 136 / 286
Epoch 19: 136 / 286
Result after 20 epoches: 136 / 286  (47%)

===== svm_traindata.txt.1a.ZDR_1.5_1.5.mean.fuzzy =====
dimension(Number of neurons for input layer) : 1
number of training examples: 1140  test examples: 286
Epoch 0: 111 / 286
Epoch 1: 111 / 286
Epoch 2: 111 / 286
Epoch 9: 118 / 286
Epoch 10: 118 / 286
Epoch 11: 119 / 286
Epoch 12: 123 / 286
Epoch 17: 117 / 286
Epoch 18: 118 / 286
Epoch 19: 120 / 286
Result after 20 epoches: 120 / 286  (41%)

===== svm_traindata.txt.1a.ZDR_1.5_1.5.mid.fuzzy =====
dimension(Number of neurons for input layer) : 1
number of training examples: 1140  test examples: 286
Epoch 0: 122 / 286
Epoch 1: 111 / 286
Epoch 2: 121 / 286
Epoch 9: 118 / 286
Epoch 10: 111 / 286
Epoch 11: 117 / 286
Epoch 12: 111 / 286
Epoch 17: 125 / 286
Epoch 18: 111 / 286
Epoch 19: 118 / 286
Result after 20 epoches: 118 / 286  (41%)

===== svm_traindata.txt.1a.ZDR_1.5_1.5.min.fuzzy =====
dimension(Number of neurons for input layer) : 1
number of training examples: 1140  test examples: 286
Epoch 0: 0 / 286
Epoch 1: 118 / 286
Epoch 2: 111 / 286
Epoch 9: 117 / 286
Epoch 10: 114 / 286
Epoch 11: 130 / 286
Epoch 12: 127 / 286
Epoch 17: 121 / 286
Epoch 18: 125 / 286
Epoch 19: 104 / 286
Result after 20 epoches: 104 / 286  (36%)

===== svm_traindata.txt.1a.ZDR_1.5_1.5.min5.fuzzy =====
dimension(Number of neurons for input layer) : 5
number of training examples: 1140  test examples: 286
Epoch 0: 131 / 286
Epoch 1: 119 / 286
Epoch 2: 128 / 286
Epoch 9: 127 / 286
Epoch 10: 104 / 286
Epoch 11: 121 / 286
Epoch 12: 131 / 286
Epoch 17: 117 / 286
Epoch 18: 130 / 286
Epoch 19: 127 / 286
Result after 20 epoches: 127 / 286  (44%)

===== svm_traindata.txt.1a.ZDR_1.5_1.5.sd.fuzzy =====
dimension(Number of neurons for input layer) : 1
number of training examples: 1140  test examples: 286
Epoch 0: 0 / 286
Epoch 1: 111 / 286
Epoch 2: 115 / 286
Epoch 9: 140 / 286
Epoch 10: 140 / 286
Epoch 11: 126 / 286
Epoch 12: 120 / 286
Epoch 17: 135 / 286
Epoch 18: 120 / 286
Epoch 19: 141 / 286
Result after 20 epoches: 141 / 286  (49%)

===== svm_traindata.txt.1a.ZDR_2.4_2.4.max.fuzzy =====
dimension(Number of neurons for input layer) : 1
number of training examples: 1142  test examples: 286
Epoch 0: 111 / 286
Epoch 1: 113 / 286
Epoch 2: 113 / 286
Epoch 9: 135 / 286
Epoch 10: 110 / 286
Epoch 11: 133 / 286
Epoch 12: 110 / 286
Epoch 17: 138 / 286
Epoch 18: 110 / 286
Epoch 19: 110 / 286
Result after 20 epoches: 110 / 286  (38%)

===== svm_traindata.txt.1a.ZDR_2.4_2.4.max5.fuzzy =====
dimension(Number of neurons for input layer) : 5
number of training examples: 1142  test examples: 286
Epoch 0: 116 / 286
Epoch 1: 110 / 286
Epoch 2: 109 / 286
Epoch 9: 124 / 286
Epoch 10: 110 / 286
Epoch 11: 110 / 286
Epoch 12: 110 / 286
Epoch 17: 112 / 286
Epoch 18: 110 / 286
Epoch 19: 123 / 286
Result after 20 epoches: 123 / 286  (43%)

===== svm_traindata.txt.1a.ZDR_2.4_2.4.mean.fuzzy =====
dimension(Number of neurons for input layer) : 1
number of training examples: 1142  test examples: 286
Epoch 0: 0 / 286
Epoch 1: 0 / 286
Epoch 2: 0 / 286
Epoch 9: 123 / 286
Epoch 10: 123 / 286
Epoch 11: 110 / 286
Epoch 12: 110 / 286
Epoch 17: 105 / 286
Epoch 18: 110 / 286
Epoch 19: 110 / 286
Result after 20 epoches: 110 / 286  (38%)

===== svm_traindata.txt.1a.ZDR_2.4_2.4.mid.fuzzy =====
dimension(Number of neurons for input layer) : 1
number of training examples: 1142  test examples: 286
Epoch 0: 135 / 286
Epoch 1: 122 / 286
Epoch 2: 110 / 286
Epoch 9: 134 / 286
Epoch 10: 135 / 286
Epoch 11: 137 / 286
Epoch 12: 110 / 286
Epoch 17: 141 / 286
Epoch 18: 138 / 286
Epoch 19: 123 / 286
Result after 20 epoches: 123 / 286  (43%)

===== svm_traindata.txt.1a.ZDR_2.4_2.4.min.fuzzy =====
dimension(Number of neurons for input layer) : 1
number of training examples: 1142  test examples: 286
Epoch 0: 110 / 286
Epoch 1: 123 / 286
Epoch 2: 106 / 286
Epoch 9: 133 / 286
Epoch 10: 133 / 286
Epoch 11: 123 / 286
Epoch 12: 125 / 286
Epoch 17: 114 / 286
Epoch 18: 123 / 286
Epoch 19: 128 / 286
Result after 20 epoches: 128 / 286  (44%)

===== svm_traindata.txt.1a.ZDR_2.4_2.4.min5.fuzzy =====
dimension(Number of neurons for input layer) : 5
number of training examples: 1142  test examples: 286
Epoch 0: 0 / 286
Epoch 1: 0 / 286
Epoch 2: 0 / 286
Epoch 9: 0 / 286
Epoch 10: 0 / 286
Epoch 11: 0 / 286
Epoch 12: 0 / 286
Epoch 17: 116 / 286
Epoch 18: 108 / 286
Epoch 19: 105 / 286
Result after 20 epoches: 105 / 286  (36%)

===== svm_traindata.txt.1a.ZDR_2.4_2.4.sd.fuzzy =====
dimension(Number of neurons for input layer) : 1
number of training examples: 1142  test examples: 286
Epoch 0: 0 / 286
Epoch 1: 132 / 286
Epoch 2: 142 / 286
Epoch 9: 110 / 286
Epoch 10: 144 / 286
Epoch 11: 110 / 286
Epoch 12: 138 / 286
Epoch 17: 135 / 286
Epoch 18: 142 / 286
Epoch 19: 116 / 286
Result after 20 epoches: 116 / 286  (40%)

===== svm_traindata.txt.1a.ZDR_3.4_3.4.max.fuzzy =====
dimension(Number of neurons for input layer) : 1
number of training examples: 1142  test examples: 286
Epoch 0: 4 / 286
Epoch 1: 4 / 286
Epoch 2: 0 / 286
Epoch 9: 64 / 286
Epoch 10: 131 / 286
Epoch 11: 128 / 286
Epoch 12: 130 / 286
Epoch 17: 123 / 286
Epoch 18: 110 / 286
Epoch 19: 134 / 286
Result after 20 epoches: 134 / 286  (46%)

===== svm_traindata.txt.1a.ZDR_3.4_3.4.max5.fuzzy =====
dimension(Number of neurons for input layer) : 5
number of training examples: 1142  test examples: 286
Epoch 0: 110 / 286
Epoch 1: 110 / 286
Epoch 2: 130 / 286
Epoch 9: 75 / 286
Epoch 10: 110 / 286
Epoch 11: 131 / 286
Epoch 12: 125 / 286
Epoch 17: 130 / 286
Epoch 18: 110 / 286
Epoch 19: 130 / 286
Result after 20 epoches: 130 / 286  (45%)

===== svm_traindata.txt.1a.ZDR_3.4_3.4.mean.fuzzy =====
dimension(Number of neurons for input layer) : 1
number of training examples: 1142  test examples: 286
Epoch 0: 0 / 286
Epoch 1: 0 / 286
Epoch 2: 0 / 286
Epoch 9: 104 / 286
Epoch 10: 110 / 286
Epoch 11: 123 / 286
Epoch 12: 110 / 286
Epoch 17: 63 / 286
Epoch 18: 108 / 286
Epoch 19: 123 / 286
Result after 20 epoches: 123 / 286  (43%)

===== svm_traindata.txt.1a.ZDR_3.4_3.4.mid.fuzzy =====
dimension(Number of neurons for input layer) : 1
number of training examples: 1142  test examples: 286
Epoch 0: 110 / 286
Epoch 1: 110 / 286
Epoch 2: 136 / 286
Epoch 9: 122 / 286
Epoch 10: 126 / 286
Epoch 11: 127 / 286
Epoch 12: 110 / 286
Epoch 17: 110 / 286
Epoch 18: 83 / 286
Epoch 19: 123 / 286
Result after 20 epoches: 123 / 286  (43%)

===== svm_traindata.txt.1a.ZDR_3.4_3.4.min.fuzzy =====
dimension(Number of neurons for input layer) : 1
number of training examples: 1142  test examples: 286
Epoch 0: 121 / 286
Epoch 1: 118 / 286
Epoch 2: 110 / 286
Epoch 9: 117 / 286
Epoch 10: 110 / 286
Epoch 11: 110 / 286
Epoch 12: 123 / 286
Epoch 17: 123 / 286
Epoch 18: 121 / 286
Epoch 19: 108 / 286
Result after 20 epoches: 108 / 286  (37%)

===== svm_traindata.txt.1a.ZDR_3.4_3.4.min5.fuzzy =====
dimension(Number of neurons for input layer) : 5
number of training examples: 1142  test examples: 286
Epoch 0: 133 / 286
Epoch 1: 120 / 286
Epoch 2: 89 / 286
Epoch 9: 100 / 286
Epoch 10: 122 / 286
Epoch 11: 105 / 286
Epoch 12: 94 / 286
Epoch 17: 116 / 286
Epoch 18: 117 / 286
Epoch 19: 114 / 286
Result after 20 epoches: 114 / 286  (39%)

===== svm_traindata.txt.1a.ZDR_3.4_3.4.sd.fuzzy =====
dimension(Number of neurons for input layer) : 1
number of training examples: 1142  test examples: 286
Epoch 0: 0 / 286
Epoch 1: 131 / 286
Epoch 2: 110 / 286
Epoch 9: 133 / 286
Epoch 10: 113 / 286
Epoch 11: 131 / 286
Epoch 12: 128 / 286
Epoch 17: 129 / 286
Epoch 18: 128 / 286
Epoch 19: 110 / 286
Result after 20 epoches: 110 / 286  (38%)

===== svm_traindata.txt.1a.ZDR_4.3_4.3.max.fuzzy =====
dimension(Number of neurons for input layer) : 1
number of training examples: 1141  test examples: 286
Epoch 0: 0 / 286
Epoch 1: 0 / 286
Epoch 2: 0 / 286
Epoch 9: 0 / 286
Epoch 10: 0 / 286
Epoch 11: 0 / 286
Epoch 12: 0 / 286
Epoch 17: 0 / 286
Epoch 18: 0 / 286
Epoch 19: 0 / 286
Result after 20 epoches: 0 / 286  (0%)

===== svm_traindata.txt.1a.ZDR_4.3_4.3.max5.fuzzy =====
dimension(Number of neurons for input layer) : 5
number of training examples: 1141  test examples: 286
Epoch 0: 0 / 286
Epoch 1: 0 / 286
Epoch 2: 0 / 286
Epoch 9: 0 / 286
Epoch 10: 0 / 286
Epoch 11: 0 / 286
Epoch 12: 0 / 286
Epoch 17: 0 / 286
Epoch 18: 0 / 286
Epoch 19: 127 / 286
Result after 20 epoches: 127 / 286  (44%)

===== svm_traindata.txt.1a.ZDR_4.3_4.3.mean.fuzzy =====
dimension(Number of neurons for input layer) : 1
number of training examples: 1141  test examples: 286
Epoch 0: 0 / 286
Epoch 1: 123 / 286
Epoch 2: 110 / 286
Epoch 9: 110 / 286
Epoch 10: 116 / 286
Epoch 11: 110 / 286
Epoch 12: 110 / 286
Epoch 17: 110 / 286
Epoch 18: 123 / 286
Epoch 19: 123 / 286
Result after 20 epoches: 123 / 286  (43%)

===== svm_traindata.txt.1a.ZDR_4.3_4.3.mid.fuzzy =====
dimension(Number of neurons for input layer) : 1
number of training examples: 1141  test examples: 286
Epoch 0: 0 / 286
Epoch 1: 0 / 286
Epoch 2: 110 / 286
Epoch 9: 110 / 286
Epoch 10: 110 / 286
Epoch 11: 110 / 286
Epoch 12: 110 / 286
Epoch 17: 123 / 286
Epoch 18: 110 / 286
Epoch 19: 123 / 286
Result after 20 epoches: 123 / 286  (43%)

===== svm_traindata.txt.1a.ZDR_4.3_4.3.min.fuzzy =====
dimension(Number of neurons for input layer) : 1
number of training examples: 1141  test examples: 286
Epoch 0: 0 / 286
Epoch 1: 123 / 286
Epoch 2: 126 / 286
Epoch 9: 110 / 286
Epoch 10: 110 / 286
Epoch 11: 110 / 286
Epoch 12: 123 / 286
Epoch 17: 123 / 286
Epoch 18: 110 / 286
Epoch 19: 100 / 286
Result after 20 epoches: 100 / 286  (34%)

===== svm_traindata.txt.1a.ZDR_4.3_4.3.min5.fuzzy =====
dimension(Number of neurons for input layer) : 5
number of training examples: 1141  test examples: 286
Epoch 0: 0 / 286
Epoch 1: 110 / 286
Epoch 2: 110 / 286
Epoch 9: 107 / 286
Epoch 10: 105 / 286
Epoch 11: 110 / 286
Epoch 12: 123 / 286
Epoch 17: 123 / 286
Epoch 18: 123 / 286
Epoch 19: 105 / 286
Result after 20 epoches: 105 / 286  (36%)

===== svm_traindata.txt.1a.ZDR_4.3_4.3.sd.fuzzy =====
dimension(Number of neurons for input layer) : 1
number of training examples: 1141  test examples: 286
Epoch 0: 0 / 286
Epoch 1: 0 / 286
Epoch 2: 0 / 286
Epoch 9: 130 / 286
Epoch 10: 110 / 286
Epoch 11: 133 / 286
Epoch 12: 111 / 286
Epoch 17: 110 / 286
Epoch 18: 124 / 286
Epoch 19: 127 / 286
Result after 20 epoches: 127 / 286  (44%)

===== svm_traindata.txt.1a.ZDR_6.0_6.0.max.fuzzy =====
dimension(Number of neurons for input layer) : 1
number of training examples: 1140  test examples: 285
Epoch 0: 129 / 285
Epoch 1: 130 / 285
Epoch 2: 131 / 285
Epoch 9: 138 / 285
Epoch 10: 102 / 285
Epoch 11: 83 / 285
Epoch 12: 130 / 285
Epoch 17: 109 / 285
Epoch 18: 123 / 285
Epoch 19: 131 / 285
Result after 20 epoches: 131 / 285  (45%)

===== svm_traindata.txt.1a.ZDR_6.0_6.0.max5.fuzzy =====
dimension(Number of neurons for input layer) : 5
number of training examples: 1140  test examples: 285
Epoch 0: 109 / 285
Epoch 1: 109 / 285
Epoch 2: 130 / 285
Epoch 9: 123 / 285
Epoch 10: 126 / 285
Epoch 11: 109 / 285
Epoch 12: 128 / 285
Epoch 17: 126 / 285
Epoch 18: 128 / 285
Epoch 19: 126 / 285
Result after 20 epoches: 126 / 285  (44%)

===== svm_traindata.txt.1a.ZDR_6.0_6.0.mean.fuzzy =====
dimension(Number of neurons for input layer) : 1
number of training examples: 1140  test examples: 285
Epoch 0: 122 / 285
Epoch 1: 123 / 285
Epoch 2: 120 / 285
Epoch 9: 109 / 285
Epoch 10: 109 / 285
Epoch 11: 121 / 285
Epoch 12: 109 / 285
Epoch 17: 109 / 285
Epoch 18: 122 / 285
Epoch 19: 109 / 285
Result after 20 epoches: 109 / 285  (38%)

===== svm_traindata.txt.1a.ZDR_6.0_6.0.mid.fuzzy =====
dimension(Number of neurons for input layer) : 1
number of training examples: 1140  test examples: 285
Epoch 0: 119 / 285
Epoch 1: 119 / 285
Epoch 2: 125 / 285
Epoch 9: 122 / 285
Epoch 10: 110 / 285
Epoch 11: 123 / 285
Epoch 12: 118 / 285
Epoch 17: 110 / 285
Epoch 18: 109 / 285
Epoch 19: 120 / 285
Result after 20 epoches: 120 / 285  (42%)

===== svm_traindata.txt.1a.ZDR_6.0_6.0.min.fuzzy =====
dimension(Number of neurons for input layer) : 1
number of training examples: 1140  test examples: 285
Epoch 0: 109 / 285
Epoch 1: 109 / 285
Epoch 2: 109 / 285
Epoch 9: 126 / 285
Epoch 10: 119 / 285
Epoch 11: 110 / 285
Epoch 12: 122 / 285
Epoch 17: 110 / 285
Epoch 18: 109 / 285
Epoch 19: 109 / 285
Result after 20 epoches: 109 / 285  (38%)

===== svm_traindata.txt.1a.ZDR_6.0_6.0.min5.fuzzy =====
dimension(Number of neurons for input layer) : 5
number of training examples: 1140  test examples: 285
Epoch 0: 0 / 285
Epoch 1: 0 / 285
Epoch 2: 0 / 285
Epoch 9: 120 / 285
Epoch 10: 116 / 285
Epoch 11: 108 / 285
Epoch 12: 123 / 285
Epoch 17: 106 / 285
Epoch 18: 138 / 285
Epoch 19: 122 / 285
Result after 20 epoches: 122 / 285  (42%)

===== svm_traindata.txt.1a.ZDR_6.0_6.0.sd.fuzzy =====
dimension(Number of neurons for input layer) : 1
number of training examples: 1140  test examples: 285
Epoch 0: 109 / 285
Epoch 1: 109 / 285
Epoch 2: 136 / 285
Epoch 9: 140 / 285
Epoch 10: 139 / 285
Epoch 11: 136 / 285
Epoch 12: 139 / 285
Epoch 17: 139 / 285
Epoch 18: 109 / 285
Epoch 19: 142 / 285
Result after 20 epoches: 142 / 285  (49%)

===== svm_traindata.txt.1a.Z_0.5_0.5.max.fuzzy =====
dimension(Number of neurons for input layer) : 1
number of training examples: 2200  test examples: 550
Epoch 0: 0 / 550
Epoch 1: 0 / 550
Epoch 2: 0 / 550
Epoch 9: 0 / 550
Epoch 10: 0 / 550
Epoch 11: 0 / 550
Epoch 12: 0 / 550
Epoch 17: 0 / 550
Epoch 18: 0 / 550
Epoch 19: 0 / 550
Result after 20 epoches: 0 / 550  (0%)

===== svm_traindata.txt.1a.Z_0.5_0.5.max5.fuzzy =====
dimension(Number of neurons for input layer) : 5
number of training examples: 2200  test examples: 550
Epoch 0: 233 / 550
Epoch 1: 238 / 550
Epoch 2: 260 / 550
Epoch 9: 216 / 550
Epoch 10: 208 / 550
Epoch 11: 258 / 550
Epoch 12: 258 / 550
Epoch 17: 258 / 550
Epoch 18: 209 / 550
Epoch 19: 258 / 550
Result after 20 epoches: 258 / 550  (46%)

===== svm_traindata.txt.1a.Z_0.5_0.5.mean.fuzzy =====
dimension(Number of neurons for input layer) : 1
number of training examples: 2200  test examples: 550
Epoch 0: 282 / 550
Epoch 1: 258 / 550
Epoch 2: 294 / 550
Epoch 9: 282 / 550
Epoch 10: 277 / 550
Epoch 11: 285 / 550
Epoch 12: 291 / 550
Epoch 17: 266 / 550
Epoch 18: 274 / 550
Epoch 19: 252 / 550
Result after 20 epoches: 252 / 550  (45%)

===== svm_traindata.txt.1a.Z_0.5_0.5.mid.fuzzy =====
dimension(Number of neurons for input layer) : 1
number of training examples: 2200  test examples: 550
Epoch 0: 292 / 550
Epoch 1: 303 / 550
Epoch 2: 292 / 550
Epoch 9: 320 / 550
Epoch 10: 232 / 550
Epoch 11: 301 / 550
Epoch 12: 311 / 550
Epoch 17: 258 / 550
Epoch 18: 303 / 550
Epoch 19: 313 / 550
Result after 20 epoches: 313 / 550  (56%)

===== svm_traindata.txt.1a.Z_0.5_0.5.min.fuzzy =====
dimension(Number of neurons for input layer) : 1
number of training examples: 2200  test examples: 550
Epoch 0: 338 / 550
Epoch 1: 337 / 550
Epoch 2: 341 / 550
Epoch 9: 331 / 550
Epoch 10: 334 / 550
Epoch 11: 290 / 550
Epoch 12: 214 / 550
Epoch 17: 337 / 550
Epoch 18: 350 / 550
Epoch 19: 346 / 550
Result after 20 epoches: 346 / 550  (62%)

===== svm_traindata.txt.1a.Z_0.5_0.5.min5.fuzzy =====
dimension(Number of neurons for input layer) : 5
number of training examples: 2200  test examples: 550
Epoch 0: 320 / 550
Epoch 1: 314 / 550
Epoch 2: 322 / 550
Epoch 9: 322 / 550
Epoch 10: 257 / 550
Epoch 11: 322 / 550
Epoch 12: 257 / 550
Epoch 17: 323 / 550
Epoch 18: 219 / 550
Epoch 19: 216 / 550
Result after 20 epoches: 216 / 550  (39%)

===== svm_traindata.txt.1a.Z_0.5_0.5.sd.fuzzy =====
dimension(Number of neurons for input layer) : 1
number of training examples: 2200  test examples: 550
Epoch 0: 0 / 550
Epoch 1: 0 / 550
Epoch 2: 0 / 550
Epoch 9: 261 / 550
Epoch 10: 206 / 550
Epoch 11: 206 / 550
Epoch 12: 206 / 550
Epoch 17: 260 / 550
Epoch 18: 280 / 550
Epoch 19: 206 / 550
Result after 20 epoches: 206 / 550  (37%)

===== svm_traindata.txt.1a.Z_1.5_1.5.max.fuzzy =====
dimension(Number of neurons for input layer) : 1
number of training examples: 2196  test examples: 549
Epoch 0: 0 / 549
Epoch 1: 258 / 549
Epoch 2: 258 / 549
Epoch 9: 233 / 549
Epoch 10: 258 / 549
Epoch 11: 258 / 549
Epoch 12: 212 / 549
Epoch 17: 212 / 549
Epoch 18: 258 / 549
Epoch 19: 258 / 549
Result after 20 epoches: 258 / 549  (46%)

===== svm_traindata.txt.1a.Z_1.5_1.5.max5.fuzzy =====
dimension(Number of neurons for input layer) : 5
number of training examples: 2196  test examples: 549
Epoch 0: 252 / 549
Epoch 1: 214 / 549
Epoch 2: 258 / 549
Epoch 9: 213 / 549
Epoch 10: 258 / 549
Epoch 11: 213 / 549
Epoch 12: 258 / 549
Epoch 17: 258 / 549
Epoch 18: 212 / 549
Epoch 19: 65 / 549
Result after 20 epoches: 65 / 549  (11%)

===== svm_traindata.txt.1a.Z_1.5_1.5.mean.fuzzy =====
dimension(Number of neurons for input layer) : 1
number of training examples: 2196  test examples: 549
Epoch 0: 310 / 549
Epoch 1: 309 / 549
Epoch 2: 258 / 549
Epoch 9: 258 / 549
Epoch 10: 258 / 549
Epoch 11: 278 / 549
Epoch 12: 271 / 549
Epoch 17: 274 / 549
Epoch 18: 258 / 549
Epoch 19: 271 / 549
Result after 20 epoches: 271 / 549  (49%)

===== svm_traindata.txt.1a.Z_1.5_1.5.mid.fuzzy =====
dimension(Number of neurons for input layer) : 1
number of training examples: 2196  test examples: 549
Epoch 0: 258 / 549
Epoch 1: 301 / 549
Epoch 2: 258 / 549
Epoch 9: 301 / 549
Epoch 10: 258 / 549
Epoch 11: 299 / 549
Epoch 12: 296 / 549
Epoch 17: 294 / 549
Epoch 18: 292 / 549
Epoch 19: 316 / 549
Result after 20 epoches: 316 / 549  (57%)

===== svm_traindata.txt.1a.Z_1.5_1.5.min.fuzzy =====
dimension(Number of neurons for input layer) : 1
number of training examples: 2196  test examples: 549
Epoch 0: 258 / 549
Epoch 1: 345 / 549
Epoch 2: 333 / 549
Epoch 9: 237 / 549
Epoch 10: 307 / 549
Epoch 11: 258 / 549
Epoch 12: 214 / 549
Epoch 17: 321 / 549
Epoch 18: 328 / 549
Epoch 19: 319 / 549
Result after 20 epoches: 319 / 549  (58%)

===== svm_traindata.txt.1a.Z_1.5_1.5.min5.fuzzy =====
dimension(Number of neurons for input layer) : 5
number of training examples: 2196  test examples: 549
Epoch 0: 320 / 549
Epoch 1: 328 / 549
Epoch 2: 327 / 549
Epoch 9: 321 / 549
Epoch 10: 258 / 549
Epoch 11: 324 / 549
Epoch 12: 258 / 549
Epoch 17: 325 / 549
Epoch 18: 253 / 549
Epoch 19: 258 / 549
Result after 20 epoches: 258 / 549  (46%)

===== svm_traindata.txt.1a.Z_1.5_1.5.sd.fuzzy =====
dimension(Number of neurons for input layer) : 1
number of training examples: 2196  test examples: 549
Epoch 0: 207 / 549
Epoch 1: 305 / 549
Epoch 2: 293 / 549
Epoch 9: 299 / 549
Epoch 10: 258 / 549
Epoch 11: 207 / 549
Epoch 12: 207 / 549
Epoch 17: 258 / 549
Epoch 18: 307 / 549
Epoch 19: 207 / 549
Result after 20 epoches: 207 / 549  (37%)

===== svm_traindata.txt.1a.Z_2.4_2.4.max.fuzzy =====
dimension(Number of neurons for input layer) : 1
number of training examples: 2194  test examples: 549
Epoch 0: 0 / 549
Epoch 1: 0 / 549
Epoch 2: 206 / 549
Epoch 9: 259 / 549
Epoch 10: 214 / 549
Epoch 11: 212 / 549
Epoch 12: 259 / 549
Epoch 17: 259 / 549
Epoch 18: 217 / 549
Epoch 19: 259 / 549
Result after 20 epoches: 259 / 549  (47%)

===== svm_traindata.txt.1a.Z_2.4_2.4.max5.fuzzy =====
dimension(Number of neurons for input layer) : 5
number of training examples: 2194  test examples: 549
Epoch 0: 230 / 549
Epoch 1: 233 / 549
Epoch 2: 128 / 549
Epoch 9: 206 / 549
Epoch 10: 212 / 549
Epoch 11: 259 / 549
Epoch 12: 212 / 549
Epoch 17: 220 / 549
Epoch 18: 206 / 549
Epoch 19: 229 / 549
Result after 20 epoches: 229 / 549  (41%)

===== svm_traindata.txt.1a.Z_2.4_2.4.mean.fuzzy =====
dimension(Number of neurons for input layer) : 1
number of training examples: 2194  test examples: 549
Epoch 0: 333 / 549
Epoch 1: 259 / 549
Epoch 2: 299 / 549
Epoch 9: 259 / 549
Epoch 10: 259 / 549
Epoch 11: 299 / 549
Epoch 12: 299 / 549
Epoch 17: 259 / 549
Epoch 18: 165 / 549
Epoch 19: 259 / 549
Result after 20 epoches: 259 / 549  (47%)

===== svm_traindata.txt.1a.Z_2.4_2.4.mid.fuzzy =====
dimension(Number of neurons for input layer) : 1
number of training examples: 2194  test examples: 549
Epoch 0: 198 / 549
Epoch 1: 310 / 549
Epoch 2: 305 / 549
Epoch 9: 259 / 549
Epoch 10: 259 / 549
Epoch 11: 259 / 549
Epoch 12: 309 / 549
Epoch 17: 311 / 549
Epoch 18: 189 / 549
Epoch 19: 311 / 549
Result after 20 epoches: 311 / 549  (56%)

===== svm_traindata.txt.1a.Z_2.4_2.4.min.fuzzy =====
dimension(Number of neurons for input layer) : 1
number of training examples: 2194  test examples: 549
Epoch 0: 46 / 549
Epoch 1: 259 / 549
Epoch 2: 321 / 549
Epoch 9: 327 / 549
Epoch 10: 206 / 549
Epoch 11: 247 / 549
Epoch 12: 343 / 549
Epoch 17: 235 / 549
Epoch 18: 259 / 549
Epoch 19: 341 / 549
Result after 20 epoches: 341 / 549  (62%)

===== svm_traindata.txt.1a.Z_2.4_2.4.min5.fuzzy =====
dimension(Number of neurons for input layer) : 5
number of training examples: 2194  test examples: 549
Epoch 0: 320 / 549
Epoch 1: 328 / 549
Epoch 2: 294 / 549
Epoch 9: 322 / 549
Epoch 10: 206 / 549
Epoch 11: 206 / 549
Epoch 12: 240 / 549
Epoch 17: 322 / 549
Epoch 18: 305 / 549
Epoch 19: 326 / 549
Result after 20 epoches: 326 / 549  (59%)

===== svm_traindata.txt.1a.Z_2.4_2.4.sd.fuzzy =====
dimension(Number of neurons for input layer) : 1
number of training examples: 2194  test examples: 549
Epoch 0: 284 / 549
Epoch 1: 270 / 549
Epoch 2: 206 / 549
Epoch 9: 259 / 549
Epoch 10: 58 / 549
Epoch 11: 296 / 549
Epoch 12: 206 / 549
Epoch 17: 289 / 549
Epoch 18: 304 / 549
Epoch 19: 292 / 549
Result after 20 epoches: 292 / 549  (53%)

===== svm_traindata.txt.1a.Z_3.4_3.4.max.fuzzy =====
dimension(Number of neurons for input layer) : 1
number of training examples: 2194  test examples: 549
Epoch 0: 207 / 549
Epoch 1: 206 / 549
Epoch 2: 259 / 549
Epoch 9: 259 / 549
Epoch 10: 207 / 549
Epoch 11: 259 / 549
Epoch 12: 259 / 549
Epoch 17: 210 / 549
Epoch 18: 209 / 549
Epoch 19: 259 / 549
Result after 20 epoches: 259 / 549  (47%)

===== svm_traindata.txt.1a.Z_3.4_3.4.max5.fuzzy =====
dimension(Number of neurons for input layer) : 5
number of training examples: 2194  test examples: 549
Epoch 0: 259 / 549
Epoch 1: 259 / 549
Epoch 2: 257 / 549
Epoch 9: 259 / 549
Epoch 10: 209 / 549
Epoch 11: 207 / 549
Epoch 12: 209 / 549
Epoch 17: 259 / 549
Epoch 18: 209 / 549
Epoch 19: 275 / 549
Result after 20 epoches: 275 / 549  (50%)

===== svm_traindata.txt.1a.Z_3.4_3.4.mean.fuzzy =====
dimension(Number of neurons for input layer) : 1
number of training examples: 2194  test examples: 549
Epoch 0: 206 / 549
Epoch 1: 259 / 549
Epoch 2: 178 / 549
Epoch 9: 258 / 549
Epoch 10: 267 / 549
Epoch 11: 300 / 549
Epoch 12: 259 / 549
Epoch 17: 289 / 549
Epoch 18: 259 / 549
Epoch 19: 259 / 549
Result after 20 epoches: 259 / 549  (47%)

===== svm_traindata.txt.1a.Z_3.4_3.4.mid.fuzzy =====
dimension(Number of neurons for input layer) : 1
number of training examples: 2194  test examples: 549
Epoch 0: 297 / 549
Epoch 1: 297 / 549
Epoch 2: 257 / 549
Epoch 9: 297 / 549
Epoch 10: 288 / 549
Epoch 11: 297 / 549
Epoch 12: 297 / 549
Epoch 17: 259 / 549
Epoch 18: 259 / 549
Epoch 19: 224 / 549
Result after 20 epoches: 224 / 549  (40%)

===== svm_traindata.txt.1a.Z_3.4_3.4.min.fuzzy =====
dimension(Number of neurons for input layer) : 1
number of training examples: 2194  test examples: 549
Epoch 0: 325 / 549
Epoch 1: 328 / 549
Epoch 2: 312 / 549
Epoch 9: 333 / 549
Epoch 10: 319 / 549
Epoch 11: 328 / 549
Epoch 12: 328 / 549
Epoch 17: 304 / 549
Epoch 18: 236 / 549
Epoch 19: 326 / 549
Result after 20 epoches: 326 / 549  (59%)

===== svm_traindata.txt.1a.Z_3.4_3.4.min5.fuzzy =====
dimension(Number of neurons for input layer) : 5
number of training examples: 2194  test examples: 549
Epoch 0: 259 / 549
Epoch 1: 309 / 549
Epoch 2: 321 / 549
Epoch 9: 212 / 549
Epoch 10: 252 / 549
Epoch 11: 317 / 549
Epoch 12: 206 / 549
Epoch 17: 318 / 549
Epoch 18: 207 / 549
Epoch 19: 257 / 549
Result after 20 epoches: 257 / 549  (46%)

===== svm_traindata.txt.1a.Z_3.4_3.4.sd.fuzzy =====
dimension(Number of neurons for input layer) : 1
number of training examples: 2194  test examples: 549
Epoch 0: 0 / 549
Epoch 1: 222 / 549
Epoch 2: 259 / 549
Epoch 9: 290 / 549
Epoch 10: 293 / 549
Epoch 11: 206 / 549
Epoch 12: 206 / 549
Epoch 17: 259 / 549
Epoch 18: 206 / 549
Epoch 19: 259 / 549
Result after 20 epoches: 259 / 549  (47%)

===== svm_traindata.txt.1a.Z_4.3_4.3.max.fuzzy =====
dimension(Number of neurons for input layer) : 1
number of training examples: 2193  test examples: 549
Epoch 0: 0 / 549
Epoch 1: 259 / 549
Epoch 2: 207 / 549
Epoch 9: 259 / 549
Epoch 10: 259 / 549
Epoch 11: 259 / 549
Epoch 12: 206 / 549
Epoch 17: 259 / 549
Epoch 18: 259 / 549
Epoch 19: 259 / 549
Result after 20 epoches: 259 / 549  (47%)

===== svm_traindata.txt.1a.Z_4.3_4.3.max5.fuzzy =====
dimension(Number of neurons for input layer) : 5
number of training examples: 2193  test examples: 549
Epoch 0: 0 / 549
Epoch 1: 0 / 549
Epoch 2: 0 / 549
Epoch 9: 259 / 549
Epoch 10: 259 / 549
Epoch 11: 222 / 549
Epoch 12: 207 / 549
Epoch 17: 259 / 549
Epoch 18: 259 / 549
Epoch 19: 259 / 549
Result after 20 epoches: 259 / 549  (47%)

===== svm_traindata.txt.1a.Z_4.3_4.3.mean.fuzzy =====
dimension(Number of neurons for input layer) : 1
number of training examples: 2193  test examples: 549
Epoch 0: 288 / 549
Epoch 1: 286 / 549
Epoch 2: 215 / 549
Epoch 9: 287 / 549
Epoch 10: 259 / 549
Epoch 11: 302 / 549
Epoch 12: 290 / 549
Epoch 17: 297 / 549
Epoch 18: 259 / 549
Epoch 19: 292 / 549
Result after 20 epoches: 292 / 549  (53%)

===== svm_traindata.txt.1a.Z_4.3_4.3.mid.fuzzy =====
dimension(Number of neurons for input layer) : 1
number of training examples: 2193  test examples: 549
Epoch 0: 259 / 549
Epoch 1: 233 / 549
Epoch 2: 259 / 549
Epoch 9: 259 / 549
Epoch 10: 294 / 549
Epoch 11: 259 / 549
Epoch 12: 181 / 549
Epoch 17: 184 / 549
Epoch 18: 295 / 549
Epoch 19: 272 / 549
Result after 20 epoches: 272 / 549  (49%)

===== svm_traindata.txt.1a.Z_4.3_4.3.min.fuzzy =====
dimension(Number of neurons for input layer) : 1
number of training examples: 2193  test examples: 549
Epoch 0: 297 / 549
Epoch 1: 298 / 549
Epoch 2: 238 / 549
Epoch 9: 259 / 549
Epoch 10: 112 / 549
Epoch 11: 240 / 549
Epoch 12: 241 / 549
Epoch 17: 206 / 549
Epoch 18: 326 / 549
Epoch 19: 323 / 549
Result after 20 epoches: 323 / 549  (58%)

===== svm_traindata.txt.1a.Z_4.3_4.3.min5.fuzzy =====
dimension(Number of neurons for input layer) : 5
number of training examples: 2193  test examples: 549
Epoch 0: 206 / 549
Epoch 1: 253 / 549
Epoch 2: 271 / 549
Epoch 9: 259 / 549
Epoch 10: 299 / 549
Epoch 11: 217 / 549
Epoch 12: 258 / 549
Epoch 17: 214 / 549
Epoch 18: 257 / 549
Epoch 19: 216 / 549
Result after 20 epoches: 216 / 549  (39%)

===== svm_traindata.txt.1a.Z_4.3_4.3.sd.fuzzy =====
dimension(Number of neurons for input layer) : 1
number of training examples: 2193  test examples: 549
Epoch 0: 206 / 549
Epoch 1: 206 / 549
Epoch 2: 206 / 549
Epoch 9: 206 / 549
Epoch 10: 259 / 549
Epoch 11: 258 / 549
Epoch 12: 286 / 549
Epoch 17: 259 / 549
Epoch 18: 259 / 549
Epoch 19: 259 / 549
Result after 20 epoches: 259 / 549  (47%)

===== svm_traindata.txt.1a.Z_6.0_6.0.max.fuzzy =====
dimension(Number of neurons for input layer) : 1
number of training examples: 2189  test examples: 548
Epoch 0: 258 / 548
Epoch 1: 279 / 548
Epoch 2: 258 / 548
Epoch 9: 258 / 548
Epoch 10: 258 / 548
Epoch 11: 258 / 548
Epoch 12: 212 / 548
Epoch 17: 206 / 548
Epoch 18: 258 / 548
Epoch 19: 258 / 548
Result after 20 epoches: 258 / 548  (47%)

===== svm_traindata.txt.1a.Z_6.0_6.0.max5.fuzzy =====
dimension(Number of neurons for input layer) : 5
number of training examples: 2189  test examples: 548
Epoch 0: 249 / 548
Epoch 1: 282 / 548
Epoch 2: 281 / 548
Epoch 9: 287 / 548
Epoch 10: 271 / 548
Epoch 11: 279 / 548
Epoch 12: 277 / 548
Epoch 17: 281 / 548
Epoch 18: 258 / 548
Epoch 19: 212 / 548
Result after 20 epoches: 212 / 548  (38%)

===== svm_traindata.txt.1a.Z_6.0_6.0.mean.fuzzy =====
dimension(Number of neurons for input layer) : 1
number of training examples: 2189  test examples: 548
Epoch 0: 297 / 548
Epoch 1: 258 / 548
Epoch 2: 206 / 548
Epoch 9: 293 / 548
Epoch 10: 290 / 548
Epoch 11: 258 / 548
Epoch 12: 258 / 548
Epoch 17: 284 / 548
Epoch 18: 258 / 548
Epoch 19: 277 / 548
Result after 20 epoches: 277 / 548  (50%)

===== svm_traindata.txt.1a.Z_6.0_6.0.mid.fuzzy =====
dimension(Number of neurons for input layer) : 1
number of training examples: 2189  test examples: 548
Epoch 0: 258 / 548
Epoch 1: 203 / 548
Epoch 2: 300 / 548
Epoch 9: 267 / 548
Epoch 10: 297 / 548
Epoch 11: 263 / 548
Epoch 12: 286 / 548
Epoch 17: 301 / 548
Epoch 18: 300 / 548
Epoch 19: 301 / 548
Result after 20 epoches: 301 / 548  (54%)

===== svm_traindata.txt.1a.Z_6.0_6.0.min.fuzzy =====
dimension(Number of neurons for input layer) : 1
number of training examples: 2189  test examples: 548
Epoch 0: 206 / 548
Epoch 1: 303 / 548
Epoch 2: 206 / 548
Epoch 9: 302 / 548
Epoch 10: 206 / 548
Epoch 11: 254 / 548
Epoch 12: 301 / 548
Epoch 17: 206 / 548
Epoch 18: 257 / 548
Epoch 19: 206 / 548
Result after 20 epoches: 206 / 548  (37%)

===== svm_traindata.txt.1a.Z_6.0_6.0.min5.fuzzy =====
dimension(Number of neurons for input layer) : 5
number of training examples: 2189  test examples: 548
Epoch 0: 257 / 548
Epoch 1: 206 / 548
Epoch 2: 299 / 548
Epoch 9: 206 / 548
Epoch 10: 302 / 548
Epoch 11: 214 / 548
Epoch 12: 208 / 548
Epoch 17: 210 / 548
Epoch 18: 301 / 548
Epoch 19: 296 / 548
Result after 20 epoches: 296 / 548  (54%)

===== svm_traindata.txt.1a.Z_6.0_6.0.sd.fuzzy =====
dimension(Number of neurons for input layer) : 1
number of training examples: 2189  test examples: 548
Epoch 0: 0 / 548
Epoch 1: 0 / 548
Epoch 2: 0 / 548
Epoch 9: 206 / 548
Epoch 10: 258 / 548
Epoch 11: 258 / 548
Epoch 12: 258 / 548
Epoch 17: 259 / 548
Epoch 18: 206 / 548
Epoch 19: 194 / 548
Result after 20 epoches: 194 / 548  (35%)

