===== Training file list =====
svm_traindata.txt.1a.KDP_0.5_0.5.joined_mid_mean_max5
svm_traindata.txt.1a.KDP_1.5_1.5.joined_mid_mean_max5
svm_traindata.txt.1a.KDP_2.4_2.4.joined_mid_mean_max5
svm_traindata.txt.1a.KDP_3.4_3.4.joined_mid_mean_max5
svm_traindata.txt.1a.KDP_4.3_4.3.joined_mid_mean_max5
svm_traindata.txt.1a.KDP_6.0_6.0.joined_mid_mean_max5
svm_traindata.txt.1a.ZDR_0.5_0.5.joined_mid_mean_max5
svm_traindata.txt.1a.ZDR_1.5_1.5.joined_mid_mean_max5
svm_traindata.txt.1a.ZDR_2.4_2.4.joined_mid_mean_max5
svm_traindata.txt.1a.ZDR_3.4_3.4.joined_mid_mean_max5
svm_traindata.txt.1a.ZDR_4.3_4.3.joined_mid_mean_max5
svm_traindata.txt.1a.ZDR_6.0_6.0.joined_mid_mean_max5
svm_traindata.txt.1a.Z_0.5_0.5.joined_mid_mean_max5
svm_traindata.txt.1a.Z_1.5_1.5.joined_mid_mean_max5
svm_traindata.txt.1a.Z_2.4_2.4.joined_mid_mean_max5
svm_traindata.txt.1a.Z_3.4_3.4.joined_mid_mean_max5
svm_traindata.txt.1a.Z_4.3_4.3.joined_mid_mean_max5
svm_traindata.txt.1a.Z_6.0_6.0.joined_mid_mean_max5
training_data_dir: D:\\svmdata.10minPrecipAsLabel\svm_case2.3.1_merged_all_joined_mid_mean_max5
rainfall_min_value: 0
rainfall_max_value: 100
n_rainfall_indexes(Number of neurons for output-layer): 100
size_hidden_layer(Number of neurons for hidden-layer): 30
kernel type: Sigmoid
epoches: 30
mini_batch_size: 10
training_rate: 2.0

===== svm_traindata.txt.1a.KDP_0.5_0.5.joined_mid_mean_max5 =====
dimension(Number of neurons for input layer) : 7
number of training examples: 1145  test examples: 287
Epoch 0: 0 / 287
Epoch 1: 0 / 287
Epoch 2: 0 / 287
Epoch 14: 108 / 287
Epoch 15: 105 / 287
Epoch 16: 105 / 287
Epoch 17: 95 / 287
Epoch 27: 110 / 287
Epoch 28: 109 / 287
Epoch 29: 72 / 287
Result after 30 epoches: 72 / 287  (25%)

===== svm_traindata.txt.1a.KDP_1.5_1.5.joined_mid_mean_max5 =====
dimension(Number of neurons for input layer) : 7
number of training examples: 1140  test examples: 286
Epoch 0: 109 / 286
Epoch 1: 111 / 286
Epoch 2: 31 / 286
Epoch 14: 108 / 286
Epoch 15: 80 / 286
Epoch 16: 109 / 286
Epoch 17: 111 / 286
Epoch 27: 111 / 286
Epoch 28: 103 / 286
Epoch 29: 86 / 286
Result after 30 epoches: 86 / 286  (30%)

===== svm_traindata.txt.1a.KDP_2.4_2.4.joined_mid_mean_max5 =====
dimension(Number of neurons for input layer) : 7
number of training examples: 1142  test examples: 286
Epoch 0: 0 / 286
Epoch 1: 110 / 286
Epoch 2: 79 / 286
Epoch 14: 104 / 286
Epoch 15: 40 / 286
Epoch 16: 79 / 286
Epoch 17: 111 / 286
Epoch 27: 48 / 286
Epoch 28: 110 / 286
Epoch 29: 49 / 286
Result after 30 epoches: 49 / 286  (17%)

===== svm_traindata.txt.1a.KDP_3.4_3.4.joined_mid_mean_max5 =====
dimension(Number of neurons for input layer) : 7
number of training examples: 1142  test examples: 286
Epoch 0: 0 / 286
Epoch 1: 0 / 286
Epoch 2: 0 / 286
Epoch 14: 110 / 286
Epoch 15: 105 / 286
Epoch 16: 94 / 286
Epoch 17: 65 / 286
Epoch 27: 48 / 286
Epoch 28: 107 / 286
Epoch 29: 99 / 286
Result after 30 epoches: 99 / 286  (34%)

===== svm_traindata.txt.1a.KDP_4.3_4.3.joined_mid_mean_max5 =====
dimension(Number of neurons for input layer) : 7
number of training examples: 1141  test examples: 286
Epoch 0: 0 / 286
Epoch 1: 101 / 286
Epoch 2: 31 / 286
Epoch 14: 109 / 286
Epoch 15: 52 / 286
Epoch 16: 110 / 286
Epoch 17: 31 / 286
Epoch 27: 109 / 286
Epoch 28: 109 / 286
Epoch 29: 31 / 286
Result after 30 epoches: 31 / 286  (10%)

===== svm_traindata.txt.1a.KDP_6.0_6.0.joined_mid_mean_max5 =====
dimension(Number of neurons for input layer) : 7
number of training examples: 1140  test examples: 286
Epoch 0: 0 / 286
Epoch 1: 54 / 286
Epoch 2: 32 / 286
Epoch 14: 31 / 286
Epoch 15: 112 / 286
Epoch 16: 43 / 286
Epoch 17: 105 / 286
Epoch 27: 40 / 286
Epoch 28: 111 / 286
Epoch 29: 42 / 286
Result after 30 epoches: 42 / 286  (14%)

===== svm_traindata.txt.1a.ZDR_0.5_0.5.joined_mid_mean_max5 =====
dimension(Number of neurons for input layer) : 7
number of training examples: 1145  test examples: 287
Epoch 0: 0 / 287
Epoch 1: 0 / 287
Epoch 2: 0 / 287
Epoch 14: 54 / 287
Epoch 15: 103 / 287
Epoch 16: 56 / 287
Epoch 17: 69 / 287
Epoch 27: 68 / 287
Epoch 28: 42 / 287
Epoch 29: 42 / 287
Result after 30 epoches: 42 / 287  (14%)

===== svm_traindata.txt.1a.ZDR_1.5_1.5.joined_mid_mean_max5 =====
dimension(Number of neurons for input layer) : 7
number of training examples: 1140  test examples: 286
Epoch 0: 74 / 286
Epoch 1: 111 / 286
Epoch 2: 82 / 286
Epoch 14: 101 / 286
Epoch 15: 70 / 286
Epoch 16: 52 / 286
Epoch 17: 111 / 286
Epoch 27: 93 / 286
Epoch 28: 66 / 286
Epoch 29: 103 / 286
Result after 30 epoches: 103 / 286  (36%)

===== svm_traindata.txt.1a.ZDR_2.4_2.4.joined_mid_mean_max5 =====
dimension(Number of neurons for input layer) : 7
number of training examples: 1142  test examples: 286
Epoch 0: 0 / 286
Epoch 1: 0 / 286
Epoch 2: 0 / 286
Epoch 14: 68 / 286
Epoch 15: 49 / 286
Epoch 16: 110 / 286
Epoch 17: 108 / 286
Epoch 27: 44 / 286
Epoch 28: 92 / 286
Epoch 29: 65 / 286
Result after 30 epoches: 65 / 286  (22%)

===== svm_traindata.txt.1a.ZDR_3.4_3.4.joined_mid_mean_max5 =====
dimension(Number of neurons for input layer) : 7
number of training examples: 1142  test examples: 286
Epoch 0: 0 / 286
Epoch 1: 0 / 286
Epoch 2: 110 / 286
Epoch 14: 107 / 286
Epoch 15: 42 / 286
Epoch 16: 47 / 286
Epoch 17: 110 / 286
Epoch 27: 74 / 286
Epoch 28: 83 / 286
Epoch 29: 67 / 286
Result after 30 epoches: 67 / 286  (23%)

===== svm_traindata.txt.1a.ZDR_4.3_4.3.joined_mid_mean_max5 =====
dimension(Number of neurons for input layer) : 7
number of training examples: 1141  test examples: 286
Epoch 0: 110 / 286
Epoch 1: 110 / 286
Epoch 2: 31 / 286
Epoch 14: 33 / 286
Epoch 15: 110 / 286
Epoch 16: 19 / 286
Epoch 17: 33 / 286
Epoch 27: 110 / 286
Epoch 28: 110 / 286
Epoch 29: 111 / 286
Result after 30 epoches: 111 / 286  (38%)

===== svm_traindata.txt.1a.ZDR_6.0_6.0.joined_mid_mean_max5 =====
dimension(Number of neurons for input layer) : 7
number of training examples: 1140  test examples: 285
Epoch 0: 109 / 285
Epoch 1: 104 / 285
Epoch 2: 78 / 285
Epoch 14: 66 / 285
Epoch 15: 44 / 285
Epoch 16: 82 / 285
Epoch 17: 109 / 285
Epoch 27: 54 / 285
Epoch 28: 64 / 285
Epoch 29: 102 / 285
Result after 30 epoches: 102 / 285  (35%)

===== svm_traindata.txt.1a.Z_0.5_0.5.joined_mid_mean_max5 =====
dimension(Number of neurons for input layer) : 7
number of training examples: 2200  test examples: 550
Epoch 0: 0 / 550
Epoch 1: 0 / 550
Epoch 2: 0 / 550
Epoch 14: 134 / 550
Epoch 15: 114 / 550
Epoch 16: 116 / 550
Epoch 17: 256 / 550
Epoch 27: 69 / 550
Epoch 28: 258 / 550
Epoch 29: 72 / 550
Result after 30 epoches: 72 / 550  (13%)

===== svm_traindata.txt.1a.Z_1.5_1.5.joined_mid_mean_max5 =====
dimension(Number of neurons for input layer) : 7
number of training examples: 2196  test examples: 549
Epoch 0: 249 / 549
Epoch 1: 70 / 549
Epoch 2: 258 / 549
Epoch 14: 258 / 549
Epoch 15: 67 / 549
Epoch 16: 258 / 549
Epoch 17: 55 / 549
Epoch 27: 258 / 549
Epoch 28: 258 / 549
Epoch 29: 258 / 549
Result after 30 epoches: 258 / 549  (46%)

===== svm_traindata.txt.1a.Z_2.4_2.4.joined_mid_mean_max5 =====
dimension(Number of neurons for input layer) : 7
number of training examples: 2194  test examples: 549
Epoch 0: 0 / 549
Epoch 1: 0 / 549
Epoch 2: 0 / 549
Epoch 14: 115 / 549
Epoch 15: 123 / 549
Epoch 16: 60 / 549
Epoch 17: 60 / 549
Epoch 27: 258 / 549
Epoch 28: 258 / 549
Epoch 29: 259 / 549
Result after 30 epoches: 259 / 549  (47%)

===== svm_traindata.txt.1a.Z_3.4_3.4.joined_mid_mean_max5 =====
dimension(Number of neurons for input layer) : 7
number of training examples: 2194  test examples: 549
Epoch 0: 0 / 549
Epoch 1: 142 / 549
Epoch 2: 202 / 549
Epoch 14: 259 / 549
Epoch 15: 127 / 549
Epoch 16: 259 / 549
Epoch 17: 154 / 549
Epoch 27: 132 / 549
Epoch 28: 259 / 549
Epoch 29: 55 / 549
Result after 30 epoches: 55 / 549  (10%)

===== svm_traindata.txt.1a.Z_4.3_4.3.joined_mid_mean_max5 =====
dimension(Number of neurons for input layer) : 7
number of training examples: 2193  test examples: 549
Epoch 0: 0 / 549
Epoch 1: 58 / 549
Epoch 2: 259 / 549
Epoch 14: 89 / 549
Epoch 15: 174 / 549
Epoch 16: 258 / 549
Epoch 17: 198 / 549
Epoch 27: 258 / 549
Epoch 28: 62 / 549
Epoch 29: 143 / 549
Result after 30 epoches: 143 / 549  (26%)

===== svm_traindata.txt.1a.Z_6.0_6.0.joined_mid_mean_max5 =====
dimension(Number of neurons for input layer) : 7
number of training examples: 2189  test examples: 548
Epoch 0: 152 / 548
Epoch 1: 149 / 548
Epoch 2: 160 / 548
Epoch 14: 162 / 548
Epoch 15: 161 / 548
Epoch 16: 258 / 548
Epoch 17: 167 / 548
Epoch 27: 172 / 548
Epoch 28: 258 / 548
Epoch 29: 168 / 548
Result after 30 epoches: 168 / 548  (30%)

