===== Training file list =====
svm_traindata.txt.1a.KDP_0.5_0.5.joined_mid_mean_max5.HourlyAggr.fuzzy
svm_traindata.txt.1a.KDP_1.5_1.5.joined_mid_mean_max5.HourlyAggr.fuzzy
svm_traindata.txt.1a.KDP_2.4_2.4.joined_mid_mean_max5.HourlyAggr.fuzzy
svm_traindata.txt.1a.KDP_3.4_3.4.joined_mid_mean_max5.HourlyAggr.fuzzy
svm_traindata.txt.1a.KDP_4.3_4.3.joined_mid_mean_max5.HourlyAggr.fuzzy
svm_traindata.txt.1a.KDP_6.0_6.0.joined_mid_mean_max5.HourlyAggr.fuzzy
svm_traindata.txt.1a.ZDR_0.5_0.5.joined_mid_mean_max5.HourlyAggr.fuzzy
svm_traindata.txt.1a.ZDR_1.5_1.5.joined_mid_mean_max5.HourlyAggr.fuzzy
svm_traindata.txt.1a.ZDR_2.4_2.4.joined_mid_mean_max5.HourlyAggr.fuzzy
svm_traindata.txt.1a.ZDR_3.4_3.4.joined_mid_mean_max5.HourlyAggr.fuzzy
svm_traindata.txt.1a.ZDR_4.3_4.3.joined_mid_mean_max5.HourlyAggr.fuzzy
svm_traindata.txt.1a.ZDR_6.0_6.0.joined_mid_mean_max5.HourlyAggr.fuzzy
svm_traindata.txt.1a.Z_0.5_0.5.joined_mid_mean_max5.HourlyAggr.fuzzy
svm_traindata.txt.1a.Z_1.5_1.5.joined_mid_mean_max5.HourlyAggr.fuzzy
svm_traindata.txt.1a.Z_2.4_2.4.joined_mid_mean_max5.HourlyAggr.fuzzy
svm_traindata.txt.1a.Z_3.4_3.4.joined_mid_mean_max5.HourlyAggr.fuzzy
svm_traindata.txt.1a.Z_4.3_4.3.joined_mid_mean_max5.HourlyAggr.fuzzy
svm_traindata.txt.1a.Z_6.0_6.0.joined_mid_mean_max5.HourlyAggr.fuzzy
training_data_dir: D:\\svmdata.10minPrecipAsLabel.HourlyAggr.FuzzyLabel\svm_case2.3.1_merged_all_joined_mid_mean_max5
rainfall_min_value: 0
rainfall_max_value: 100
n_rainfall_indexes(Number of neurons for output-layer): 100
size_hidden_layer(Number of neurons for hidden-layer): 30
kernel type: Sigmoid
epoches: 20
mini_batch_size: 10
training_rate: 2.0

===== svm_traindata.txt.1a.KDP_0.5_0.5.joined_mid_mean_max5.HourlyAggr.fuzzy =====
dimension(Number of neurons for input layer) : 7
number of training examples: 143  test examples: 36
Epoch 0: 0 / 36
Epoch 1: 0 / 36
Epoch 2: 0 / 36
Epoch 9: 0 / 36
Epoch 10: 0 / 36
Epoch 11: 0 / 36
Epoch 12: 0 / 36
Epoch 17: 0 / 36
Epoch 18: 0 / 36
Epoch 19: 0 / 36
Result after 20 epoches: 0 / 36  (0%)

===== svm_traindata.txt.1a.KDP_1.5_1.5.joined_mid_mean_max5.HourlyAggr.fuzzy =====
dimension(Number of neurons for input layer) : 7
number of training examples: 143  test examples: 36
Epoch 0: 0 / 36
Epoch 1: 0 / 36
Epoch 2: 0 / 36
Epoch 9: 11 / 36
Epoch 10: 11 / 36
Epoch 11: 23 / 36
Epoch 12: 24 / 36
Epoch 17: 24 / 36
Epoch 18: 17 / 36
Epoch 19: 24 / 36
Result after 20 epoches: 24 / 36  (66%)

===== svm_traindata.txt.1a.KDP_2.4_2.4.joined_mid_mean_max5.HourlyAggr.fuzzy =====
dimension(Number of neurons for input layer) : 7
number of training examples: 143  test examples: 36
Epoch 0: 0 / 36
Epoch 1: 0 / 36
Epoch 2: 0 / 36
Epoch 9: 24 / 36
Epoch 10: 25 / 36
Epoch 11: 11 / 36
Epoch 12: 25 / 36
Epoch 17: 25 / 36
Epoch 18: 23 / 36
Epoch 19: 26 / 36
Result after 20 epoches: 26 / 36  (72%)

===== svm_traindata.txt.1a.KDP_3.4_3.4.joined_mid_mean_max5.HourlyAggr.fuzzy =====
dimension(Number of neurons for input layer) : 7
number of training examples: 143  test examples: 36
Epoch 0: 11 / 36
Epoch 1: 23 / 36
Epoch 2: 23 / 36
Epoch 9: 25 / 36
Epoch 10: 25 / 36
Epoch 11: 11 / 36
Epoch 12: 24 / 36
Epoch 17: 24 / 36
Epoch 18: 24 / 36
Epoch 19: 22 / 36
Result after 20 epoches: 22 / 36  (61%)

===== svm_traindata.txt.1a.KDP_4.3_4.3.joined_mid_mean_max5.HourlyAggr.fuzzy =====
dimension(Number of neurons for input layer) : 7
number of training examples: 143  test examples: 36
Epoch 0: 0 / 36
Epoch 1: 0 / 36
Epoch 2: 0 / 36
Epoch 9: 0 / 36
Epoch 10: 0 / 36
Epoch 11: 0 / 36
Epoch 12: 0 / 36
Epoch 17: 0 / 36
Epoch 18: 0 / 36
Epoch 19: 0 / 36
Result after 20 epoches: 0 / 36  (0%)

===== svm_traindata.txt.1a.KDP_6.0_6.0.joined_mid_mean_max5.HourlyAggr.fuzzy =====
dimension(Number of neurons for input layer) : 7
number of training examples: 143  test examples: 36
Epoch 0: 0 / 36
Epoch 1: 0 / 36
Epoch 2: 0 / 36
Epoch 9: 23 / 36
Epoch 10: 23 / 36
Epoch 11: 22 / 36
Epoch 12: 11 / 36
Epoch 17: 24 / 36
Epoch 18: 23 / 36
Epoch 19: 23 / 36
Result after 20 epoches: 23 / 36  (63%)

===== svm_traindata.txt.1a.ZDR_0.5_0.5.joined_mid_mean_max5.HourlyAggr.fuzzy =====
dimension(Number of neurons for input layer) : 7
number of training examples: 143  test examples: 36
Epoch 0: 0 / 36
Epoch 1: 0 / 36
Epoch 2: 0 / 36
Epoch 9: 0 / 36
Epoch 10: 0 / 36
Epoch 11: 0 / 36
Epoch 12: 0 / 36
Epoch 17: 0 / 36
Epoch 18: 0 / 36
Epoch 19: 0 / 36
Result after 20 epoches: 0 / 36  (0%)

===== svm_traindata.txt.1a.ZDR_1.5_1.5.joined_mid_mean_max5.HourlyAggr.fuzzy =====
dimension(Number of neurons for input layer) : 7
number of training examples: 143  test examples: 36
Epoch 0: 0 / 36
Epoch 1: 0 / 36
Epoch 2: 0 / 36
Epoch 9: 0 / 36
Epoch 10: 0 / 36
Epoch 11: 0 / 36
Epoch 12: 0 / 36
Epoch 17: 0 / 36
Epoch 18: 0 / 36
Epoch 19: 0 / 36
Result after 20 epoches: 0 / 36  (0%)

===== svm_traindata.txt.1a.ZDR_2.4_2.4.joined_mid_mean_max5.HourlyAggr.fuzzy =====
dimension(Number of neurons for input layer) : 7
number of training examples: 143  test examples: 36
Epoch 0: 0 / 36
Epoch 1: 0 / 36
Epoch 2: 25 / 36
Epoch 9: 25 / 36
Epoch 10: 24 / 36
Epoch 11: 20 / 36
Epoch 12: 24 / 36
Epoch 17: 24 / 36
Epoch 18: 24 / 36
Epoch 19: 24 / 36
Result after 20 epoches: 24 / 36  (66%)

===== svm_traindata.txt.1a.ZDR_3.4_3.4.joined_mid_mean_max5.HourlyAggr.fuzzy =====
dimension(Number of neurons for input layer) : 7
number of training examples: 143  test examples: 36
Epoch 0: 0 / 36
Epoch 1: 0 / 36
Epoch 2: 0 / 36
Epoch 9: 26 / 36
Epoch 10: 24 / 36
Epoch 11: 25 / 36
Epoch 12: 23 / 36
Epoch 17: 23 / 36
Epoch 18: 24 / 36
Epoch 19: 23 / 36
Result after 20 epoches: 23 / 36  (63%)

===== svm_traindata.txt.1a.ZDR_4.3_4.3.joined_mid_mean_max5.HourlyAggr.fuzzy =====
dimension(Number of neurons for input layer) : 7
number of training examples: 143  test examples: 36
Epoch 0: 0 / 36
Epoch 1: 0 / 36
Epoch 2: 0 / 36
Epoch 9: 0 / 36
Epoch 10: 0 / 36
Epoch 11: 0 / 36
Epoch 12: 0 / 36
Epoch 17: 0 / 36
Epoch 18: 1 / 36
Epoch 19: 24 / 36
Result after 20 epoches: 24 / 36  (66%)

===== svm_traindata.txt.1a.ZDR_6.0_6.0.joined_mid_mean_max5.HourlyAggr.fuzzy =====
dimension(Number of neurons for input layer) : 7
number of training examples: 143  test examples: 36
Epoch 0: 0 / 36
Epoch 1: 0 / 36
Epoch 2: 0 / 36
Epoch 9: 11 / 36
Epoch 10: 11 / 36
Epoch 11: 24 / 36
Epoch 12: 24 / 36
Epoch 17: 22 / 36
Epoch 18: 23 / 36
Epoch 19: 23 / 36
Result after 20 epoches: 23 / 36  (63%)

===== svm_traindata.txt.1a.Z_0.5_0.5.joined_mid_mean_max5.HourlyAggr.fuzzy =====
dimension(Number of neurons for input layer) : 7
number of training examples: 268  test examples: 68
Epoch 0: 0 / 68
Epoch 1: 0 / 68
Epoch 2: 0 / 68
Epoch 9: 39 / 68
Epoch 10: 37 / 68
Epoch 11: 41 / 68
Epoch 12: 37 / 68
Epoch 17: 37 / 68
Epoch 18: 37 / 68
Epoch 19: 37 / 68
Result after 20 epoches: 37 / 68  (54%)

===== svm_traindata.txt.1a.Z_1.5_1.5.joined_mid_mean_max5.HourlyAggr.fuzzy =====
dimension(Number of neurons for input layer) : 7
number of training examples: 268  test examples: 68
Epoch 0: 0 / 68
Epoch 1: 0 / 68
Epoch 2: 0 / 68
Epoch 9: 0 / 68
Epoch 10: 37 / 68
Epoch 11: 37 / 68
Epoch 12: 37 / 68
Epoch 17: 37 / 68
Epoch 18: 37 / 68
Epoch 19: 28 / 68
Result after 20 epoches: 28 / 68  (41%)

===== svm_traindata.txt.1a.Z_2.4_2.4.joined_mid_mean_max5.HourlyAggr.fuzzy =====
dimension(Number of neurons for input layer) : 7
number of training examples: 268  test examples: 68
Epoch 0: 0 / 68
Epoch 1: 32 / 68
Epoch 2: 37 / 68
Epoch 9: 37 / 68
Epoch 10: 37 / 68
Epoch 11: 30 / 68
Epoch 12: 37 / 68
Epoch 17: 37 / 68
Epoch 18: 42 / 68
Epoch 19: 37 / 68
Result after 20 epoches: 37 / 68  (54%)

===== svm_traindata.txt.1a.Z_3.4_3.4.joined_mid_mean_max5.HourlyAggr.fuzzy =====
dimension(Number of neurons for input layer) : 7
number of training examples: 268  test examples: 68
Epoch 0: 0 / 68
Epoch 1: 0 / 68
Epoch 2: 0 / 68
Epoch 9: 0 / 68
Epoch 10: 0 / 68
Epoch 11: 0 / 68
Epoch 12: 0 / 68
Epoch 17: 0 / 68
Epoch 18: 0 / 68
Epoch 19: 0 / 68
Result after 20 epoches: 0 / 68  (0%)

===== svm_traindata.txt.1a.Z_4.3_4.3.joined_mid_mean_max5.HourlyAggr.fuzzy =====
dimension(Number of neurons for input layer) : 7
number of training examples: 268  test examples: 68
Epoch 0: 0 / 68
Epoch 1: 0 / 68
Epoch 2: 0 / 68
Epoch 9: 37 / 68
Epoch 10: 37 / 68
Epoch 11: 30 / 68
Epoch 12: 37 / 68
Epoch 17: 37 / 68
Epoch 18: 40 / 68
Epoch 19: 37 / 68
Result after 20 epoches: 37 / 68  (54%)

===== svm_traindata.txt.1a.Z_6.0_6.0.joined_mid_mean_max5.HourlyAggr.fuzzy =====
dimension(Number of neurons for input layer) : 7
number of training examples: 268  test examples: 68
Epoch 0: 1 / 68
Epoch 1: 42 / 68
Epoch 2: 37 / 68
Epoch 9: 44 / 68
Epoch 10: 37 / 68
Epoch 11: 44 / 68
Epoch 12: 43 / 68
Epoch 17: 37 / 68
Epoch 18: 42 / 68
Epoch 19: 42 / 68
Result after 20 epoches: 42 / 68  (61%)

