===== Training file list =====
svm_traindata.txt.1a.KDP.joined_elev.HourlyAggr.fuzzy
svm_traindata.txt.1a.Z.joined_elev.HourlyAggr.fuzzy
svm_traindata.txt.1a.ZDR.joined_elev.HourlyAggr.fuzzy
training_data_dir: D:\\svmdata.10minPrecipAsLabel.HourlyAggr.FuzzyLabel\svm_case3.1_merged_all_joined_elev
rainfall_min_value: 0
rainfall_max_value: 100
n_rainfall_indexes(Number of neurons for output-layer): 100
size_hidden_layer(Number of neurons for hidden-layer): 30
kernel type: Sigmoid
epoches: 20
mini_batch_size: 10
training_rate: 2.0

===== svm_traindata.txt.1a.KDP.joined_elev.HourlyAggr.fuzzy =====
dimension(Number of neurons for input layer) : 150
number of training examples: 143  test examples: 36
Epoch 0: 0 / 36
Epoch 1: 23 / 36
Epoch 2: 23 / 36
Epoch 9: 24 / 36
Epoch 10: 26 / 36
Epoch 11: 25 / 36
Epoch 12: 25 / 36
Epoch 17: 15 / 36
Epoch 18: 24 / 36
Epoch 19: 26 / 36
Result after 20 epoches: 26 / 36  (72%)

===== svm_traindata.txt.1a.Z.joined_elev.HourlyAggr.fuzzy =====
dimension(Number of neurons for input layer) : 150
number of training examples: 268  test examples: 68
Epoch 0: 26 / 68
Epoch 1: 37 / 68
Epoch 2: 37 / 68
Epoch 9: 37 / 68
Epoch 10: 41 / 68
Epoch 11: 37 / 68
Epoch 12: 41 / 68
Epoch 17: 40 / 68
Epoch 18: 36 / 68
Epoch 19: 38 / 68
Result after 20 epoches: 38 / 68  (55%)

===== svm_traindata.txt.1a.ZDR.joined_elev.HourlyAggr.fuzzy =====
dimension(Number of neurons for input layer) : 150
number of training examples: 143  test examples: 36
Epoch 0: 0 / 36
Epoch 1: 1 / 36
Epoch 2: 17 / 36
Epoch 9: 23 / 36
Epoch 10: 23 / 36
Epoch 11: 23 / 36
Epoch 12: 23 / 36
Epoch 17: 21 / 36
Epoch 18: 23 / 36
Epoch 19: 23 / 36
Result after 20 epoches: 23 / 36  (63%)

