===== Training file list =====
svm_traindata.txt.1a.0.5_0.5.joined_Z_KDP.HourlyAggr.fuzzy
svm_traindata.txt.1a.0.5_0.5.joined_Z_ZDR.HourlyAggr.fuzzy
svm_traindata.txt.1a.0.5_0.5.joined_Z_ZDR_KDP.HourlyAggr.fuzzy
svm_traindata.txt.1a.1.5_1.5.joined_Z_KDP.HourlyAggr.fuzzy
svm_traindata.txt.1a.1.5_1.5.joined_Z_ZDR.HourlyAggr.fuzzy
svm_traindata.txt.1a.1.5_1.5.joined_Z_ZDR_KDP.HourlyAggr.fuzzy
svm_traindata.txt.1a.2.4_2.4.joined_Z_KDP.HourlyAggr.fuzzy
svm_traindata.txt.1a.2.4_2.4.joined_Z_ZDR.HourlyAggr.fuzzy
svm_traindata.txt.1a.2.4_2.4.joined_Z_ZDR_KDP.HourlyAggr.fuzzy
svm_traindata.txt.1a.3.4_3.4.joined_Z_KDP.HourlyAggr.fuzzy
svm_traindata.txt.1a.3.4_3.4.joined_Z_ZDR.HourlyAggr.fuzzy
svm_traindata.txt.1a.3.4_3.4.joined_Z_ZDR_KDP.HourlyAggr.fuzzy
svm_traindata.txt.1a.4.3_4.3.joined_Z_KDP.HourlyAggr.fuzzy
svm_traindata.txt.1a.4.3_4.3.joined_Z_ZDR.HourlyAggr.fuzzy
svm_traindata.txt.1a.4.3_4.3.joined_Z_ZDR_KDP.HourlyAggr.fuzzy
svm_traindata.txt.1a.6.0_6.0.joined_Z_KDP.HourlyAggr.fuzzy
svm_traindata.txt.1a.6.0_6.0.joined_Z_ZDR.HourlyAggr.fuzzy
svm_traindata.txt.1a.6.0_6.0.joined_Z_ZDR_KDP.HourlyAggr.fuzzy
training_data_dir: D:\\svmdata.10minPrecipAsLabel.HourlyAggr.FuzzyLabel\svm_case3.2_merged_all_joined_prod
rainfall_min_value: 0
rainfall_max_value: 100
n_rainfall_indexes(Number of neurons for output-layer): 100
size_hidden_layer(Number of neurons for hidden-layer): 30
kernel type: Sigmoid
epoches: 20
mini_batch_size: 10
training_rate: 2.0

===== svm_traindata.txt.1a.0.5_0.5.joined_Z_KDP.HourlyAggr.fuzzy =====
dimension(Number of neurons for input layer) : 50
number of training examples: 143  test examples: 36
Epoch 0: 23 / 36
Epoch 1: 23 / 36
Epoch 2: 23 / 36
Epoch 9: 23 / 36
Epoch 10: 23 / 36
Epoch 11: 23 / 36
Epoch 12: 23 / 36
Epoch 17: 23 / 36
Epoch 18: 23 / 36
Epoch 19: 23 / 36
Result after 20 epoches: 23 / 36  (63%)

===== svm_traindata.txt.1a.0.5_0.5.joined_Z_ZDR.HourlyAggr.fuzzy =====
dimension(Number of neurons for input layer) : 50
number of training examples: 143  test examples: 36
Epoch 0: 1 / 36
Epoch 1: 1 / 36
Epoch 2: 22 / 36
Epoch 9: 23 / 36
Epoch 10: 22 / 36
Epoch 11: 23 / 36
Epoch 12: 20 / 36
Epoch 17: 21 / 36
Epoch 18: 19 / 36
Epoch 19: 23 / 36
Result after 20 epoches: 23 / 36  (63%)

===== svm_traindata.txt.1a.0.5_0.5.joined_Z_ZDR_KDP.HourlyAggr.fuzzy =====
dimension(Number of neurons for input layer) : 75
number of training examples: 143  test examples: 36
Epoch 0: 0 / 36
Epoch 1: 0 / 36
Epoch 2: 0 / 36
Epoch 9: 23 / 36
Epoch 10: 23 / 36
Epoch 11: 23 / 36
Epoch 12: 21 / 36
Epoch 17: 22 / 36
Epoch 18: 17 / 36
Epoch 19: 23 / 36
Result after 20 epoches: 23 / 36  (63%)

===== svm_traindata.txt.1a.1.5_1.5.joined_Z_KDP.HourlyAggr.fuzzy =====
dimension(Number of neurons for input layer) : 50
number of training examples: 143  test examples: 36
Epoch 0: 0 / 36
Epoch 1: 0 / 36
Epoch 2: 0 / 36
Epoch 9: 25 / 36
Epoch 10: 21 / 36
Epoch 11: 24 / 36
Epoch 12: 23 / 36
Epoch 17: 23 / 36
Epoch 18: 21 / 36
Epoch 19: 23 / 36
Result after 20 epoches: 23 / 36  (63%)

===== svm_traindata.txt.1a.1.5_1.5.joined_Z_ZDR.HourlyAggr.fuzzy =====
dimension(Number of neurons for input layer) : 50
number of training examples: 143  test examples: 36
Epoch 0: 0 / 36
Epoch 1: 0 / 36
Epoch 2: 4 / 36
Epoch 9: 22 / 36
Epoch 10: 21 / 36
Epoch 11: 23 / 36
Epoch 12: 23 / 36
Epoch 17: 18 / 36
Epoch 18: 21 / 36
Epoch 19: 23 / 36
Result after 20 epoches: 23 / 36  (63%)

===== svm_traindata.txt.1a.1.5_1.5.joined_Z_ZDR_KDP.HourlyAggr.fuzzy =====
dimension(Number of neurons for input layer) : 75
number of training examples: 143  test examples: 36
Epoch 0: 19 / 36
Epoch 1: 23 / 36
Epoch 2: 23 / 36
Epoch 9: 20 / 36
Epoch 10: 18 / 36
Epoch 11: 20 / 36
Epoch 12: 23 / 36
Epoch 17: 23 / 36
Epoch 18: 19 / 36
Epoch 19: 22 / 36
Result after 20 epoches: 22 / 36  (61%)

===== svm_traindata.txt.1a.2.4_2.4.joined_Z_KDP.HourlyAggr.fuzzy =====
dimension(Number of neurons for input layer) : 50
number of training examples: 143  test examples: 36
Epoch 0: 0 / 36
Epoch 1: 1 / 36
Epoch 2: 1 / 36
Epoch 9: 17 / 36
Epoch 10: 20 / 36
Epoch 11: 20 / 36
Epoch 12: 23 / 36
Epoch 17: 25 / 36
Epoch 18: 24 / 36
Epoch 19: 23 / 36
Result after 20 epoches: 23 / 36  (63%)

===== svm_traindata.txt.1a.2.4_2.4.joined_Z_ZDR.HourlyAggr.fuzzy =====
dimension(Number of neurons for input layer) : 50
number of training examples: 143  test examples: 36
Epoch 0: 0 / 36
Epoch 1: 0 / 36
Epoch 2: 0 / 36
Epoch 9: 22 / 36
Epoch 10: 23 / 36
Epoch 11: 23 / 36
Epoch 12: 21 / 36
Epoch 17: 23 / 36
Epoch 18: 19 / 36
Epoch 19: 23 / 36
Result after 20 epoches: 23 / 36  (63%)

===== svm_traindata.txt.1a.2.4_2.4.joined_Z_ZDR_KDP.HourlyAggr.fuzzy =====
dimension(Number of neurons for input layer) : 75
number of training examples: 143  test examples: 36
Epoch 0: 0 / 36
Epoch 1: 1 / 36
Epoch 2: 4 / 36
Epoch 9: 22 / 36
Epoch 10: 23 / 36
Epoch 11: 22 / 36
Epoch 12: 23 / 36
Epoch 17: 22 / 36
Epoch 18: 23 / 36
Epoch 19: 23 / 36
Result after 20 epoches: 23 / 36  (63%)

===== svm_traindata.txt.1a.3.4_3.4.joined_Z_KDP.HourlyAggr.fuzzy =====
dimension(Number of neurons for input layer) : 50
number of training examples: 143  test examples: 36
Epoch 0: 11 / 36
Epoch 1: 21 / 36
Epoch 2: 22 / 36
Epoch 9: 23 / 36
Epoch 10: 23 / 36
Epoch 11: 22 / 36
Epoch 12: 23 / 36
Epoch 17: 23 / 36
Epoch 18: 23 / 36
Epoch 19: 22 / 36
Result after 20 epoches: 22 / 36  (61%)

===== svm_traindata.txt.1a.3.4_3.4.joined_Z_ZDR.HourlyAggr.fuzzy =====
dimension(Number of neurons for input layer) : 50
number of training examples: 143  test examples: 36
Epoch 0: 0 / 36
Epoch 1: 3 / 36
Epoch 2: 11 / 36
Epoch 9: 23 / 36
Epoch 10: 23 / 36
Epoch 11: 23 / 36
Epoch 12: 23 / 36
Epoch 17: 24 / 36
Epoch 18: 22 / 36
Epoch 19: 23 / 36
Result after 20 epoches: 23 / 36  (63%)

===== svm_traindata.txt.1a.3.4_3.4.joined_Z_ZDR_KDP.HourlyAggr.fuzzy =====
dimension(Number of neurons for input layer) : 75
number of training examples: 143  test examples: 36
Epoch 0: 0 / 36
Epoch 1: 0 / 36
Epoch 2: 0 / 36
Epoch 9: 22 / 36
Epoch 10: 22 / 36
Epoch 11: 22 / 36
Epoch 12: 22 / 36
Epoch 17: 21 / 36
Epoch 18: 22 / 36
Epoch 19: 22 / 36
Result after 20 epoches: 22 / 36  (61%)

===== svm_traindata.txt.1a.4.3_4.3.joined_Z_KDP.HourlyAggr.fuzzy =====
dimension(Number of neurons for input layer) : 50
number of training examples: 143  test examples: 36
Epoch 0: 4 / 36
Epoch 1: 6 / 36
Epoch 2: 23 / 36
Epoch 9: 23 / 36
Epoch 10: 23 / 36
Epoch 11: 23 / 36
Epoch 12: 23 / 36
Epoch 17: 23 / 36
Epoch 18: 23 / 36
Epoch 19: 23 / 36
Result after 20 epoches: 23 / 36  (63%)

===== svm_traindata.txt.1a.4.3_4.3.joined_Z_ZDR.HourlyAggr.fuzzy =====
dimension(Number of neurons for input layer) : 50
number of training examples: 143  test examples: 36
Epoch 0: 18 / 36
Epoch 1: 23 / 36
Epoch 2: 23 / 36
Epoch 9: 23 / 36
Epoch 10: 23 / 36
Epoch 11: 23 / 36
Epoch 12: 23 / 36
Epoch 17: 23 / 36
Epoch 18: 23 / 36
Epoch 19: 23 / 36
Result after 20 epoches: 23 / 36  (63%)

===== svm_traindata.txt.1a.4.3_4.3.joined_Z_ZDR_KDP.HourlyAggr.fuzzy =====
dimension(Number of neurons for input layer) : 75
number of training examples: 143  test examples: 36
Epoch 0: 3 / 36
Epoch 1: 11 / 36
Epoch 2: 23 / 36
Epoch 9: 23 / 36
Epoch 10: 23 / 36
Epoch 11: 24 / 36
Epoch 12: 23 / 36
Epoch 17: 23 / 36
Epoch 18: 23 / 36
Epoch 19: 23 / 36
Result after 20 epoches: 23 / 36  (63%)

===== svm_traindata.txt.1a.6.0_6.0.joined_Z_KDP.HourlyAggr.fuzzy =====
dimension(Number of neurons for input layer) : 50
number of training examples: 143  test examples: 36
Epoch 0: 0 / 36
Epoch 1: 0 / 36
Epoch 2: 1 / 36
Epoch 9: 22 / 36
Epoch 10: 20 / 36
Epoch 11: 22 / 36
Epoch 12: 20 / 36
Epoch 17: 20 / 36
Epoch 18: 24 / 36
Epoch 19: 21 / 36
Result after 20 epoches: 21 / 36  (58%)

===== svm_traindata.txt.1a.6.0_6.0.joined_Z_ZDR.HourlyAggr.fuzzy =====
dimension(Number of neurons for input layer) : 50
number of training examples: 143  test examples: 36
Epoch 0: 0 / 36
Epoch 1: 3 / 36
Epoch 2: 23 / 36
Epoch 9: 22 / 36
Epoch 10: 21 / 36
Epoch 11: 23 / 36
Epoch 12: 23 / 36
Epoch 17: 23 / 36
Epoch 18: 23 / 36
Epoch 19: 23 / 36
Result after 20 epoches: 23 / 36  (63%)

===== svm_traindata.txt.1a.6.0_6.0.joined_Z_ZDR_KDP.HourlyAggr.fuzzy =====
dimension(Number of neurons for input layer) : 75
number of training examples: 143  test examples: 36
Epoch 0: 1 / 36
Epoch 1: 3 / 36
Epoch 2: 4 / 36
Epoch 9: 0 / 36
Epoch 10: 0 / 36
Epoch 11: 0 / 36
Epoch 12: 0 / 36
Epoch 17: 0 / 36
Epoch 18: 0 / 36
Epoch 19: 2 / 36
Result after 20 epoches: 2 / 36  (5%)

